#
# There is insufficient memory for the Java Runtime Environment to continue.
# Native memory allocation (mmap) failed to map 264241152 bytes for G1 virtual space
# Possible reasons:
#   The system is out of physical RAM or swap space
#   The process is running with CompressedOops enabled, and the Java Heap may be blocking the growth of the native heap
# Possible solutions:
#   Reduce memory load on the system
#   Increase physical memory or swap space
#   Check if swap backing store is full
#   Decrease Java heap size (-Xmx/-Xms)
#   Decrease number of Java threads
#   Decrease Java thread stack sizes (-Xss)
#   Set larger code cache with -XX:ReservedCodeCacheSize=
#   JVM is running with Zero Based Compressed Oops mode in which the Java heap is
#     placed in the first 32GB address space. The Java Heap base address is the
#     maximum limit for the native heap growth. Please use -XX:HeapBaseMinAddress
#     to set the Java Heap base and to place the Java Heap above 32GB virtual address.
# This output file may be truncated or incomplete.
#
#  Out of Memory Error (os_windows.cpp:3769), pid=8172, tid=4748
#
# JRE version:  (17.0.6) (build )
# Java VM: OpenJDK 64-Bit Server VM (17.0.6+0-b2043.56-9586694, mixed mode, sharing, tiered, compressed oops, compressed class ptrs, g1 gc, windows-amd64)
# No core dump will be written. Minidumps are not enabled by default on client versions of Windows
#

---------------  S U M M A R Y ------------

Command Line: 

Host: Intel(R) Core(TM) i5-6300U CPU @ 2.40GHz, 4 cores, 15G,  Windows 10 , 64 bit Build 19041 (10.0.19041.3155)
Time: Fri Jul 21 17:17:28 2023 Egypt Daylight Time elapsed time: 0.024905 seconds (0d 0h 0m 0s)

---------------  T H R E A D  ---------------

Current thread (0x0000025d403b4d80):  JavaThread "Unknown thread" [_thread_in_vm, id=4748, stack(0x000000a73bb00000,0x000000a73bc00000)]

Stack: [0x000000a73bb00000,0x000000a73bc00000]
Native frames: (J=compiled Java code, j=interpreted, Vv=VM code, C=native code)
V  [jvm.dll+0x683b4a]
V  [jvm.dll+0x842654]
V  [jvm.dll+0x843dfe]
V  [jvm.dll+0x844463]
V  [jvm.dll+0x249b75]
V  [jvm.dll+0x680a19]
V  [jvm.dll+0x674f0a]
V  [jvm.dll+0x309acb]
V  [jvm.dll+0x310f86]
V  [jvm.dll+0x3608ee]
V  [jvm.dll+0x360b1f]
V  [jvm.dll+0x2dfbf8]
V  [jvm.dll+0x2e0b64]
V  [jvm.dll+0x813f41]
V  [jvm.dll+0x36e6a1]
V  [jvm.dll+0x7f347c]
V  [jvm.dll+0x3f0e8f]
V  [jvm.dll+0x3f29d1]
C  [jli.dll+0x526b]
C  [ucrtbase.dll+0x21bb2]
C  [KERNEL32.DLL+0x17614]
C  [ntdll.dll+0x526b1]


---------------  P R O C E S S  ---------------

Threads class SMR info:
_java_thread_list=0x00007ff8b194c058, length=0, elements={
}

Java Threads: ( => current thread )

Other Threads:
  0x0000025d404233e0 GCTaskThread "GC Thread#0" [stack: 0x000000a73bd00000,0x000000a73be00000] [id=16632]
  0x0000025d40433e30 ConcurrentGCThread "G1 Main Marker" [stack: 0x000000a73be00000,0x000000a73bf00000] [id=9704]
  0x0000025d40434fe0 ConcurrentGCThread "G1 Conc#0" [stack: 0x000000a73bf00000,0x000000a73c000000] [id=13904]

[error occurred during error reporting (printing all threads), id 0xc0000005, EXCEPTION_ACCESS_VIOLATION (0xc0000005) at pc=0x00007ff8b1100797]

VM state: not at safepoint (not fully initialized)

VM Mutex/Monitor currently owned by a thread:  ([mutex/lock_event])
[0x0000025d403b0200] Heap_lock - owner thread: 0x0000025d403b4d80

Heap address: 0x0000000704e00000, size: 4018 MB, Compressed Oops mode: Zero based, Oop shift amount: 3

CDS archive(s) mapped at: [0x0000000000000000-0x0000000000000000-0x0000000000000000), size 0, SharedBaseAddress: 0x0000000800000000, ArchiveRelocationMode: 0.
Narrow klass base: 0x0000000000000000, Narrow klass shift: 0, Narrow klass range: 0x0

GC Precious Log:
<Empty>

Heap:
 garbage-first heap   total 0K, used 0K [0x0000000704e00000, 0x0000000800000000)
  region size 2048K, 0 young (0K), 0 survivors (0K)

[error occurred during error reporting (printing heap information), id 0xc0000005, EXCEPTION_ACCESS_VIOLATION (0xc0000005) at pc=0x00007ff8b14ed939]

GC Heap History (0 events):
No events

Dll operation events (1 events):
Event: 0.018 Loaded shared library C:\Program Files\Android\Android Studio\jbr\bin\java.dll

Deoptimization events (0 events):
No events

Classes unloaded (0 events):
No events

Classes redefined (0 events):
No events

Internal exceptions (0 events):
No events

VM Operations (0 events):
No events

Events (0 events):
No events


Dynamic libraries:
0x00007ff6cc0d0000 - 0x00007ff6cc0da000 	C:\Program Files\Android\Android Studio\jbr\bin\java.EXE
0x00007ff909bf0000 - 0x00007ff909de8000 	C:\Windows\SYSTEM32\ntdll.dll
0x00007ff909a80000 - 0x00007ff909b3f000 	C:\Windows\System32\KERNEL32.DLL
0x00007ff9078e0000 - 0x00007ff907bd6000 	C:\Windows\System32\KERNELBASE.dll
0x00007ff9077b0000 - 0x00007ff9078b0000 	C:\Windows\System32\ucrtbase.dll
0x00007ff901850000 - 0x00007ff901867000 	C:\Program Files\Android\Android Studio\jbr\bin\jli.dll
0x00007ff9092c0000 - 0x00007ff90945d000 	C:\Windows\System32\USER32.dll
0x00007ff9072d0000 - 0x00007ff9072f2000 	C:\Windows\System32\win32u.dll
0x00007ff9080c0000 - 0x00007ff9080ec000 	C:\Windows\System32\GDI32.dll
0x00007ff907440000 - 0x00007ff907555000 	C:\Windows\System32\gdi32full.dll
0x00007ff907560000 - 0x00007ff9075fd000 	C:\Windows\System32\msvcp_win.dll
0x00007ff901800000 - 0x00007ff90181b000 	C:\Program Files\Android\Android Studio\jbr\bin\VCRUNTIME140.dll
0x00007ff8ebdb0000 - 0x00007ff8ec04a000 	C:\Windows\WinSxS\amd64_microsoft.windows.common-controls_6595b64144ccf1df_6.0.19041.1110_none_60b5254171f9507e\COMCTL32.dll
0x00007ff907dc0000 - 0x00007ff907e5e000 	C:\Windows\System32\msvcrt.dll
0x00007ff909560000 - 0x00007ff909590000 	C:\Windows\System32\IMM32.DLL
0x00007ff9043c0000 - 0x00007ff9043cc000 	C:\Program Files\Android\Android Studio\jbr\bin\vcruntime140_1.dll
0x00007ff8e4690000 - 0x00007ff8e471d000 	C:\Program Files\Android\Android Studio\jbr\bin\msvcp140.dll
0x00007ff8b0e10000 - 0x00007ff8b1a7d000 	C:\Program Files\Android\Android Studio\jbr\bin\server\jvm.dll
0x00007ff907e60000 - 0x00007ff907f0f000 	C:\Windows\System32\ADVAPI32.dll
0x00007ff909460000 - 0x00007ff9094fc000 	C:\Windows\System32\sechost.dll
0x00007ff9095f0000 - 0x00007ff909716000 	C:\Windows\System32\RPCRT4.dll
0x00007ff8ec6e0000 - 0x00007ff8ec6e9000 	C:\Windows\SYSTEM32\WSOCK32.dll
0x00007ff909b40000 - 0x00007ff909bab000 	C:\Windows\System32\WS2_32.dll
0x00007ff8f6650000 - 0x00007ff8f6677000 	C:\Windows\SYSTEM32\WINMM.dll
0x00007ff8fb080000 - 0x00007ff8fb08a000 	C:\Windows\SYSTEM32\VERSION.dll
0x00007ff9051d0000 - 0x00007ff9051e2000 	C:\Windows\SYSTEM32\kernel.appcore.dll
0x00007ff9001b0000 - 0x00007ff9001ba000 	C:\Program Files\Android\Android Studio\jbr\bin\jimage.dll
0x00007ff904a60000 - 0x00007ff904c44000 	C:\Windows\SYSTEM32\DBGHELP.DLL
0x00007ff8f4030000 - 0x00007ff8f4064000 	C:\Windows\SYSTEM32\dbgcore.DLL
0x00007ff907300000 - 0x00007ff907382000 	C:\Windows\System32\bcryptPrimitives.dll
0x00007ff8f3b40000 - 0x00007ff8f3b65000 	C:\Program Files\Android\Android Studio\jbr\bin\java.dll

dbghelp: loaded successfully - version: 4.0.5 - missing functions: none
symbol engine: initialized successfully - sym options: 0x614 - pdb path: .;C:\Program Files\Android\Android Studio\jbr\bin;C:\Windows\SYSTEM32;C:\Windows\WinSxS\amd64_microsoft.windows.common-controls_6595b64144ccf1df_6.0.19041.1110_none_60b5254171f9507e;C:\Program Files\Android\Android Studio\jbr\bin\server

VM Arguments:
java_command: <unknown>
java_class_path (initial): <not set>
Launcher Type: SUN_STANDARD

[Global flags]
     intx CICompilerCount                          = 3                                         {product} {ergonomic}
     uint ConcGCThreads                            = 1                                         {product} {ergonomic}
     uint G1ConcRefinementThreads                  = 4                                         {product} {ergonomic}
   size_t G1HeapRegionSize                         = 2097152                                   {product} {ergonomic}
    uintx GCDrainStackTargetSize                   = 64                                        {product} {ergonomic}
   size_t InitialHeapSize                          = 264241152                                 {product} {ergonomic}
   size_t MarkStackSize                            = 4194304                                   {product} {ergonomic}
   size_t MaxHeapSize                              = 4213178368                                {product} {ergonomic}
   size_t MinHeapDeltaBytes                        = 2097152                                   {product} {ergonomic}
   size_t MinHeapSize                              = 8388608                                   {product} {ergonomic}
    uintx NonNMethodCodeHeapSize                   = 5832780                                {pd product} {ergonomic}
    uintx NonProfiledCodeHeapSize                  = 122912730                              {pd product} {ergonomic}
    uintx ProfiledCodeHeapSize                     = 122912730                              {pd product} {ergonomic}
    uintx ReservedCodeCacheSize                    = 251658240                              {pd product} {ergonomic}
     bool SegmentedCodeCache                       = true                                      {product} {ergonomic}
   size_t SoftMaxHeapSize                          = 4213178368                             {manageable} {ergonomic}
     bool UseCompressedClassPointers               = true                           {product lp64_product} {ergonomic}
     bool UseCompressedOops                        = true                           {product lp64_product} {ergonomic}
     bool UseG1GC                                  = true                                      {product} {ergonomic}
     bool UseLargePagesIndividualAllocation        = false                                  {pd product} {ergonomic}

Logging:
Log output configuration:
 #0: stdout all=warning uptime,level,tags
 #1: stderr all=off uptime,level,tags

Environment Variables:
JAVA_HOME=C:\Program Files\Java\jdk-19
PATH=C:\Program Files\Common Files\Oracle\Java\javapath;C:\Program Files (x86)\Common Files\Oracle\Java\javapath;C:\Program Files (x86)\NVIDIA Corporation\PhysX\Common;C:\Windows\system32;C:\Windows;C:\Windows\System32\Wbem;C:\Windows\System32\WindowsPowerShell\v1.0\;C:\Windows\System32\OpenSSH\;C:\Program Files\dotnet\;C:\Program Files\Git\cmd;C:\Program Files\Java\jdk-19\bin;C:\gradle-8.2\bin;C:\Users\Youssef\AppData\Local\Microsoft\WindowsApps;D:\programing\flutter\bin;D:\programing\dart\bin;C:\Users\Youssef\AppData\Local\GitHubDesktop\bin;C:\Program Files\Java\jdk-19\bin;C:\gradle-8.2\bin;C:\Users\Youssef\AppData\Local\Programs\Microsoft VS Code\bin;;D:\programing\flutter\bin\mingit\cmd
USERNAME=Youssef
OS=Windows_NT
PROCESSOR_IDENTIFIER=Intel64 Family 6 Model 78 Stepping 3, GenuineIntel
TMP=C:\Users\Youssef\AppData\Local\Temp
TEMP=C:\Users\Youssef\AppData\Local\Temp



---------------  S Y S T E M  ---------------

OS:
 Windows 10 , 64 bit Build 19041 (10.0.19041.3155)
OS uptime: 3 days 1:55 hours

CPU: total 4 (initial active 4) (2 cores per cpu, 2 threads per core) family 6 model 78 stepping 3 microcode 0xcc, cx8, cmov, fxsr, ht, mmx, 3dnowpref, sse, sse2, sse3, ssse3, sse4.1, sse4.2, popcnt, lzcnt, tsc, tscinvbit, avx, avx2, aes, erms, clmul, bmi1, bmi2, rtm, adx, fma, vzeroupper, clflush, clflushopt

Memory: 4k page, system-wide physical 16065M (766M free)
TotalPageFile size 18113M (AvailPageFile size 186M)
current process WorkingSet (physical memory assigned to process): 10M, peak: 10M
current process commit charge ("private bytes"): 51M, peak: 303M

vm_info: OpenJDK 64-Bit Server VM (17.0.6+0-b2043.56-9586694) for windows-amd64 JRE (17.0.6+0-b2043.56-9586694), built on Feb  9 2023 20:06:20 by "androidbuild" with MS VC++ 16.10 / 16.11 (VS2019)

END.
