#
# There is insufficient memory for the Java Runtime Environment to continue.
# Native memory allocation (malloc) failed to allocate 1271456 bytes for Chunk::new
# Possible reasons:
#   The system is out of physical RAM or swap space
#   The process is running with CompressedOops enabled, and the Java Heap may be blocking the growth of the native heap
# Possible solutions:
#   Reduce memory load on the system
#   Increase physical memory or swap space
#   Check if swap backing store is full
#   Decrease Java heap size (-Xmx/-Xms)
#   Decrease number of Java threads
#   Decrease Java thread stack sizes (-Xss)
#   Set larger code cache with -XX:ReservedCodeCacheSize=
#   JVM is running with Unscaled Compressed Oops mode in which the Java heap is
#     placed in the first 4GB address space. The Java Heap base address is the
#     maximum limit for the native heap growth. Please use -XX:HeapBaseMinAddress
#     to set the Java Heap base and to place the Java Heap above 4GB virtual address.
# This output file may be truncated or incomplete.
#
#  Out of Memory Error (arena.cpp:189), pid=13972, tid=11144
#
# JRE version: OpenJDK Runtime Environment (17.0.6) (build 17.0.6+0-b2043.56-9586694)
# Java VM: OpenJDK 64-Bit Server VM (17.0.6+0-b2043.56-9586694, mixed mode, tiered, compressed oops, compressed class ptrs, g1 gc, windows-amd64)
# No core dump will be written. Minidumps are not enabled by default on client versions of Windows
#

---------------  S U M M A R Y ------------

Command Line: --add-opens=java.base/java.util=ALL-UNNAMED --add-opens=java.base/java.lang=ALL-UNNAMED --add-opens=java.base/java.lang.invoke=ALL-UNNAMED --add-opens=java.base/java.util=ALL-UNNAMED --add-opens=java.prefs/java.util.prefs=ALL-UNNAMED --add-opens=java.prefs/java.util.prefs=ALL-UNNAMED --add-opens=java.base/java.nio.charset=ALL-UNNAMED --add-opens=java.base/java.net=ALL-UNNAMED --add-opens=java.base/java.util.concurrent.atomic=ALL-UNNAMED -Xmx1536M -Dfile.encoding=windows-1252 -Duser.country=US -Duser.language=en -Duser.variant org.gradle.launcher.daemon.bootstrap.GradleDaemon 7.5

Host: Intel(R) Core(TM) i5-6300U CPU @ 2.40GHz, 4 cores, 15G,  Windows 10 , 64 bit Build 19041 (10.0.19041.3155)
Time: Tue Aug  1 00:48:47 2023 Egypt Daylight Time elapsed time: 92.842513 seconds (0d 0h 1m 32s)

---------------  T H R E A D  ---------------

Current thread (0x00000201ce85bfa0):  JavaThread "C2 CompilerThread0" daemon [_thread_in_native, id=11144, stack(0x000000cb24200000,0x000000cb24300000)]


Current CompileTask:
C2:  92842 16788       4       org.gradle.api.internal.artifacts.ivyservice.resolveengine.artifact.ResolvedArtifactsGraphVisitor::getArtifacts (197 bytes)

Stack: [0x000000cb24200000,0x000000cb24300000]
Native frames: (J=compiled Java code, j=interpreted, Vv=VM code, C=native code)
V  [jvm.dll+0x683b4a]
V  [jvm.dll+0x842654]
V  [jvm.dll+0x843dfe]
V  [jvm.dll+0x844463]
V  [jvm.dll+0x249b75]
V  [jvm.dll+0xabcac]
V  [jvm.dll+0xac27c]
V  [jvm.dll+0x2b0eef]
V  [jvm.dll+0x58a207]
V  [jvm.dll+0x2243b2]
V  [jvm.dll+0x22478f]
V  [jvm.dll+0x21e055]
V  [jvm.dll+0x21b51b]
V  [jvm.dll+0x1a4fdd]
V  [jvm.dll+0x22b098]
V  [jvm.dll+0x229159]
V  [jvm.dll+0x7f809c]
V  [jvm.dll+0x7f25fa]
V  [jvm.dll+0x682985]
C  [ucrtbase.dll+0x21bb2]
C  [KERNEL32.DLL+0x17614]
C  [ntdll.dll+0x526b1]


---------------  P R O C E S S  ---------------

Threads class SMR info:
_java_thread_list=0x00000201d779e8f0, length=87, elements={
0x00000201b5c1bd20, 0x00000201ce822460, 0x00000201ce8231e0, 0x00000201cdf1b670,
0x00000201cdf1e140, 0x00000201cdf1ea00, 0x00000201ce85b3b0, 0x00000201ce85bfa0,
0x00000201ce86f0c0, 0x00000201ce8ce7f0, 0x00000201ce9e5790, 0x00000201ce9e6070,
0x00000201d1083570, 0x00000201d10830a0, 0x00000201d1083a40, 0x00000201d1082bd0,
0x00000201d10843e0, 0x00000201d1082700, 0x00000201d10848b0, 0x00000201d1084d80,
0x00000201d1a36140, 0x00000201d1a3b310, 0x00000201d1a37950, 0x00000201d1a37480,
0x00000201d1a36610, 0x00000201d1a39b00, 0x00000201d1a382f0, 0x00000201d1a387c0,
0x00000201ce959af0, 0x00000201ce956ad0, 0x00000201daac5ce0, 0x00000201daac8360,
0x00000201daac7e90, 0x00000201daac4e70, 0x00000201daac6680, 0x00000201daac3660,
0x00000201daac3b30, 0x00000201daac6b50, 0x00000201daac74f0, 0x00000201daac1980,
0x00000201daac5810, 0x00000201daac49a0, 0x00000201daac1e50, 0x00000201daac79c0,
0x00000201daac4000, 0x00000201daac2320, 0x00000201daac27f0, 0x00000201daac2cc0,
0x00000201d1a33f90, 0x00000201d1a34460, 0x00000201d1a36ae0, 0x00000201d1a357a0,
0x00000201d1a37e20, 0x00000201d1a35c70, 0x00000201d1a34930, 0x00000201d1a38c90,
0x00000201d1a39160, 0x00000201d1a39fd0, 0x00000201d1a34e00, 0x00000201ce955790,
0x00000201ce9522a0, 0x00000201ce954df0, 0x00000201ce952770, 0x00000201ce953f80,
0x00000201ce954450, 0x00000201ce952c40, 0x00000201ce953110, 0x00000201ce955c60,
0x00000201ce956130, 0x00000201d1083f10, 0x00000201d10860c0, 0x00000201d1085250,
0x00000201d1085720, 0x00000201d1085bf0, 0x00000201d03bec10, 0x00000201d03bd400,
0x00000201d03be270, 0x00000201d03b90a0, 0x00000201d03c08f0, 0x00000201d03b9570,
0x00000201d03ba8b0, 0x00000201d03b9f10, 0x00000201d03bfa80, 0x00000201d03bcf30,
0x00000201d03ba3e0, 0x00000201d03bca60, 0x00000201d34306a0
}

Java Threads: ( => current thread )
  0x00000201b5c1bd20 JavaThread "main" [_thread_blocked, id=276, stack(0x000000cb23400000,0x000000cb23500000)]
  0x00000201ce822460 JavaThread "Reference Handler" daemon [_thread_blocked, id=16112, stack(0x000000cb23c00000,0x000000cb23d00000)]
  0x00000201ce8231e0 JavaThread "Finalizer" daemon [_thread_blocked, id=11512, stack(0x000000cb23d00000,0x000000cb23e00000)]
  0x00000201cdf1b670 JavaThread "Signal Dispatcher" daemon [_thread_blocked, id=3728, stack(0x000000cb23e00000,0x000000cb23f00000)]
  0x00000201cdf1e140 JavaThread "Attach Listener" daemon [_thread_blocked, id=14188, stack(0x000000cb23f00000,0x000000cb24000000)]
  0x00000201cdf1ea00 JavaThread "Service Thread" daemon [_thread_blocked, id=8388, stack(0x000000cb24000000,0x000000cb24100000)]
  0x00000201ce85b3b0 JavaThread "Monitor Deflation Thread" daemon [_thread_blocked, id=15316, stack(0x000000cb24100000,0x000000cb24200000)]
=>0x00000201ce85bfa0 JavaThread "C2 CompilerThread0" daemon [_thread_in_native, id=11144, stack(0x000000cb24200000,0x000000cb24300000)]
  0x00000201ce86f0c0 JavaThread "C1 CompilerThread0" daemon [_thread_blocked, id=14372, stack(0x000000cb24300000,0x000000cb24400000)]
  0x00000201ce8ce7f0 JavaThread "Sweeper thread" daemon [_thread_blocked, id=15684, stack(0x000000cb24400000,0x000000cb24500000)]
  0x00000201ce9e5790 JavaThread "Common-Cleaner" daemon [_thread_blocked, id=14404, stack(0x000000cb24500000,0x000000cb24600000)]
  0x00000201ce9e6070 JavaThread "Notification Thread" daemon [_thread_blocked, id=6152, stack(0x000000cb24600000,0x000000cb24700000)]
  0x00000201d1083570 JavaThread "Daemon health stats" [_thread_blocked, id=3448, stack(0x000000cb24c00000,0x000000cb24d00000)]
  0x00000201d10830a0 JavaThread "Incoming local TCP Connector on port 63291" [_thread_in_native, id=1596, stack(0x000000cb24800000,0x000000cb24900000)]
  0x00000201d1083a40 JavaThread "Daemon periodic checks" [_thread_blocked, id=11864, stack(0x000000cb24d00000,0x000000cb24e00000)]
  0x00000201d1082bd0 JavaThread "Daemon" [_thread_blocked, id=13372, stack(0x000000cb24e00000,0x000000cb24f00000)]
  0x00000201d10843e0 JavaThread "Daemon worker" [_thread_blocked, id=7564, stack(0x000000cb25100000,0x000000cb25200000)]
  0x00000201d1082700 JavaThread "Cache worker for journal cache (C:\Users\Youssef\.gradle\caches\journal-1)" [_thread_blocked, id=7664, stack(0x000000cb25500000,0x000000cb25600000)]
  0x00000201d10848b0 JavaThread "File lock request listener" [_thread_in_native, id=2832, stack(0x000000cb25600000,0x000000cb25700000)]
  0x00000201d1084d80 JavaThread "Cache worker for file hash cache (C:\Users\Youssef\.gradle\caches\7.5\fileHashes)" [_thread_blocked, id=14888, stack(0x000000cb25700000,0x000000cb25800000)]
  0x00000201d1a36140 JavaThread "File watcher server" daemon [_thread_in_native, id=6412, stack(0x000000cb25900000,0x000000cb25a00000)]
  0x00000201d1a3b310 JavaThread "File watcher consumer" daemon [_thread_blocked, id=16360, stack(0x000000cb25a00000,0x000000cb25b00000)]
  0x00000201d1a37950 JavaThread "Cache worker for file content cache (C:\Users\Youssef\.gradle\caches\7.5\fileContent)" [_thread_blocked, id=13524, stack(0x000000cb25d00000,0x000000cb25e00000)]
  0x00000201d1a37480 JavaThread "Cache worker for execution history cache (C:\Users\Youssef\.gradle\caches\7.5\executionHistory)" [_thread_blocked, id=4644, stack(0x000000cb26000000,0x000000cb26100000)]
  0x00000201d1a36610 JavaThread "jar transforms" [_thread_blocked, id=9876, stack(0x000000cb26200000,0x000000cb26300000)]
  0x00000201d1a39b00 JavaThread "jar transforms Thread 2" [_thread_blocked, id=7760, stack(0x000000cb26300000,0x000000cb26400000)]
  0x00000201d1a382f0 JavaThread "jar transforms Thread 3" [_thread_blocked, id=12808, stack(0x000000cb26400000,0x000000cb26500000)]
  0x00000201d1a387c0 JavaThread "jar transforms Thread 4" [_thread_blocked, id=8348, stack(0x000000cb26500000,0x000000cb26600000)]
  0x00000201ce959af0 JavaThread "Memory manager" [_thread_blocked, id=11736, stack(0x000000cb29000000,0x000000cb29100000)]
  0x00000201ce956ad0 JavaThread "Cache worker for kotlin-dsl (C:\Users\Youssef\.gradle\caches\7.5\kotlin-dsl)" [_thread_blocked, id=4804, stack(0x000000cb29100000,0x000000cb29200000)]
  0x00000201daac5ce0 JavaThread "pool-3-thread-1" [_thread_blocked, id=10636, stack(0x000000cb29400000,0x000000cb29500000)]
  0x00000201daac8360 JavaThread "included builds" [_thread_blocked, id=9544, stack(0x000000cb29600000,0x000000cb29700000)]
  0x00000201daac7e90 JavaThread "Exec process" [_thread_blocked, id=15940, stack(0x000000cb29b00000,0x000000cb29c00000)]
  0x00000201daac4e70 JavaThread "Exec process Thread 2" [_thread_blocked, id=12076, stack(0x000000cb29c00000,0x000000cb29d00000)]
  0x00000201daac6680 JavaThread "Exec process Thread 3" [_thread_blocked, id=16364, stack(0x000000cb29d00000,0x000000cb29e00000)]
  0x00000201daac3660 JavaThread "Handler for socket connection from /127.0.0.1:63291 to /127.0.0.1:63610" [_thread_in_native, id=7780, stack(0x000000cb23300000,0x000000cb23400000)]
  0x00000201daac3b30 JavaThread "Cancel handler" [_thread_blocked, id=14724, stack(0x000000cb23500000,0x000000cb23600000)]
  0x00000201daac6b50 JavaThread "Asynchronous log dispatcher for DefaultDaemonConnection: socket connection from /127.0.0.1:63291 to /127.0.0.1:63610" [_thread_blocked, id=16196, stack(0x000000cb24f00000,0x000000cb25000000)]
  0x00000201daac74f0 JavaThread "Stdin handler" [_thread_blocked, id=3632, stack(0x000000cb25000000,0x000000cb25100000)]
  0x00000201daac1980 JavaThread "Daemon client event forwarder" [_thread_blocked, id=13008, stack(0x000000cb25200000,0x000000cb25300000)]
  0x00000201daac5810 JavaThread "Cache worker for checksums cache (D:\flutter projects\jobsque-main\android\.gradle\7.5\checksums)" [_thread_blocked, id=11708, stack(0x000000cb25300000,0x000000cb25400000)]
  0x00000201daac49a0 JavaThread "Cache worker for cache directory md-rule (C:\Users\Youssef\.gradle\caches\7.5\md-rule)" [_thread_blocked, id=6288, stack(0x000000cb25800000,0x000000cb25900000)]
  0x00000201daac1e50 JavaThread "Cache worker for file hash cache (D:\flutter projects\jobsque-main\android\.gradle\7.5\fileHashes)" [_thread_blocked, id=2488, stack(0x000000cb25b00000,0x000000cb25c00000)]
  0x00000201daac79c0 JavaThread "Cache worker for cache directory md-supplier (C:\Users\Youssef\.gradle\caches\7.5\md-supplier)" [_thread_blocked, id=6624, stack(0x000000cb25c00000,0x000000cb25d00000)]
  0x00000201daac4000 JavaThread "Cache worker for dependencies-accessors (D:\flutter projects\jobsque-main\android\.gradle\7.5\dependencies-accessors)" [_thread_blocked, id=14700, stack(0x000000cb25e00000,0x000000cb25f00000)]
  0x00000201daac2320 JavaThread "Cache worker for Build Output Cleanup Cache (D:\flutter projects\jobsque-main\android\.gradle\buildOutputCleanup)" [_thread_blocked, id=12456, stack(0x000000cb25f00000,0x000000cb26000000)]
  0x00000201daac27f0 JavaThread "Unconstrained build operations" [_thread_blocked, id=9636, stack(0x000000cb26600000,0x000000cb26700000)]
  0x00000201daac2cc0 JavaThread "Unconstrained build operations Thread 2" [_thread_blocked, id=5976, stack(0x000000cb26700000,0x000000cb26800000)]
  0x00000201d1a33f90 JavaThread "Unconstrained build operations Thread 3" [_thread_blocked, id=10248, stack(0x000000cb26800000,0x000000cb26900000)]
  0x00000201d1a34460 JavaThread "Unconstrained build operations Thread 4" [_thread_blocked, id=16136, stack(0x000000cb26900000,0x000000cb26a00000)]
  0x00000201d1a36ae0 JavaThread "Unconstrained build operations Thread 5" [_thread_blocked, id=15916, stack(0x000000cb26a00000,0x000000cb26b00000)]
  0x00000201d1a357a0 JavaThread "Unconstrained build operations Thread 6" [_thread_blocked, id=6668, stack(0x000000cb26b00000,0x000000cb26c00000)]
  0x00000201d1a37e20 JavaThread "Unconstrained build operations Thread 7" [_thread_blocked, id=6704, stack(0x000000cb26c00000,0x000000cb26d00000)]
  0x00000201d1a35c70 JavaThread "Unconstrained build operations Thread 8" [_thread_blocked, id=3948, stack(0x000000cb26d00000,0x000000cb26e00000)]
  0x00000201d1a34930 JavaThread "Unconstrained build operations Thread 9" [_thread_blocked, id=8852, stack(0x000000cb26e00000,0x000000cb26f00000)]
  0x00000201d1a38c90 JavaThread "Unconstrained build operations Thread 10" [_thread_blocked, id=9940, stack(0x000000cb26f00000,0x000000cb27000000)]
  0x00000201d1a39160 JavaThread "Unconstrained build operations Thread 11" [_thread_blocked, id=6280, stack(0x000000cb27000000,0x000000cb27100000)]
  0x00000201d1a39fd0 JavaThread "Unconstrained build operations Thread 12" [_thread_blocked, id=400, stack(0x000000cb27100000,0x000000cb27200000)]
  0x00000201d1a34e00 JavaThread "Unconstrained build operations Thread 13" [_thread_blocked, id=10808, stack(0x000000cb27200000,0x000000cb27300000)]
  0x00000201ce955790 JavaThread "Unconstrained build operations Thread 14" [_thread_blocked, id=1644, stack(0x000000cb27300000,0x000000cb27400000)]
  0x00000201ce9522a0 JavaThread "Unconstrained build operations Thread 15" [_thread_blocked, id=912, stack(0x000000cb27400000,0x000000cb27500000)]
  0x00000201ce954df0 JavaThread "Unconstrained build operations Thread 16" [_thread_blocked, id=1164, stack(0x000000cb27500000,0x000000cb27600000)]
  0x00000201ce952770 JavaThread "Unconstrained build operations Thread 17" [_thread_blocked, id=13676, stack(0x000000cb27600000,0x000000cb27700000)]
  0x00000201ce953f80 JavaThread "Unconstrained build operations Thread 18" [_thread_blocked, id=9768, stack(0x000000cb27700000,0x000000cb27800000)]
  0x00000201ce954450 JavaThread "Unconstrained build operations Thread 19" [_thread_blocked, id=10004, stack(0x000000cb27800000,0x000000cb27900000)]
  0x00000201ce952c40 JavaThread "Unconstrained build operations Thread 20" [_thread_blocked, id=14300, stack(0x000000cb27900000,0x000000cb27a00000)]
  0x00000201ce953110 JavaThread "Unconstrained build operations Thread 21" [_thread_blocked, id=3524, stack(0x000000cb27a00000,0x000000cb27b00000)]
  0x00000201ce955c60 JavaThread "Unconstrained build operations Thread 22" [_thread_blocked, id=15552, stack(0x000000cb27b00000,0x000000cb27c00000)]
  0x00000201ce956130 JavaThread "Unconstrained build operations Thread 23" [_thread_blocked, id=14492, stack(0x000000cb27c00000,0x000000cb27d00000)]
  0x00000201d1083f10 JavaThread "Unconstrained build operations Thread 24" [_thread_blocked, id=4880, stack(0x000000cb27d00000,0x000000cb27e00000)]
  0x00000201d10860c0 JavaThread "Unconstrained build operations Thread 25" [_thread_blocked, id=15532, stack(0x000000cb27e00000,0x000000cb27f00000)]
  0x00000201d1085250 JavaThread "Unconstrained build operations Thread 26" [_thread_blocked, id=4276, stack(0x000000cb27f00000,0x000000cb28000000)]
  0x00000201d1085720 JavaThread "Unconstrained build operations Thread 27" [_thread_blocked, id=808, stack(0x000000cb28000000,0x000000cb28100000)]
  0x00000201d1085bf0 JavaThread "Unconstrained build operations Thread 28" [_thread_blocked, id=7736, stack(0x000000cb28100000,0x000000cb28200000)]
  0x00000201d03bec10 JavaThread "Unconstrained build operations Thread 29" [_thread_blocked, id=10464, stack(0x000000cb28200000,0x000000cb28300000)]
  0x00000201d03bd400 JavaThread "Unconstrained build operations Thread 30" [_thread_blocked, id=3812, stack(0x000000cb28300000,0x000000cb28400000)]
  0x00000201d03be270 JavaThread "Unconstrained build operations Thread 31" [_thread_blocked, id=10868, stack(0x000000cb28400000,0x000000cb28500000)]
  0x00000201d03b90a0 JavaThread "Unconstrained build operations Thread 32" [_thread_blocked, id=9148, stack(0x000000cb28500000,0x000000cb28600000)]
  0x00000201d03c08f0 JavaThread "Unconstrained build operations Thread 33" [_thread_blocked, id=14356, stack(0x000000cb28600000,0x000000cb28700000)]
  0x00000201d03b9570 JavaThread "Unconstrained build operations Thread 34" [_thread_blocked, id=12136, stack(0x000000cb28700000,0x000000cb28800000)]
  0x00000201d03ba8b0 JavaThread "Unconstrained build operations Thread 35" [_thread_blocked, id=11700, stack(0x000000cb28800000,0x000000cb28900000)]
  0x00000201d03b9f10 JavaThread "Unconstrained build operations Thread 36" [_thread_blocked, id=3556, stack(0x000000cb28900000,0x000000cb28a00000)]
  0x00000201d03bfa80 JavaThread "Unconstrained build operations Thread 37" [_thread_blocked, id=14400, stack(0x000000cb28a00000,0x000000cb28b00000)]
  0x00000201d03bcf30 JavaThread "Unconstrained build operations Thread 38" [_thread_blocked, id=8812, stack(0x000000cb28b00000,0x000000cb28c00000)]
  0x00000201d03ba3e0 JavaThread "Unconstrained build operations Thread 39" [_thread_blocked, id=6692, stack(0x000000cb28c00000,0x000000cb28d00000)]
  0x00000201d03bca60 JavaThread "Unconstrained build operations Thread 40" [_thread_blocked, id=5912, stack(0x000000cb28d00000,0x000000cb28e00000)]
  0x00000201d34306a0 JavaThread "C2 CompilerThread1" daemon [_thread_in_native, id=9332, stack(0x000000cb25400000,0x000000cb25500000)]

Other Threads:
  0x00000201ce820bf0 VMThread "VM Thread" [stack: 0x000000cb23b00000,0x000000cb23c00000] [id=5636]
  0x00000201cea0a770 WatcherThread [stack: 0x000000cb24700000,0x000000cb24800000] [id=8732]
  0x00000201b5c68700 GCTaskThread "GC Thread#0" [stack: 0x000000cb23600000,0x000000cb23700000] [id=11240]
  0x00000201ceeabbe0 GCTaskThread "GC Thread#1" [stack: 0x000000cb24900000,0x000000cb24a00000] [id=10784]
  0x00000201cf172d60 GCTaskThread "GC Thread#2" [stack: 0x000000cb24a00000,0x000000cb24b00000] [id=1564]
  0x00000201cf19fb00 GCTaskThread "GC Thread#3" [stack: 0x000000cb24b00000,0x000000cb24c00000] [id=3240]
  0x00000201b5c75550 ConcurrentGCThread "G1 Main Marker" [stack: 0x000000cb23700000,0x000000cb23800000] [id=14504]
  0x00000201b5c75e70 ConcurrentGCThread "G1 Conc#0" [stack: 0x000000cb23800000,0x000000cb23900000] [id=15040]
  0x00000201b5ced760 ConcurrentGCThread "G1 Refine#0" [stack: 0x000000cb23900000,0x000000cb23a00000] [id=7680]
  0x00000201d4723580 ConcurrentGCThread "G1 Refine#1" [stack: 0x000000cb26100000,0x000000cb26200000] [id=9916]
  0x00000201d7bd09e0 ConcurrentGCThread "G1 Refine#2" [stack: 0x000000cb28e00000,0x000000cb28f00000] [id=8644]
  0x00000201b5cee090 ConcurrentGCThread "G1 Service" [stack: 0x000000cb23a00000,0x000000cb23b00000] [id=13484]

Threads with active compile tasks:
C2 CompilerThread0    92895 16788       4       org.gradle.api.internal.artifacts.ivyservice.resolveengine.artifact.ResolvedArtifactsGraphVisitor::getArtifacts (197 bytes)
C2 CompilerThread1    92895 16826       4       org.gradle.api.internal.artifacts.ivyservice.ivyresolve.CachingModuleComponentRepository$LocateInCacheRepositoryAccess::getProcessedMetadata (41 bytes)

VM state: not at safepoint (normal execution)

VM Mutex/Monitor currently owned by a thread: None

Heap address: 0x00000000a0000000, size: 1536 MB, Compressed Oops mode: 32-bit

CDS archive(s) not mapped
Compressed class space mapped at: 0x0000000100000000-0x0000000140000000, reserved size: 1073741824
Narrow klass base: 0x0000000000000000, Narrow klass shift: 3, Narrow klass range: 0x140000000

GC Precious Log:
 CPUs: 4 total, 4 available
 Memory: 16065M
 Large Page Support: Disabled
 NUMA Support: Disabled
 Compressed Oops: Enabled (32-bit)
 Heap Region Size: 1M
 Heap Min Capacity: 8M
 Heap Initial Capacity: 252M
 Heap Max Capacity: 1536M
 Pre-touch: Disabled
 Parallel Workers: 4
 Concurrent Workers: 1
 Concurrent Refinement Workers: 4
 Periodic GC: Disabled

Heap:
 garbage-first heap   total 319488K, used 240640K [0x00000000a0000000, 0x0000000100000000)
  region size 1024K, 31 young (31744K), 8 survivors (8192K)
 Metaspace       used 105643K, committed 107136K, reserved 1146880K
  class space    used 14119K, committed 14784K, reserved 1048576K

Heap Regions: E=young(eden), S=young(survivor), O=old, HS=humongous(starts), HC=humongous(continues), CS=collection set, F=free, OA=open archive, CA=closed archive, TAMS=top-at-mark-start (previous, next)
|   0|0x00000000a0000000, 0x00000000a0100000, 0x00000000a0100000|100%|HS|  |TAMS 0x00000000a0100000, 0x00000000a0000000| Complete 
|   1|0x00000000a0100000, 0x00000000a0200000, 0x00000000a0200000|100%|HC|  |TAMS 0x00000000a0200000, 0x00000000a0100000| Complete 
|   2|0x00000000a0200000, 0x00000000a0300000, 0x00000000a0300000|100%|HC|  |TAMS 0x00000000a0300000, 0x00000000a0200000| Complete 
|   3|0x00000000a0300000, 0x00000000a0400000, 0x00000000a0400000|100%| O|  |TAMS 0x00000000a0400000, 0x00000000a0300000| Untracked 
|   4|0x00000000a0400000, 0x00000000a0500000, 0x00000000a0500000|100%| O|  |TAMS 0x00000000a0500000, 0x00000000a0400000| Untracked 
|   5|0x00000000a0500000, 0x00000000a0600000, 0x00000000a0600000|100%| O|  |TAMS 0x00000000a0600000, 0x00000000a0500000| Untracked 
|   6|0x00000000a0600000, 0x00000000a0700000, 0x00000000a0700000|100%| O|  |TAMS 0x00000000a0700000, 0x00000000a0600000| Untracked 
|   7|0x00000000a0700000, 0x00000000a0800000, 0x00000000a0800000|100%| O|  |TAMS 0x00000000a0800000, 0x00000000a0700000| Untracked 
|   8|0x00000000a0800000, 0x00000000a0900000, 0x00000000a0900000|100%| O|  |TAMS 0x00000000a0900000, 0x00000000a0800000| Untracked 
|   9|0x00000000a0900000, 0x00000000a0a00000, 0x00000000a0a00000|100%| O|  |TAMS 0x00000000a0a00000, 0x00000000a0900000| Untracked 
|  10|0x00000000a0a00000, 0x00000000a0b00000, 0x00000000a0b00000|100%| O|  |TAMS 0x00000000a0b00000, 0x00000000a0a00000| Untracked 
|  11|0x00000000a0b00000, 0x00000000a0c00000, 0x00000000a0c00000|100%| O|  |TAMS 0x00000000a0c00000, 0x00000000a0b00000| Untracked 
|  12|0x00000000a0c00000, 0x00000000a0d00000, 0x00000000a0d00000|100%| O|  |TAMS 0x00000000a0d00000, 0x00000000a0c00000| Untracked 
|  13|0x00000000a0d00000, 0x00000000a0e00000, 0x00000000a0e00000|100%| O|  |TAMS 0x00000000a0e00000, 0x00000000a0d00000| Untracked 
|  14|0x00000000a0e00000, 0x00000000a0f00000, 0x00000000a0f00000|100%| O|  |TAMS 0x00000000a0f00000, 0x00000000a0e00000| Untracked 
|  15|0x00000000a0f00000, 0x00000000a1000000, 0x00000000a1000000|100%| O|  |TAMS 0x00000000a1000000, 0x00000000a0f00000| Untracked 
|  16|0x00000000a1000000, 0x00000000a1100000, 0x00000000a1100000|100%| O|  |TAMS 0x00000000a1100000, 0x00000000a1000000| Untracked 
|  17|0x00000000a1100000, 0x00000000a1200000, 0x00000000a1200000|100%| O|  |TAMS 0x00000000a1200000, 0x00000000a1100000| Untracked 
|  18|0x00000000a1200000, 0x00000000a1300000, 0x00000000a1300000|100%| O|  |TAMS 0x00000000a1300000, 0x00000000a1200000| Untracked 
|  19|0x00000000a1300000, 0x00000000a1400000, 0x00000000a1400000|100%| O|  |TAMS 0x00000000a1400000, 0x00000000a1300000| Untracked 
|  20|0x00000000a1400000, 0x00000000a1500000, 0x00000000a1500000|100%| O|  |TAMS 0x00000000a1500000, 0x00000000a1400000| Untracked 
|  21|0x00000000a1500000, 0x00000000a1600000, 0x00000000a1600000|100%| O|  |TAMS 0x00000000a1600000, 0x00000000a1500000| Untracked 
|  22|0x00000000a1600000, 0x00000000a1700000, 0x00000000a1700000|100%| O|  |TAMS 0x00000000a1700000, 0x00000000a1600000| Untracked 
|  23|0x00000000a1700000, 0x00000000a1800000, 0x00000000a1800000|100%| O|  |TAMS 0x00000000a1800000, 0x00000000a1700000| Untracked 
|  24|0x00000000a1800000, 0x00000000a1900000, 0x00000000a1900000|100%| O|  |TAMS 0x00000000a1900000, 0x00000000a1800000| Untracked 
|  25|0x00000000a1900000, 0x00000000a1a00000, 0x00000000a1a00000|100%| O|  |TAMS 0x00000000a1a00000, 0x00000000a1900000| Untracked 
|  26|0x00000000a1a00000, 0x00000000a1b00000, 0x00000000a1b00000|100%| O|  |TAMS 0x00000000a1b00000, 0x00000000a1a00000| Untracked 
|  27|0x00000000a1b00000, 0x00000000a1c00000, 0x00000000a1c00000|100%| O|  |TAMS 0x00000000a1c00000, 0x00000000a1b00000| Untracked 
|  28|0x00000000a1c00000, 0x00000000a1d00000, 0x00000000a1d00000|100%| O|  |TAMS 0x00000000a1d00000, 0x00000000a1c00000| Untracked 
|  29|0x00000000a1d00000, 0x00000000a1e00000, 0x00000000a1e00000|100%| O|  |TAMS 0x00000000a1e00000, 0x00000000a1d00000| Untracked 
|  30|0x00000000a1e00000, 0x00000000a1f00000, 0x00000000a1f00000|100%| O|  |TAMS 0x00000000a1f00000, 0x00000000a1e00000| Untracked 
|  31|0x00000000a1f00000, 0x00000000a2000000, 0x00000000a2000000|100%| O|  |TAMS 0x00000000a2000000, 0x00000000a1f00000| Untracked 
|  32|0x00000000a2000000, 0x00000000a2100000, 0x00000000a2100000|100%| O|  |TAMS 0x00000000a2100000, 0x00000000a2000000| Untracked 
|  33|0x00000000a2100000, 0x00000000a2200000, 0x00000000a2200000|100%| O|  |TAMS 0x00000000a2200000, 0x00000000a2100000| Untracked 
|  34|0x00000000a2200000, 0x00000000a2300000, 0x00000000a2300000|100%| O|  |TAMS 0x00000000a2300000, 0x00000000a2200000| Untracked 
|  35|0x00000000a2300000, 0x00000000a2400000, 0x00000000a2400000|100%| O|  |TAMS 0x00000000a2400000, 0x00000000a2300000| Untracked 
|  36|0x00000000a2400000, 0x00000000a2500000, 0x00000000a2500000|100%|HS|  |TAMS 0x00000000a2500000, 0x00000000a2400000| Complete 
|  37|0x00000000a2500000, 0x00000000a2600000, 0x00000000a2600000|100%|HS|  |TAMS 0x00000000a2600000, 0x00000000a2500000| Complete 
|  38|0x00000000a2600000, 0x00000000a2700000, 0x00000000a2700000|100%|HS|  |TAMS 0x00000000a2700000, 0x00000000a2600000| Complete 
|  39|0x00000000a2700000, 0x00000000a2800000, 0x00000000a2800000|100%|HS|  |TAMS 0x00000000a2800000, 0x00000000a2700000| Complete 
|  40|0x00000000a2800000, 0x00000000a2900000, 0x00000000a2900000|100%|HC|  |TAMS 0x00000000a2900000, 0x00000000a2800000| Complete 
|  41|0x00000000a2900000, 0x00000000a2a00000, 0x00000000a2a00000|100%|HC|  |TAMS 0x00000000a2a00000, 0x00000000a2900000| Complete 
|  42|0x00000000a2a00000, 0x00000000a2b00000, 0x00000000a2b00000|100%| O|  |TAMS 0x00000000a2b00000, 0x00000000a2a00000| Untracked 
|  43|0x00000000a2b00000, 0x00000000a2c00000, 0x00000000a2c00000|100%| O|  |TAMS 0x00000000a2c00000, 0x00000000a2b00000| Untracked 
|  44|0x00000000a2c00000, 0x00000000a2d00000, 0x00000000a2d00000|100%| O|  |TAMS 0x00000000a2d00000, 0x00000000a2c00000| Untracked 
|  45|0x00000000a2d00000, 0x00000000a2e00000, 0x00000000a2e00000|100%| O|  |TAMS 0x00000000a2e00000, 0x00000000a2d00000| Untracked 
|  46|0x00000000a2e00000, 0x00000000a2f00000, 0x00000000a2f00000|100%| O|  |TAMS 0x00000000a2f00000, 0x00000000a2e00000| Untracked 
|  47|0x00000000a2f00000, 0x00000000a3000000, 0x00000000a3000000|100%|HS|  |TAMS 0x00000000a3000000, 0x00000000a2f00000| Complete 
|  48|0x00000000a3000000, 0x00000000a3100000, 0x00000000a3100000|100%|HC|  |TAMS 0x00000000a3100000, 0x00000000a3000000| Complete 
|  49|0x00000000a3100000, 0x00000000a3200000, 0x00000000a3200000|100%| O|  |TAMS 0x00000000a3200000, 0x00000000a3100000| Untracked 
|  50|0x00000000a3200000, 0x00000000a3300000, 0x00000000a3300000|100%| O|  |TAMS 0x00000000a3300000, 0x00000000a3200000| Untracked 
|  51|0x00000000a3300000, 0x00000000a3400000, 0x00000000a3400000|100%| O|  |TAMS 0x00000000a3400000, 0x00000000a3300000| Untracked 
|  52|0x00000000a3400000, 0x00000000a3500000, 0x00000000a3500000|100%| O|  |TAMS 0x00000000a3500000, 0x00000000a3400000| Untracked 
|  53|0x00000000a3500000, 0x00000000a3600000, 0x00000000a3600000|100%| O|  |TAMS 0x00000000a3600000, 0x00000000a3500000| Untracked 
|  54|0x00000000a3600000, 0x00000000a3700000, 0x00000000a3700000|100%| O|  |TAMS 0x00000000a3700000, 0x00000000a3600000| Untracked 
|  55|0x00000000a3700000, 0x00000000a3800000, 0x00000000a3800000|100%| O|  |TAMS 0x00000000a3800000, 0x00000000a3700000| Untracked 
|  56|0x00000000a3800000, 0x00000000a3900000, 0x00000000a3900000|100%| O|  |TAMS 0x00000000a3900000, 0x00000000a3800000| Untracked 
|  57|0x00000000a3900000, 0x00000000a3a00000, 0x00000000a3a00000|100%|HS|  |TAMS 0x00000000a3a00000, 0x00000000a3900000| Complete 
|  58|0x00000000a3a00000, 0x00000000a3b00000, 0x00000000a3b00000|100%| O|  |TAMS 0x00000000a3b00000, 0x00000000a3a00000| Untracked 
|  59|0x00000000a3b00000, 0x00000000a3c00000, 0x00000000a3c00000|100%| O|  |TAMS 0x00000000a3c00000, 0x00000000a3b00000| Untracked 
|  60|0x00000000a3c00000, 0x00000000a3d00000, 0x00000000a3d00000|100%| O|  |TAMS 0x00000000a3d00000, 0x00000000a3c00000| Untracked 
|  61|0x00000000a3d00000, 0x00000000a3e00000, 0x00000000a3e00000|100%| O|  |TAMS 0x00000000a3e00000, 0x00000000a3d00000| Untracked 
|  62|0x00000000a3e00000, 0x00000000a3f00000, 0x00000000a3f00000|100%| O|  |TAMS 0x00000000a3f00000, 0x00000000a3e00000| Untracked 
|  63|0x00000000a3f00000, 0x00000000a4000000, 0x00000000a4000000|100%| O|  |TAMS 0x00000000a4000000, 0x00000000a3f00000| Untracked 
|  64|0x00000000a4000000, 0x00000000a4100000, 0x00000000a4100000|100%| O|  |TAMS 0x00000000a4100000, 0x00000000a4000000| Untracked 
|  65|0x00000000a4100000, 0x00000000a4200000, 0x00000000a4200000|100%| O|  |TAMS 0x00000000a4200000, 0x00000000a4100000| Untracked 
|  66|0x00000000a4200000, 0x00000000a4300000, 0x00000000a4300000|100%| O|  |TAMS 0x00000000a4300000, 0x00000000a4200000| Untracked 
|  67|0x00000000a4300000, 0x00000000a4400000, 0x00000000a4400000|100%| O|  |TAMS 0x00000000a4400000, 0x00000000a4300000| Untracked 
|  68|0x00000000a4400000, 0x00000000a4500000, 0x00000000a4500000|100%| O|  |TAMS 0x00000000a4500000, 0x00000000a4400000| Untracked 
|  69|0x00000000a4500000, 0x00000000a4600000, 0x00000000a4600000|100%| O|  |TAMS 0x00000000a4600000, 0x00000000a4500000| Untracked 
|  70|0x00000000a4600000, 0x00000000a4700000, 0x00000000a4700000|100%| O|  |TAMS 0x00000000a4700000, 0x00000000a4600000| Untracked 
|  71|0x00000000a4700000, 0x00000000a4800000, 0x00000000a4800000|100%| O|  |TAMS 0x00000000a4800000, 0x00000000a4700000| Untracked 
|  72|0x00000000a4800000, 0x00000000a4900000, 0x00000000a4900000|100%| O|  |TAMS 0x00000000a4900000, 0x00000000a4800000| Untracked 
|  73|0x00000000a4900000, 0x00000000a4a00000, 0x00000000a4a00000|100%|HS|  |TAMS 0x00000000a4a00000, 0x00000000a4900000| Complete 
|  74|0x00000000a4a00000, 0x00000000a4b00000, 0x00000000a4b00000|100%| O|  |TAMS 0x00000000a4b00000, 0x00000000a4a00000| Untracked 
|  75|0x00000000a4b00000, 0x00000000a4c00000, 0x00000000a4c00000|100%| O|  |TAMS 0x00000000a4c00000, 0x00000000a4b00000| Untracked 
|  76|0x00000000a4c00000, 0x00000000a4d00000, 0x00000000a4d00000|100%| O|  |TAMS 0x00000000a4d00000, 0x00000000a4c00000| Untracked 
|  77|0x00000000a4d00000, 0x00000000a4e00000, 0x00000000a4e00000|100%| O|  |TAMS 0x00000000a4e00000, 0x00000000a4d00000| Untracked 
|  78|0x00000000a4e00000, 0x00000000a4f00000, 0x00000000a4f00000|100%| O|  |TAMS 0x00000000a4f00000, 0x00000000a4e00000| Untracked 
|  79|0x00000000a4f00000, 0x00000000a5000000, 0x00000000a5000000|100%| O|  |TAMS 0x00000000a5000000, 0x00000000a4f00000| Untracked 
|  80|0x00000000a5000000, 0x00000000a5100000, 0x00000000a5100000|100%| O|  |TAMS 0x00000000a5100000, 0x00000000a5000000| Untracked 
|  81|0x00000000a5100000, 0x00000000a5200000, 0x00000000a5200000|100%| O|  |TAMS 0x00000000a5200000, 0x00000000a5100000| Untracked 
|  82|0x00000000a5200000, 0x00000000a5300000, 0x00000000a5300000|100%|HS|  |TAMS 0x00000000a5300000, 0x00000000a5200000| Complete 
|  83|0x00000000a5300000, 0x00000000a5400000, 0x00000000a5400000|100%| O|  |TAMS 0x00000000a5400000, 0x00000000a5300000| Untracked 
|  84|0x00000000a5400000, 0x00000000a5500000, 0x00000000a5500000|100%| O|  |TAMS 0x00000000a5400000, 0x00000000a5400000| Untracked 
|  85|0x00000000a5500000, 0x00000000a5600000, 0x00000000a5600000|100%| O|  |TAMS 0x00000000a5600000, 0x00000000a5500000| Untracked 
|  86|0x00000000a5600000, 0x00000000a5700000, 0x00000000a5700000|100%| O|  |TAMS 0x00000000a5700000, 0x00000000a5600000| Untracked 
|  87|0x00000000a5700000, 0x00000000a5800000, 0x00000000a5800000|100%| O|  |TAMS 0x00000000a5800000, 0x00000000a5700000| Untracked 
|  88|0x00000000a5800000, 0x00000000a5900000, 0x00000000a5900000|100%| O|  |TAMS 0x00000000a5900000, 0x00000000a5800000| Untracked 
|  89|0x00000000a5900000, 0x00000000a5a00000, 0x00000000a5a00000|100%| O|  |TAMS 0x00000000a5a00000, 0x00000000a5900000| Untracked 
|  90|0x00000000a5a00000, 0x00000000a5b00000, 0x00000000a5b00000|100%| O|  |TAMS 0x00000000a5b00000, 0x00000000a5a00000| Untracked 
|  91|0x00000000a5b00000, 0x00000000a5c00000, 0x00000000a5c00000|100%| O|  |TAMS 0x00000000a5c00000, 0x00000000a5b00000| Untracked 
|  92|0x00000000a5c00000, 0x00000000a5d00000, 0x00000000a5d00000|100%| O|  |TAMS 0x00000000a5d00000, 0x00000000a5c00000| Untracked 
|  93|0x00000000a5d00000, 0x00000000a5e00000, 0x00000000a5e00000|100%| O|  |TAMS 0x00000000a5e00000, 0x00000000a5d00000| Untracked 
|  94|0x00000000a5e00000, 0x00000000a5f00000, 0x00000000a5f00000|100%| O|  |TAMS 0x00000000a5f00000, 0x00000000a5e00000| Untracked 
|  95|0x00000000a5f00000, 0x00000000a6000000, 0x00000000a6000000|100%| O|  |TAMS 0x00000000a6000000, 0x00000000a5f00000| Untracked 
|  96|0x00000000a6000000, 0x00000000a6100000, 0x00000000a6100000|100%| O|  |TAMS 0x00000000a6100000, 0x00000000a6000000| Untracked 
|  97|0x00000000a6100000, 0x00000000a6200000, 0x00000000a6200000|100%| O|  |TAMS 0x00000000a6200000, 0x00000000a6100000| Untracked 
|  98|0x00000000a6200000, 0x00000000a6300000, 0x00000000a6300000|100%| O|  |TAMS 0x00000000a6300000, 0x00000000a6200000| Untracked 
|  99|0x00000000a6300000, 0x00000000a6400000, 0x00000000a6400000|100%| O|  |TAMS 0x00000000a6400000, 0x00000000a6300000| Untracked 
| 100|0x00000000a6400000, 0x00000000a6500000, 0x00000000a6500000|100%| O|  |TAMS 0x00000000a6500000, 0x00000000a6400000| Untracked 
| 101|0x00000000a6500000, 0x00000000a6600000, 0x00000000a6600000|100%|HS|  |TAMS 0x00000000a6600000, 0x00000000a6500000| Complete 
| 102|0x00000000a6600000, 0x00000000a6700000, 0x00000000a6700000|100%|HC|  |TAMS 0x00000000a6700000, 0x00000000a6600000| Complete 
| 103|0x00000000a6700000, 0x00000000a6800000, 0x00000000a6800000|100%|HS|  |TAMS 0x00000000a6800000, 0x00000000a6700000| Complete 
| 104|0x00000000a6800000, 0x00000000a6900000, 0x00000000a6900000|100%|HS|  |TAMS 0x00000000a6900000, 0x00000000a6800000| Complete 
| 105|0x00000000a6900000, 0x00000000a6a00000, 0x00000000a6a00000|100%| O|  |TAMS 0x00000000a6a00000, 0x00000000a6900000| Untracked 
| 106|0x00000000a6a00000, 0x00000000a6b00000, 0x00000000a6b00000|100%| O|  |TAMS 0x00000000a6b00000, 0x00000000a6a00000| Untracked 
| 107|0x00000000a6b00000, 0x00000000a6c00000, 0x00000000a6c00000|100%| O|  |TAMS 0x00000000a6c00000, 0x00000000a6b00000| Untracked 
| 108|0x00000000a6c00000, 0x00000000a6d00000, 0x00000000a6d00000|100%| O|  |TAMS 0x00000000a6d00000, 0x00000000a6c00000| Untracked 
| 109|0x00000000a6d00000, 0x00000000a6e00000, 0x00000000a6e00000|100%| O|  |TAMS 0x00000000a6e00000, 0x00000000a6d00000| Untracked 
| 110|0x00000000a6e00000, 0x00000000a6f00000, 0x00000000a6f00000|100%| O|  |TAMS 0x00000000a6f00000, 0x00000000a6e00000| Untracked 
| 111|0x00000000a6f00000, 0x00000000a7000000, 0x00000000a7000000|100%| O|  |TAMS 0x00000000a7000000, 0x00000000a6f00000| Untracked 
| 112|0x00000000a7000000, 0x00000000a7100000, 0x00000000a7100000|100%| O|  |TAMS 0x00000000a7100000, 0x00000000a7000000| Untracked 
| 113|0x00000000a7100000, 0x00000000a7200000, 0x00000000a7200000|100%| O|  |TAMS 0x00000000a7200000, 0x00000000a7100000| Untracked 
| 114|0x00000000a7200000, 0x00000000a7300000, 0x00000000a7300000|100%| O|  |TAMS 0x00000000a7300000, 0x00000000a7200000| Untracked 
| 115|0x00000000a7300000, 0x00000000a7400000, 0x00000000a7400000|100%| O|  |TAMS 0x00000000a7400000, 0x00000000a7300000| Untracked 
| 116|0x00000000a7400000, 0x00000000a7500000, 0x00000000a7500000|100%| O|  |TAMS 0x00000000a7500000, 0x00000000a7400000| Untracked 
| 117|0x00000000a7500000, 0x00000000a7600000, 0x00000000a7600000|100%| O|  |TAMS 0x00000000a7600000, 0x00000000a7500000| Untracked 
| 118|0x00000000a7600000, 0x00000000a7700000, 0x00000000a7700000|100%| O|  |TAMS 0x00000000a7700000, 0x00000000a7600000| Untracked 
| 119|0x00000000a7700000, 0x00000000a7800000, 0x00000000a7800000|100%| O|  |TAMS 0x00000000a7800000, 0x00000000a7700000| Untracked 
| 120|0x00000000a7800000, 0x00000000a7900000, 0x00000000a7900000|100%| O|  |TAMS 0x00000000a7900000, 0x00000000a7800000| Untracked 
| 121|0x00000000a7900000, 0x00000000a7a00000, 0x00000000a7a00000|100%| O|  |TAMS 0x00000000a7a00000, 0x00000000a7900000| Untracked 
| 122|0x00000000a7a00000, 0x00000000a7b00000, 0x00000000a7b00000|100%| O|  |TAMS 0x00000000a7b00000, 0x00000000a7a00000| Untracked 
| 123|0x00000000a7b00000, 0x00000000a7c00000, 0x00000000a7c00000|100%| O|  |TAMS 0x00000000a7c00000, 0x00000000a7b00000| Untracked 
| 124|0x00000000a7c00000, 0x00000000a7d00000, 0x00000000a7d00000|100%| O|  |TAMS 0x00000000a7d00000, 0x00000000a7c00000| Untracked 
| 125|0x00000000a7d00000, 0x00000000a7e00000, 0x00000000a7e00000|100%| O|  |TAMS 0x00000000a7e00000, 0x00000000a7d00000| Untracked 
| 126|0x00000000a7e00000, 0x00000000a7f00000, 0x00000000a7f00000|100%| O|  |TAMS 0x00000000a7f00000, 0x00000000a7e00000| Untracked 
| 127|0x00000000a7f00000, 0x00000000a8000000, 0x00000000a8000000|100%| O|  |TAMS 0x00000000a8000000, 0x00000000a7f00000| Untracked 
| 128|0x00000000a8000000, 0x00000000a8100000, 0x00000000a8100000|100%| O|  |TAMS 0x00000000a8100000, 0x00000000a8000000| Untracked 
| 129|0x00000000a8100000, 0x00000000a8200000, 0x00000000a8200000|100%| O|  |TAMS 0x00000000a8200000, 0x00000000a8100000| Untracked 
| 130|0x00000000a8200000, 0x00000000a8300000, 0x00000000a8300000|100%| O|  |TAMS 0x00000000a8300000, 0x00000000a8200000| Untracked 
| 131|0x00000000a8300000, 0x00000000a8400000, 0x00000000a8400000|100%| O|  |TAMS 0x00000000a8400000, 0x00000000a8300000| Untracked 
| 132|0x00000000a8400000, 0x00000000a8500000, 0x00000000a8500000|100%| O|  |TAMS 0x00000000a8500000, 0x00000000a8400000| Untracked 
| 133|0x00000000a8500000, 0x00000000a8600000, 0x00000000a8600000|100%| O|  |TAMS 0x00000000a8600000, 0x00000000a8500000| Untracked 
| 134|0x00000000a8600000, 0x00000000a8700000, 0x00000000a8700000|100%| O|  |TAMS 0x00000000a8700000, 0x00000000a8600000| Untracked 
| 135|0x00000000a8700000, 0x00000000a8800000, 0x00000000a8800000|100%| O|  |TAMS 0x00000000a8800000, 0x00000000a8700000| Untracked 
| 136|0x00000000a8800000, 0x00000000a8900000, 0x00000000a8900000|100%| O|  |TAMS 0x00000000a8900000, 0x00000000a8800000| Untracked 
| 137|0x00000000a8900000, 0x00000000a8a00000, 0x00000000a8a00000|100%| O|  |TAMS 0x00000000a8a00000, 0x00000000a8900000| Untracked 
| 138|0x00000000a8a00000, 0x00000000a8b00000, 0x00000000a8b00000|100%| O|  |TAMS 0x00000000a8b00000, 0x00000000a8a00000| Untracked 
| 139|0x00000000a8b00000, 0x00000000a8c00000, 0x00000000a8c00000|100%| O|  |TAMS 0x00000000a8c00000, 0x00000000a8b00000| Untracked 
| 140|0x00000000a8c00000, 0x00000000a8d00000, 0x00000000a8d00000|100%| O|  |TAMS 0x00000000a8d00000, 0x00000000a8c00000| Untracked 
| 141|0x00000000a8d00000, 0x00000000a8e00000, 0x00000000a8e00000|100%| O|  |TAMS 0x00000000a8e00000, 0x00000000a8d00000| Untracked 
| 142|0x00000000a8e00000, 0x00000000a8f00000, 0x00000000a8f00000|100%| O|  |TAMS 0x00000000a8f00000, 0x00000000a8e00000| Untracked 
| 143|0x00000000a8f00000, 0x00000000a9000000, 0x00000000a9000000|100%| O|  |TAMS 0x00000000a8f00000, 0x00000000a8f00000| Untracked 
| 144|0x00000000a9000000, 0x00000000a9100000, 0x00000000a9100000|100%| O|  |TAMS 0x00000000a9100000, 0x00000000a9000000| Untracked 
| 145|0x00000000a9100000, 0x00000000a9200000, 0x00000000a9200000|100%| O|  |TAMS 0x00000000a9200000, 0x00000000a9100000| Untracked 
| 146|0x00000000a9200000, 0x00000000a9300000, 0x00000000a9300000|100%| O|  |TAMS 0x00000000a9300000, 0x00000000a9200000| Untracked 
| 147|0x00000000a9300000, 0x00000000a9400000, 0x00000000a9400000|100%| O|  |TAMS 0x00000000a9400000, 0x00000000a9300000| Untracked 
| 148|0x00000000a9400000, 0x00000000a9500000, 0x00000000a9500000|100%| O|  |TAMS 0x00000000a9500000, 0x00000000a9400000| Untracked 
| 149|0x00000000a9500000, 0x00000000a9600000, 0x00000000a9600000|100%| O|  |TAMS 0x00000000a9600000, 0x00000000a9500000| Untracked 
| 150|0x00000000a9600000, 0x00000000a9700000, 0x00000000a9700000|100%| O|  |TAMS 0x00000000a9700000, 0x00000000a9600000| Untracked 
| 151|0x00000000a9700000, 0x00000000a9800000, 0x00000000a9800000|100%| O|  |TAMS 0x00000000a9800000, 0x00000000a9700000| Untracked 
| 152|0x00000000a9800000, 0x00000000a9900000, 0x00000000a9900000|100%| O|  |TAMS 0x00000000a9900000, 0x00000000a9800000| Untracked 
| 153|0x00000000a9900000, 0x00000000a9a00000, 0x00000000a9a00000|100%| O|  |TAMS 0x00000000a9a00000, 0x00000000a9900000| Untracked 
| 154|0x00000000a9a00000, 0x00000000a9b00000, 0x00000000a9b00000|100%| O|  |TAMS 0x00000000a9b00000, 0x00000000a9a00000| Untracked 
| 155|0x00000000a9b00000, 0x00000000a9c00000, 0x00000000a9c00000|100%| O|  |TAMS 0x00000000a9c00000, 0x00000000a9b00000| Untracked 
| 156|0x00000000a9c00000, 0x00000000a9d00000, 0x00000000a9d00000|100%| O|  |TAMS 0x00000000a9d00000, 0x00000000a9c00000| Untracked 
| 157|0x00000000a9d00000, 0x00000000a9e00000, 0x00000000a9e00000|100%| O|  |TAMS 0x00000000a9e00000, 0x00000000a9d00000| Untracked 
| 158|0x00000000a9e00000, 0x00000000a9f00000, 0x00000000a9f00000|100%| O|  |TAMS 0x00000000a9f00000, 0x00000000a9e00000| Untracked 
| 159|0x00000000a9f00000, 0x00000000aa000000, 0x00000000aa000000|100%| O|  |TAMS 0x00000000aa000000, 0x00000000a9f00000| Untracked 
| 160|0x00000000aa000000, 0x00000000aa100000, 0x00000000aa100000|100%| O|  |TAMS 0x00000000aa000000, 0x00000000aa000000| Untracked 
| 161|0x00000000aa100000, 0x00000000aa200000, 0x00000000aa200000|100%| O|  |TAMS 0x00000000aa200000, 0x00000000aa100000| Untracked 
| 162|0x00000000aa200000, 0x00000000aa300000, 0x00000000aa300000|100%| O|  |TAMS 0x00000000aa300000, 0x00000000aa200000| Untracked 
| 163|0x00000000aa300000, 0x00000000aa400000, 0x00000000aa400000|100%| O|  |TAMS 0x00000000aa400000, 0x00000000aa300000| Untracked 
| 164|0x00000000aa400000, 0x00000000aa500000, 0x00000000aa500000|100%| O|  |TAMS 0x00000000aa400000, 0x00000000aa400000| Untracked 
| 165|0x00000000aa500000, 0x00000000aa600000, 0x00000000aa600000|100%| O|  |TAMS 0x00000000aa600000, 0x00000000aa500000| Untracked 
| 166|0x00000000aa600000, 0x00000000aa700000, 0x00000000aa700000|100%| O|  |TAMS 0x00000000aa700000, 0x00000000aa600000| Untracked 
| 167|0x00000000aa700000, 0x00000000aa800000, 0x00000000aa800000|100%| O|  |TAMS 0x00000000aa800000, 0x00000000aa700000| Untracked 
| 168|0x00000000aa800000, 0x00000000aa900000, 0x00000000aa900000|100%| O|  |TAMS 0x00000000aa900000, 0x00000000aa800000| Untracked 
| 169|0x00000000aa900000, 0x00000000aaa00000, 0x00000000aaa00000|100%| O|  |TAMS 0x00000000aaa00000, 0x00000000aa900000| Untracked 
| 170|0x00000000aaa00000, 0x00000000aab00000, 0x00000000aab00000|100%| O|  |TAMS 0x00000000aab00000, 0x00000000aaa00000| Untracked 
| 171|0x00000000aab00000, 0x00000000aac00000, 0x00000000aac00000|100%| O|  |TAMS 0x00000000aab6e600, 0x00000000aab00000| Untracked 
| 172|0x00000000aac00000, 0x00000000aad00000, 0x00000000aad00000|100%| O|  |TAMS 0x00000000aac00000, 0x00000000aac00000| Untracked 
| 173|0x00000000aad00000, 0x00000000aae00000, 0x00000000aae00000|100%| O|  |TAMS 0x00000000aad00000, 0x00000000aad00000| Untracked 
| 174|0x00000000aae00000, 0x00000000aaf00000, 0x00000000aaf00000|100%| O|  |TAMS 0x00000000aae00000, 0x00000000aae00000| Untracked 
| 175|0x00000000aaf00000, 0x00000000ab000000, 0x00000000ab000000|100%| O|  |TAMS 0x00000000aaf00000, 0x00000000aaf00000| Untracked 
| 176|0x00000000ab000000, 0x00000000ab100000, 0x00000000ab100000|100%| O|  |TAMS 0x00000000ab000000, 0x00000000ab000000| Untracked 
| 177|0x00000000ab100000, 0x00000000ab200000, 0x00000000ab200000|100%| O|  |TAMS 0x00000000ab100000, 0x00000000ab100000| Untracked 
| 178|0x00000000ab200000, 0x00000000ab300000, 0x00000000ab300000|100%| O|  |TAMS 0x00000000ab200000, 0x00000000ab200000| Untracked 
| 179|0x00000000ab300000, 0x00000000ab400000, 0x00000000ab400000|100%| O|  |TAMS 0x00000000ab300000, 0x00000000ab300000| Untracked 
| 180|0x00000000ab400000, 0x00000000ab500000, 0x00000000ab500000|100%| O|  |TAMS 0x00000000ab400000, 0x00000000ab400000| Untracked 
| 181|0x00000000ab500000, 0x00000000ab600000, 0x00000000ab600000|100%| O|  |TAMS 0x00000000ab500000, 0x00000000ab500000| Untracked 
| 182|0x00000000ab600000, 0x00000000ab700000, 0x00000000ab700000|100%| O|  |TAMS 0x00000000ab600000, 0x00000000ab600000| Untracked 
| 183|0x00000000ab700000, 0x00000000ab800000, 0x00000000ab800000|100%| O|  |TAMS 0x00000000ab700000, 0x00000000ab700000| Untracked 
| 184|0x00000000ab800000, 0x00000000ab900000, 0x00000000ab900000|100%| O|  |TAMS 0x00000000ab800000, 0x00000000ab800000| Untracked 
| 185|0x00000000ab900000, 0x00000000aba00000, 0x00000000aba00000|100%| O|  |TAMS 0x00000000ab900000, 0x00000000ab900000| Untracked 
| 186|0x00000000aba00000, 0x00000000abb00000, 0x00000000abb00000|100%| O|  |TAMS 0x00000000aba00000, 0x00000000aba00000| Untracked 
| 187|0x00000000abb00000, 0x00000000abc00000, 0x00000000abc00000|100%| O|  |TAMS 0x00000000abb00000, 0x00000000abb00000| Untracked 
| 188|0x00000000abc00000, 0x00000000abd00000, 0x00000000abd00000|100%| O|  |TAMS 0x00000000abc00000, 0x00000000abc00000| Untracked 
| 189|0x00000000abd00000, 0x00000000abe00000, 0x00000000abe00000|100%| O|  |TAMS 0x00000000abd00000, 0x00000000abd00000| Untracked 
| 190|0x00000000abe00000, 0x00000000abf00000, 0x00000000abf00000|100%| O|  |TAMS 0x00000000abe00000, 0x00000000abe00000| Untracked 
| 191|0x00000000abf00000, 0x00000000ac000000, 0x00000000ac000000|100%| O|  |TAMS 0x00000000abf00000, 0x00000000abf00000| Untracked 
| 192|0x00000000ac000000, 0x00000000ac100000, 0x00000000ac100000|100%| O|  |TAMS 0x00000000ac000000, 0x00000000ac000000| Untracked 
| 193|0x00000000ac100000, 0x00000000ac200000, 0x00000000ac200000|100%| O|  |TAMS 0x00000000ac100000, 0x00000000ac100000| Untracked 
| 194|0x00000000ac200000, 0x00000000ac300000, 0x00000000ac300000|100%| O|  |TAMS 0x00000000ac200000, 0x00000000ac200000| Untracked 
| 195|0x00000000ac300000, 0x00000000ac400000, 0x00000000ac400000|100%| O|  |TAMS 0x00000000ac300000, 0x00000000ac300000| Untracked 
| 196|0x00000000ac400000, 0x00000000ac500000, 0x00000000ac500000|100%| O|  |TAMS 0x00000000ac400000, 0x00000000ac400000| Untracked 
| 197|0x00000000ac500000, 0x00000000ac600000, 0x00000000ac600000|100%| O|  |TAMS 0x00000000ac500000, 0x00000000ac500000| Untracked 
| 198|0x00000000ac600000, 0x00000000ac700000, 0x00000000ac700000|100%| O|  |TAMS 0x00000000ac600000, 0x00000000ac600000| Untracked 
| 199|0x00000000ac700000, 0x00000000ac800000, 0x00000000ac800000|100%| O|  |TAMS 0x00000000ac700000, 0x00000000ac700000| Untracked 
| 200|0x00000000ac800000, 0x00000000ac900000, 0x00000000ac900000|100%| O|  |TAMS 0x00000000ac800000, 0x00000000ac800000| Untracked 
| 201|0x00000000ac900000, 0x00000000aca00000, 0x00000000aca00000|100%| O|  |TAMS 0x00000000ac900000, 0x00000000ac900000| Untracked 
| 202|0x00000000aca00000, 0x00000000acb00000, 0x00000000acb00000|100%| O|  |TAMS 0x00000000aca00000, 0x00000000aca00000| Untracked 
| 203|0x00000000acb00000, 0x00000000acc00000, 0x00000000acc00000|100%| O|  |TAMS 0x00000000acb00000, 0x00000000acb00000| Untracked 
| 204|0x00000000acc00000, 0x00000000acd00000, 0x00000000acd00000|100%| O|  |TAMS 0x00000000acc00000, 0x00000000acc00000| Untracked 
| 205|0x00000000acd00000, 0x00000000acd00000, 0x00000000ace00000|  0%| F|  |TAMS 0x00000000acd00000, 0x00000000acd00000| Untracked 
| 206|0x00000000ace00000, 0x00000000ace00000, 0x00000000acf00000|  0%| F|  |TAMS 0x00000000ace00000, 0x00000000ace00000| Untracked 
| 207|0x00000000acf00000, 0x00000000acf00000, 0x00000000ad000000|  0%| F|  |TAMS 0x00000000acf00000, 0x00000000acf00000| Untracked 
| 208|0x00000000ad000000, 0x00000000ad000000, 0x00000000ad100000|  0%| F|  |TAMS 0x00000000ad000000, 0x00000000ad000000| Untracked 
| 209|0x00000000ad100000, 0x00000000ad100000, 0x00000000ad200000|  0%| F|  |TAMS 0x00000000ad100000, 0x00000000ad100000| Untracked 
| 210|0x00000000ad200000, 0x00000000ad200000, 0x00000000ad300000|  0%| F|  |TAMS 0x00000000ad200000, 0x00000000ad200000| Untracked 
| 211|0x00000000ad300000, 0x00000000ad300000, 0x00000000ad400000|  0%| F|  |TAMS 0x00000000ad300000, 0x00000000ad300000| Untracked 
| 212|0x00000000ad400000, 0x00000000ad400000, 0x00000000ad500000|  0%| F|  |TAMS 0x00000000ad400000, 0x00000000ad400000| Untracked 
| 213|0x00000000ad500000, 0x00000000ad500000, 0x00000000ad600000|  0%| F|  |TAMS 0x00000000ad500000, 0x00000000ad500000| Untracked 
| 214|0x00000000ad600000, 0x00000000ad600000, 0x00000000ad700000|  0%| F|  |TAMS 0x00000000ad600000, 0x00000000ad600000| Untracked 
| 215|0x00000000ad700000, 0x00000000ad700000, 0x00000000ad800000|  0%| F|  |TAMS 0x00000000ad700000, 0x00000000ad700000| Untracked 
| 216|0x00000000ad800000, 0x00000000ad800000, 0x00000000ad900000|  0%| F|  |TAMS 0x00000000ad800000, 0x00000000ad800000| Untracked 
| 217|0x00000000ad900000, 0x00000000ad900000, 0x00000000ada00000|  0%| F|  |TAMS 0x00000000ad900000, 0x00000000ad900000| Untracked 
| 218|0x00000000ada00000, 0x00000000ada00000, 0x00000000adb00000|  0%| F|  |TAMS 0x00000000ada00000, 0x00000000ada00000| Untracked 
| 219|0x00000000adb00000, 0x00000000adb00000, 0x00000000adc00000|  0%| F|  |TAMS 0x00000000adb00000, 0x00000000adb00000| Untracked 
| 220|0x00000000adc00000, 0x00000000adc00000, 0x00000000add00000|  0%| F|  |TAMS 0x00000000adc00000, 0x00000000adc00000| Untracked 
| 221|0x00000000add00000, 0x00000000add00000, 0x00000000ade00000|  0%| F|  |TAMS 0x00000000add00000, 0x00000000add00000| Untracked 
| 222|0x00000000ade00000, 0x00000000ade00000, 0x00000000adf00000|  0%| F|  |TAMS 0x00000000ade00000, 0x00000000ade00000| Untracked 
| 223|0x00000000adf00000, 0x00000000adf00000, 0x00000000ae000000|  0%| F|  |TAMS 0x00000000adf00000, 0x00000000adf00000| Untracked 
| 224|0x00000000ae000000, 0x00000000ae000000, 0x00000000ae100000|  0%| F|  |TAMS 0x00000000ae000000, 0x00000000ae000000| Untracked 
| 225|0x00000000ae100000, 0x00000000ae100000, 0x00000000ae200000|  0%| F|  |TAMS 0x00000000ae100000, 0x00000000ae100000| Untracked 
| 226|0x00000000ae200000, 0x00000000ae200000, 0x00000000ae300000|  0%| F|  |TAMS 0x00000000ae200000, 0x00000000ae200000| Untracked 
| 227|0x00000000ae300000, 0x00000000ae300000, 0x00000000ae400000|  0%| F|  |TAMS 0x00000000ae300000, 0x00000000ae300000| Untracked 
| 228|0x00000000ae400000, 0x00000000ae400000, 0x00000000ae500000|  0%| F|  |TAMS 0x00000000ae400000, 0x00000000ae400000| Untracked 
| 229|0x00000000ae500000, 0x00000000ae500000, 0x00000000ae600000|  0%| F|  |TAMS 0x00000000ae500000, 0x00000000ae500000| Untracked 
| 230|0x00000000ae600000, 0x00000000ae600000, 0x00000000ae700000|  0%| F|  |TAMS 0x00000000ae600000, 0x00000000ae600000| Untracked 
| 231|0x00000000ae700000, 0x00000000ae700000, 0x00000000ae800000|  0%| F|  |TAMS 0x00000000ae700000, 0x00000000ae700000| Untracked 
| 232|0x00000000ae800000, 0x00000000ae800000, 0x00000000ae900000|  0%| F|  |TAMS 0x00000000ae800000, 0x00000000ae800000| Untracked 
| 233|0x00000000ae900000, 0x00000000ae900000, 0x00000000aea00000|  0%| F|  |TAMS 0x00000000ae900000, 0x00000000ae900000| Untracked 
| 234|0x00000000aea00000, 0x00000000aea00000, 0x00000000aeb00000|  0%| F|  |TAMS 0x00000000aea00000, 0x00000000aea00000| Untracked 
| 235|0x00000000aeb00000, 0x00000000aeb00000, 0x00000000aec00000|  0%| F|  |TAMS 0x00000000aeb00000, 0x00000000aeb00000| Untracked 
| 236|0x00000000aec00000, 0x00000000aec00000, 0x00000000aed00000|  0%| F|  |TAMS 0x00000000aec00000, 0x00000000aec00000| Untracked 
| 237|0x00000000aed00000, 0x00000000aed00000, 0x00000000aee00000|  0%| F|  |TAMS 0x00000000aed00000, 0x00000000aed00000| Untracked 
| 238|0x00000000aee00000, 0x00000000aee00000, 0x00000000aef00000|  0%| F|  |TAMS 0x00000000aee00000, 0x00000000aee00000| Untracked 
| 239|0x00000000aef00000, 0x00000000aef00000, 0x00000000af000000|  0%| F|  |TAMS 0x00000000aef00000, 0x00000000aef00000| Untracked 
| 240|0x00000000af000000, 0x00000000af000000, 0x00000000af100000|  0%| F|  |TAMS 0x00000000af000000, 0x00000000af000000| Untracked 
| 241|0x00000000af100000, 0x00000000af100000, 0x00000000af200000|  0%| F|  |TAMS 0x00000000af100000, 0x00000000af100000| Untracked 
| 242|0x00000000af200000, 0x00000000af200000, 0x00000000af300000|  0%| F|  |TAMS 0x00000000af200000, 0x00000000af200000| Untracked 
| 243|0x00000000af300000, 0x00000000af300000, 0x00000000af400000|  0%| F|  |TAMS 0x00000000af300000, 0x00000000af300000| Untracked 
| 244|0x00000000af400000, 0x00000000af400000, 0x00000000af500000|  0%| F|  |TAMS 0x00000000af400000, 0x00000000af400000| Untracked 
| 245|0x00000000af500000, 0x00000000af500000, 0x00000000af600000|  0%| F|  |TAMS 0x00000000af500000, 0x00000000af500000| Untracked 
| 246|0x00000000af600000, 0x00000000af600000, 0x00000000af700000|  0%| F|  |TAMS 0x00000000af600000, 0x00000000af600000| Untracked 
| 247|0x00000000af700000, 0x00000000af700000, 0x00000000af800000|  0%| F|  |TAMS 0x00000000af700000, 0x00000000af700000| Untracked 
| 248|0x00000000af800000, 0x00000000af800000, 0x00000000af900000|  0%| F|  |TAMS 0x00000000af800000, 0x00000000af800000| Untracked 
| 249|0x00000000af900000, 0x00000000af900000, 0x00000000afa00000|  0%| F|  |TAMS 0x00000000af900000, 0x00000000af900000| Untracked 
| 250|0x00000000afa00000, 0x00000000afa00000, 0x00000000afb00000|  0%| F|  |TAMS 0x00000000afa00000, 0x00000000afa00000| Untracked 
| 251|0x00000000afb00000, 0x00000000afc00000, 0x00000000afc00000|100%| S|CS|TAMS 0x00000000afb00000, 0x00000000afb00000| Complete 
| 252|0x00000000afc00000, 0x00000000afd00000, 0x00000000afd00000|100%| S|CS|TAMS 0x00000000afc00000, 0x00000000afc00000| Complete 
| 253|0x00000000afd00000, 0x00000000afe00000, 0x00000000afe00000|100%| S|CS|TAMS 0x00000000afd00000, 0x00000000afd00000| Complete 
| 254|0x00000000afe00000, 0x00000000aff00000, 0x00000000aff00000|100%| S|CS|TAMS 0x00000000afe00000, 0x00000000afe00000| Complete 
| 255|0x00000000aff00000, 0x00000000b0000000, 0x00000000b0000000|100%| S|CS|TAMS 0x00000000aff00000, 0x00000000aff00000| Complete 
| 256|0x00000000b0000000, 0x00000000b0100000, 0x00000000b0100000|100%| S|CS|TAMS 0x00000000b0000000, 0x00000000b0000000| Complete 
| 257|0x00000000b0100000, 0x00000000b0200000, 0x00000000b0200000|100%| S|CS|TAMS 0x00000000b0100000, 0x00000000b0100000| Complete 
| 258|0x00000000b0200000, 0x00000000b0300000, 0x00000000b0300000|100%| S|CS|TAMS 0x00000000b0200000, 0x00000000b0200000| Complete 
| 259|0x00000000b0300000, 0x00000000b0300000, 0x00000000b0400000|  0%| F|  |TAMS 0x00000000b0300000, 0x00000000b0300000| Untracked 
| 260|0x00000000b0400000, 0x00000000b0400000, 0x00000000b0500000|  0%| F|  |TAMS 0x00000000b0400000, 0x00000000b0400000| Untracked 
| 261|0x00000000b0500000, 0x00000000b0500000, 0x00000000b0600000|  0%| F|  |TAMS 0x00000000b0500000, 0x00000000b0500000| Untracked 
| 262|0x00000000b0600000, 0x00000000b0600000, 0x00000000b0700000|  0%| F|  |TAMS 0x00000000b0600000, 0x00000000b0600000| Untracked 
| 263|0x00000000b0700000, 0x00000000b0700000, 0x00000000b0800000|  0%| F|  |TAMS 0x00000000b0700000, 0x00000000b0700000| Untracked 
| 264|0x00000000b0800000, 0x00000000b0800000, 0x00000000b0900000|  0%| F|  |TAMS 0x00000000b0800000, 0x00000000b0800000| Untracked 
| 265|0x00000000b0900000, 0x00000000b0900000, 0x00000000b0a00000|  0%| F|  |TAMS 0x00000000b0900000, 0x00000000b0900000| Untracked 
| 266|0x00000000b0a00000, 0x00000000b0a00000, 0x00000000b0b00000|  0%| F|  |TAMS 0x00000000b0a00000, 0x00000000b0a00000| Untracked 
| 267|0x00000000b0b00000, 0x00000000b0b00000, 0x00000000b0c00000|  0%| F|  |TAMS 0x00000000b0b00000, 0x00000000b0b00000| Untracked 
| 268|0x00000000b0c00000, 0x00000000b0c00000, 0x00000000b0d00000|  0%| F|  |TAMS 0x00000000b0c00000, 0x00000000b0c00000| Untracked 
| 269|0x00000000b0d00000, 0x00000000b0d00000, 0x00000000b0e00000|  0%| F|  |TAMS 0x00000000b0d00000, 0x00000000b0d00000| Untracked 
| 270|0x00000000b0e00000, 0x00000000b0e00000, 0x00000000b0f00000|  0%| F|  |TAMS 0x00000000b0e00000, 0x00000000b0e00000| Untracked 
| 271|0x00000000b0f00000, 0x00000000b0f00000, 0x00000000b1000000|  0%| F|  |TAMS 0x00000000b0f00000, 0x00000000b0f00000| Untracked 
| 272|0x00000000b1000000, 0x00000000b1000000, 0x00000000b1100000|  0%| F|  |TAMS 0x00000000b1000000, 0x00000000b1000000| Untracked 
| 273|0x00000000b1100000, 0x00000000b1100000, 0x00000000b1200000|  0%| F|  |TAMS 0x00000000b1100000, 0x00000000b1100000| Untracked 
| 274|0x00000000b1200000, 0x00000000b1200000, 0x00000000b1300000|  0%| F|  |TAMS 0x00000000b1200000, 0x00000000b1200000| Untracked 
| 275|0x00000000b1300000, 0x00000000b1300000, 0x00000000b1400000|  0%| F|  |TAMS 0x00000000b1300000, 0x00000000b1300000| Untracked 
| 276|0x00000000b1400000, 0x00000000b1400000, 0x00000000b1500000|  0%| F|  |TAMS 0x00000000b1400000, 0x00000000b1400000| Untracked 
| 277|0x00000000b1500000, 0x00000000b1500000, 0x00000000b1600000|  0%| F|  |TAMS 0x00000000b1500000, 0x00000000b1500000| Untracked 
| 278|0x00000000b1600000, 0x00000000b1600000, 0x00000000b1700000|  0%| F|  |TAMS 0x00000000b1600000, 0x00000000b1600000| Untracked 
| 279|0x00000000b1700000, 0x00000000b1700000, 0x00000000b1800000|  0%| F|  |TAMS 0x00000000b1700000, 0x00000000b1700000| Untracked 
| 280|0x00000000b1800000, 0x00000000b1800000, 0x00000000b1900000|  0%| F|  |TAMS 0x00000000b1800000, 0x00000000b1800000| Untracked 
| 281|0x00000000b1900000, 0x00000000b1900000, 0x00000000b1a00000|  0%| F|  |TAMS 0x00000000b1900000, 0x00000000b1900000| Untracked 
| 282|0x00000000b1a00000, 0x00000000b1a00000, 0x00000000b1b00000|  0%| F|  |TAMS 0x00000000b1a00000, 0x00000000b1a00000| Untracked 
| 283|0x00000000b1b00000, 0x00000000b1b00000, 0x00000000b1c00000|  0%| F|  |TAMS 0x00000000b1b00000, 0x00000000b1b00000| Untracked 
| 284|0x00000000b1c00000, 0x00000000b1c00000, 0x00000000b1d00000|  0%| F|  |TAMS 0x00000000b1c00000, 0x00000000b1c00000| Untracked 
| 285|0x00000000b1d00000, 0x00000000b1d00000, 0x00000000b1e00000|  0%| F|  |TAMS 0x00000000b1d00000, 0x00000000b1d00000| Untracked 
| 286|0x00000000b1e00000, 0x00000000b1e00000, 0x00000000b1f00000|  0%| F|  |TAMS 0x00000000b1e00000, 0x00000000b1e00000| Untracked 
| 287|0x00000000b1f00000, 0x00000000b1f00000, 0x00000000b2000000|  0%| F|  |TAMS 0x00000000b1f00000, 0x00000000b1f00000| Untracked 
| 288|0x00000000b2000000, 0x00000000b2000000, 0x00000000b2100000|  0%| F|  |TAMS 0x00000000b2000000, 0x00000000b2000000| Untracked 
| 289|0x00000000b2100000, 0x00000000b21961c0, 0x00000000b2200000| 58%| E|  |TAMS 0x00000000b2100000, 0x00000000b2100000| Complete 
| 290|0x00000000b2200000, 0x00000000b2300000, 0x00000000b2300000|100%| E|CS|TAMS 0x00000000b2200000, 0x00000000b2200000| Complete 
| 291|0x00000000b2300000, 0x00000000b2400000, 0x00000000b2400000|100%| E|CS|TAMS 0x00000000b2300000, 0x00000000b2300000| Complete 
| 292|0x00000000b2400000, 0x00000000b2500000, 0x00000000b2500000|100%| E|CS|TAMS 0x00000000b2400000, 0x00000000b2400000| Complete 
| 293|0x00000000b2500000, 0x00000000b2600000, 0x00000000b2600000|100%| E|CS|TAMS 0x00000000b2500000, 0x00000000b2500000| Complete 
| 294|0x00000000b2600000, 0x00000000b2700000, 0x00000000b2700000|100%| E|CS|TAMS 0x00000000b2600000, 0x00000000b2600000| Complete 
| 295|0x00000000b2700000, 0x00000000b2800000, 0x00000000b2800000|100%| E|CS|TAMS 0x00000000b2700000, 0x00000000b2700000| Complete 
| 296|0x00000000b2800000, 0x00000000b2900000, 0x00000000b2900000|100%| E|CS|TAMS 0x00000000b2800000, 0x00000000b2800000| Complete 
| 297|0x00000000b2900000, 0x00000000b2a00000, 0x00000000b2a00000|100%| E|CS|TAMS 0x00000000b2900000, 0x00000000b2900000| Complete 
| 298|0x00000000b2a00000, 0x00000000b2b00000, 0x00000000b2b00000|100%| E|CS|TAMS 0x00000000b2a00000, 0x00000000b2a00000| Complete 
| 299|0x00000000b2b00000, 0x00000000b2c00000, 0x00000000b2c00000|100%| E|CS|TAMS 0x00000000b2b00000, 0x00000000b2b00000| Complete 
| 300|0x00000000b2c00000, 0x00000000b2d00000, 0x00000000b2d00000|100%| E|CS|TAMS 0x00000000b2c00000, 0x00000000b2c00000| Complete 
| 301|0x00000000b2d00000, 0x00000000b2e00000, 0x00000000b2e00000|100%| E|CS|TAMS 0x00000000b2d00000, 0x00000000b2d00000| Complete 
| 302|0x00000000b2e00000, 0x00000000b2f00000, 0x00000000b2f00000|100%| E|CS|TAMS 0x00000000b2e00000, 0x00000000b2e00000| Complete 
| 303|0x00000000b2f00000, 0x00000000b3000000, 0x00000000b3000000|100%| E|CS|TAMS 0x00000000b2f00000, 0x00000000b2f00000| Complete 
| 304|0x00000000b3000000, 0x00000000b3100000, 0x00000000b3100000|100%| E|CS|TAMS 0x00000000b3000000, 0x00000000b3000000| Complete 
| 305|0x00000000b3100000, 0x00000000b3200000, 0x00000000b3200000|100%| E|CS|TAMS 0x00000000b3100000, 0x00000000b3100000| Complete 
| 306|0x00000000b3200000, 0x00000000b3300000, 0x00000000b3300000|100%| E|CS|TAMS 0x00000000b3200000, 0x00000000b3200000| Complete 
| 307|0x00000000b3300000, 0x00000000b3400000, 0x00000000b3400000|100%| E|CS|TAMS 0x00000000b3300000, 0x00000000b3300000| Complete 
| 308|0x00000000b3400000, 0x00000000b3500000, 0x00000000b3500000|100%| E|CS|TAMS 0x00000000b3400000, 0x00000000b3400000| Complete 
| 309|0x00000000b3500000, 0x00000000b3600000, 0x00000000b3600000|100%| E|CS|TAMS 0x00000000b3500000, 0x00000000b3500000| Complete 
| 310|0x00000000b3600000, 0x00000000b3700000, 0x00000000b3700000|100%| E|CS|TAMS 0x00000000b3600000, 0x00000000b3600000| Complete 
| 311|0x00000000b3700000, 0x00000000b3800000, 0x00000000b3800000|100%| E|CS|TAMS 0x00000000b3700000, 0x00000000b3700000| Complete 

Card table byte_map: [0x00000201c83f0000,0x00000201c86f0000] _byte_map_base: 0x00000201c7ef0000

Marking Bits (Prev, Next): (CMBitMap*) 0x00000201b5c68c20, (CMBitMap*) 0x00000201b5c68c60
 Prev Bits: [0x00000201c89f0000, 0x00000201ca1f0000)
 Next Bits: [0x00000201ca1f0000, 0x00000201cb9f0000)

Polling page: 0x00000201b3c30000

Metaspace:

Usage:
  Non-class:     89.38 MB used.
      Class:     13.79 MB used.
       Both:    103.17 MB used.

Virtual space:
  Non-class space:       96.00 MB reserved,      90.19 MB ( 94%) committed,  12 nodes.
      Class space:        1.00 GB reserved,      14.44 MB (  1%) committed,  1 nodes.
             Both:        1.09 GB reserved,     104.62 MB (  9%) committed. 

Chunk freelists:
   Non-Class:  1.38 MB
       Class:  1.44 MB
        Both:  2.82 MB

MaxMetaspaceSize: unlimited
CompressedClassSpaceSize: 1.00 GB
Initial GC threshold: 21.00 MB
Current GC threshold: 159.31 MB
CDS: off
MetaspaceReclaimPolicy: balanced
 - commit_granule_bytes: 65536.
 - commit_granule_words: 8192.
 - virtual_space_node_default_size: 1048576.
 - enlarge_chunks_in_place: 1.
 - new_chunks_are_fully_committed: 0.
 - uncommit_free_chunks: 1.
 - use_allocation_guard: 0.
 - handle_deallocations: 1.


Internal statistics:

num_allocs_failed_limit: 8.
num_arena_births: 2156.
num_arena_deaths: 0.
num_vsnodes_births: 13.
num_vsnodes_deaths: 0.
num_space_committed: 1674.
num_space_uncommitted: 0.
num_chunks_returned_to_freelist: 8.
num_chunks_taken_from_freelist: 6646.
num_chunk_merges: 3.
num_chunk_splits: 4023.
num_chunks_enlarged: 2220.
num_purges: 0.
num_inconsistent_stats: 0.

CodeHeap 'non-profiled nmethods': size=120000Kb used=10662Kb max_used=11171Kb free=109338Kb
 bounds [0x00000201c0bc0000, 0x00000201c16b0000, 0x00000201c80f0000]
CodeHeap 'profiled nmethods': size=120000Kb used=25996Kb max_used=27719Kb free=94003Kb
 bounds [0x00000201b90f0000, 0x00000201bac10000, 0x00000201c0620000]
CodeHeap 'non-nmethods': size=5760Kb used=2389Kb max_used=2511Kb free=3370Kb
 bounds [0x00000201c0620000, 0x00000201c08b0000, 0x00000201c0bc0000]
 total_blobs=14640 nmethods=13715 adapters=835
 compilation: enabled
              stopped_count=0, restarted_count=0
 full_count=0

Compilation events (20 events):
Event: 92.715 Thread 0x00000201ce86f0c0 16817       1       org.gradle.model.internal.registry.DefaultModelRegistry$ModelNodeGoal::getPath (5 bytes)
Event: 92.716 Thread 0x00000201ce86f0c0 nmethod 16817 0x00000201c147eb90 code [0x00000201c147ed20, 0x00000201c147edf8]
Event: 92.716 Thread 0x00000201ce86f0c0 16818       1       org.gradle.model.internal.core.ModelPath$1::toString (3 bytes)
Event: 92.716 Thread 0x00000201ce86f0c0 nmethod 16818 0x00000201c147e890 code [0x00000201c147ea20, 0x00000201c147eaf8]
Event: 92.716 Thread 0x00000201ce86f0c0 16819       3       org.gradle.api.internal.tasks.DefaultTaskCollection_Decorated::getMutationGuard (39 bytes)
Event: 92.716 Thread 0x00000201ce86f0c0 nmethod 16819 0x00000201b9b98510 code [0x00000201b9b98720, 0x00000201b9b98cd8]
Event: 92.720 Thread 0x00000201ce86f0c0 16820       3       org.gradle.composite.internal.DefaultRootBuildState::getBuildIdentifier (4 bytes)
Event: 92.720 Thread 0x00000201ce86f0c0 nmethod 16820 0x00000201b9292290 code [0x00000201b9292420, 0x00000201b9292538]
Event: 92.736 Thread 0x00000201ce86f0c0 16821       3       java.nio.MappedByteBuffer::flip (5 bytes)
Event: 92.737 Thread 0x00000201ce86f0c0 nmethod 16821 0x00000201b9419310 code [0x00000201b94194c0, 0x00000201b94196f8]
Event: 92.776 Thread 0x00000201ce86f0c0 16822       1       org.gradle.api.internal.artifacts.repositories.AuthenticationSupporter::getAuthentication (5 bytes)
Event: 92.777 Thread 0x00000201ce86f0c0 nmethod 16822 0x00000201c147e410 code [0x00000201c147e5a0, 0x00000201c147e678]
Event: 92.777 Thread 0x00000201ce86f0c0 16823       3       org.gradle.api.internal.artifacts.repositories.DefaultUrlArtifactRepository::getUrl (25 bytes)
Event: 92.777 Thread 0x00000201ce86f0c0 nmethod 16823 0x00000201b968ad90 code [0x00000201b968af40, 0x00000201b968b268]
Event: 92.777 Thread 0x00000201ce86f0c0 16824       1       java.net.URI::getRawPath (5 bytes)
Event: 92.778 Thread 0x00000201ce86f0c0 nmethod 16824 0x00000201c148b790 code [0x00000201c148b920, 0x00000201c148b9f8]
Event: 92.778 Thread 0x00000201ce86f0c0 16825       3       org.gradle.internal.resource.ExternalResourceName::isFileOnHost (30 bytes)
Event: 92.778 Thread 0x00000201ce86f0c0 nmethod 16825 0x00000201b92d8d10 code [0x00000201b92d8f00, 0x00000201b92d9388]
Event: 92.817 Thread 0x00000201d34306a0 nmethod 16815 0x00000201c0c48810 code [0x00000201c0c48b20, 0x00000201c0c4b550]
Event: 92.817 Thread 0x00000201d34306a0 16826       4       org.gradle.api.internal.artifacts.ivyservice.ivyresolve.CachingModuleComponentRepository$LocateInCacheRepositoryAccess::getProcessedMetadata (41 bytes)

GC Heap History (20 events):
Event: 46.059 GC heap before
{Heap before GC invocations=66 (full 0):
 garbage-first heap   total 205824K, used 180215K [0x00000000a0000000, 0x0000000100000000)
  region size 1024K, 10 young (10240K), 2 survivors (2048K)
 Metaspace       used 95798K, committed 97024K, reserved 1138688K
  class space    used 13003K, committed 13504K, reserved 1048576K
}
Event: 46.072 GC heap after
{Heap after GC invocations=67 (full 0):
 garbage-first heap   total 205824K, used 175406K [0x00000000a0000000, 0x0000000100000000)
  region size 1024K, 2 young (2048K), 2 survivors (2048K)
 Metaspace       used 95798K, committed 97024K, reserved 1138688K
  class space    used 13003K, committed 13504K, reserved 1048576K
}
Event: 46.338 GC heap before
{Heap before GC invocations=67 (full 0):
 garbage-first heap   total 205824K, used 183598K [0x00000000a0000000, 0x0000000100000000)
  region size 1024K, 10 young (10240K), 2 survivors (2048K)
 Metaspace       used 95998K, committed 97216K, reserved 1138688K
  class space    used 13030K, committed 13568K, reserved 1048576K
}
Event: 46.348 GC heap after
{Heap after GC invocations=68 (full 0):
 garbage-first heap   total 205824K, used 176860K [0x00000000a0000000, 0x0000000100000000)
  region size 1024K, 2 young (2048K), 2 survivors (2048K)
 Metaspace       used 95998K, committed 97216K, reserved 1138688K
  class space    used 13030K, committed 13568K, reserved 1048576K
}
Event: 46.815 GC heap before
{Heap before GC invocations=68 (full 0):
 garbage-first heap   total 205824K, used 185052K [0x00000000a0000000, 0x0000000100000000)
  region size 1024K, 10 young (10240K), 2 survivors (2048K)
 Metaspace       used 96187K, committed 97472K, reserved 1138688K
  class space    used 13064K, committed 13632K, reserved 1048576K
}
Event: 46.823 GC heap after
{Heap after GC invocations=69 (full 0):
 garbage-first heap   total 253952K, used 178634K [0x00000000a0000000, 0x0000000100000000)
  region size 1024K, 2 young (2048K), 2 survivors (2048K)
 Metaspace       used 96187K, committed 97472K, reserved 1138688K
  class space    used 13064K, committed 13632K, reserved 1048576K
}
Event: 47.784 GC heap before
{Heap before GC invocations=70 (full 0):
 garbage-first heap   total 319488K, used 203210K [0x00000000a0000000, 0x0000000100000000)
  region size 1024K, 26 young (26624K), 2 survivors (2048K)
 Metaspace       used 96792K, committed 98176K, reserved 1138688K
  class space    used 13159K, committed 13760K, reserved 1048576K
}
Event: 47.798 GC heap after
{Heap after GC invocations=71 (full 0):
 garbage-first heap   total 319488K, used 182558K [0x00000000a0000000, 0x0000000100000000)
  region size 1024K, 4 young (4096K), 4 survivors (4096K)
 Metaspace       used 96792K, committed 98176K, reserved 1138688K
  class space    used 13159K, committed 13760K, reserved 1048576K
}
Event: 48.186 GC heap before
{Heap before GC invocations=71 (full 0):
 garbage-first heap   total 319488K, used 193822K [0x00000000a0000000, 0x0000000100000000)
  region size 1024K, 15 young (15360K), 4 survivors (4096K)
 Metaspace       used 97182K, committed 98560K, reserved 1138688K
  class space    used 13218K, committed 13824K, reserved 1048576K
}
Event: 48.203 GC heap after
{Heap after GC invocations=72 (full 0):
 garbage-first heap   total 319488K, used 182613K [0x00000000a0000000, 0x0000000100000000)
  region size 1024K, 2 young (2048K), 2 survivors (2048K)
 Metaspace       used 97182K, committed 98560K, reserved 1138688K
  class space    used 13218K, committed 13824K, reserved 1048576K
}
Event: 50.283 GC heap before
{Heap before GC invocations=72 (full 0):
 garbage-first heap   total 319488K, used 248149K [0x00000000a0000000, 0x0000000100000000)
  region size 1024K, 64 young (65536K), 2 survivors (2048K)
 Metaspace       used 100275K, committed 101696K, reserved 1138688K
  class space    used 13582K, committed 14208K, reserved 1048576K
}
Event: 50.298 GC heap after
{Heap after GC invocations=73 (full 0):
 garbage-first heap   total 319488K, used 190707K [0x00000000a0000000, 0x0000000100000000)
  region size 1024K, 8 young (8192K), 8 survivors (8192K)
 Metaspace       used 100275K, committed 101696K, reserved 1138688K
  class space    used 13582K, committed 14208K, reserved 1048576K
}
Event: 61.185 GC heap before
{Heap before GC invocations=73 (full 0):
 garbage-first heap   total 319488K, used 247027K [0x00000000a0000000, 0x0000000100000000)
  region size 1024K, 64 young (65536K), 8 survivors (8192K)
 Metaspace       used 101615K, committed 103040K, reserved 1138688K
  class space    used 13776K, committed 14400K, reserved 1048576K
}
Event: 61.200 GC heap after
{Heap after GC invocations=74 (full 0):
 garbage-first heap   total 319488K, used 193071K [0x00000000a0000000, 0x0000000100000000)
  region size 1024K, 3 young (3072K), 3 survivors (3072K)
 Metaspace       used 101615K, committed 103040K, reserved 1138688K
  class space    used 13776K, committed 14400K, reserved 1048576K
}
Event: 87.572 GC heap before
{Heap before GC invocations=74 (full 0):
 garbage-first heap   total 319488K, used 253487K [0x00000000a0000000, 0x0000000100000000)
  region size 1024K, 63 young (64512K), 3 survivors (3072K)
 Metaspace       used 105096K, committed 106560K, reserved 1146880K
  class space    used 14063K, committed 14720K, reserved 1048576K
}
Event: 87.583 GC heap after
{Heap after GC invocations=75 (full 0):
 garbage-first heap   total 319488K, used 196836K [0x00000000a0000000, 0x0000000100000000)
  region size 1024K, 6 young (6144K), 6 survivors (6144K)
 Metaspace       used 105096K, committed 106560K, reserved 1146880K
  class space    used 14063K, committed 14720K, reserved 1048576K
}
Event: 90.102 GC heap before
{Heap before GC invocations=75 (full 0):
 garbage-first heap   total 319488K, used 260324K [0x00000000a0000000, 0x0000000100000000)
  region size 1024K, 68 young (69632K), 6 survivors (6144K)
 Metaspace       used 105463K, committed 107008K, reserved 1146880K
  class space    used 14116K, committed 14784K, reserved 1048576K
}
Event: 90.130 GC heap after
{Heap after GC invocations=76 (full 0):
 garbage-first heap   total 319488K, used 207815K [0x00000000a0000000, 0x0000000100000000)
  region size 1024K, 9 young (9216K), 9 survivors (9216K)
 Metaspace       used 105463K, committed 107008K, reserved 1146880K
  class space    used 14116K, committed 14784K, reserved 1048576K
}
Event: 91.880 GC heap before
{Heap before GC invocations=76 (full 0):
 garbage-first heap   total 319488K, used 261063K [0x00000000a0000000, 0x0000000100000000)
  region size 1024K, 62 young (63488K), 9 survivors (9216K)
 Metaspace       used 105595K, committed 107136K, reserved 1146880K
  class space    used 14119K, committed 14784K, reserved 1048576K
}
Event: 91.912 GC heap after
{Heap after GC invocations=77 (full 0):
 garbage-first heap   total 319488K, used 218112K [0x00000000a0000000, 0x0000000100000000)
  region size 1024K, 8 young (8192K), 8 survivors (8192K)
 Metaspace       used 105595K, committed 107136K, reserved 1146880K
  class space    used 14119K, committed 14784K, reserved 1048576K
}

Dll operation events (2 events):
Event: 0.020 Loaded shared library C:\Program Files\Android\Android Studio\jbr\bin\java.dll
Event: 1.313 Loaded shared library C:\Program Files\Android\Android Studio\jbr\bin\verify.dll

Deoptimization events (20 events):
Event: 88.836 Thread 0x00000201d10843e0 DEOPT PACKING pc=0x00000201ba302ac5 sp=0x000000cb251f8c60
Event: 88.836 Thread 0x00000201d10843e0 DEOPT UNPACKING pc=0x00000201c0677143 sp=0x000000cb251f7fe8 mode 0
Event: 88.916 Thread 0x00000201d1a387c0 DEOPT PACKING pc=0x00000201ba90e917 sp=0x000000cb265febe0
Event: 88.916 Thread 0x00000201d1a387c0 DEOPT UNPACKING pc=0x00000201c0677143 sp=0x000000cb265fe0a8 mode 0
Event: 89.675 Thread 0x00000201d10843e0 Uncommon trap: trap_request=0xffffff66 fr.pc=0x00000201c149df64 relative=0x0000000000000664
Event: 89.675 Thread 0x00000201d10843e0 Uncommon trap: reason=speculate_class_check action=maybe_recompile pc=0x00000201c149df64 method=java.util.regex.Pattern$CharPredicate.lambda$negate$3(I)Z @ 2 c2
Event: 89.675 Thread 0x00000201d10843e0 DEOPT PACKING pc=0x00000201c149df64 sp=0x000000cb251f9520
Event: 89.675 Thread 0x00000201d10843e0 DEOPT UNPACKING pc=0x00000201c06769a3 sp=0x000000cb251f93e0 mode 2
Event: 89.982 Thread 0x00000201d10843e0 DEOPT PACKING pc=0x00000201b987479f sp=0x000000cb251f4fb0
Event: 89.982 Thread 0x00000201d10843e0 DEOPT UNPACKING pc=0x00000201c0677143 sp=0x000000cb251f4470 mode 0
Event: 90.242 Thread 0x00000201d1a36610 Uncommon trap: trap_request=0xffffff45 fr.pc=0x00000201c14d31a4 relative=0x0000000000000f64
Event: 90.242 Thread 0x00000201d1a36610 Uncommon trap: reason=unstable_if action=reinterpret pc=0x00000201c14d31a4 method=java.util.concurrent.ArrayBlockingQueue.enqueue(Ljava/lang/Object;)V @ 25 c2
Event: 90.242 Thread 0x00000201d1a36610 DEOPT PACKING pc=0x00000201c14d31a4 sp=0x000000cb262ff080
Event: 90.242 Thread 0x00000201d1a36610 DEOPT UNPACKING pc=0x00000201c06769a3 sp=0x000000cb262fef88 mode 2
Event: 90.256 Thread 0x00000201d1082700 Uncommon trap: trap_request=0xffffff45 fr.pc=0x00000201c14ba23c relative=0x0000000000001a7c
Event: 90.256 Thread 0x00000201d1082700 Uncommon trap: reason=unstable_if action=reinterpret pc=0x00000201c14ba23c method=java.util.concurrent.ArrayBlockingQueue.dequeue()Ljava/lang/Object; @ 32 c2
Event: 90.256 Thread 0x00000201d1082700 DEOPT PACKING pc=0x00000201c14ba23c sp=0x000000cb255fef90
Event: 90.256 Thread 0x00000201d1082700 DEOPT UNPACKING pc=0x00000201c06769a3 sp=0x000000cb255fef10 mode 2
Event: 90.475 Thread 0x00000201d10843e0 DEOPT PACKING pc=0x00000201b9e84365 sp=0x000000cb251f8d30
Event: 90.475 Thread 0x00000201d10843e0 DEOPT UNPACKING pc=0x00000201c0677143 sp=0x000000cb251f80d8 mode 0

Classes unloaded (0 events):
No events

Classes redefined (0 events):
No events

Internal exceptions (20 events):
Event: 51.207 Thread 0x00000201daac8360 Exception <a 'java/lang/ClassNotFoundException'{0x00000000b0fe0858}: java/lang/BooleanBeanInfo> (0x00000000b0fe0858) 
thrown [s\src\hotspot\share\classfile\systemDictionary.cpp, line 256]
Event: 51.207 Thread 0x00000201daac8360 Exception <a 'java/lang/ClassNotFoundException'{0x00000000b0fe8538}: java/lang/BooleanCustomizer> (0x00000000b0fe8538) 
thrown [s\src\hotspot\share\classfile\systemDictionary.cpp, line 256]
Event: 51.258 Thread 0x00000201daac7e90 Exception <a 'java/lang/NoSuchMethodError'{0x00000000b0e5bf78}: 'void java.lang.invoke.DirectMethodHandle$Holder.invokeStatic(java.lang.Object, long)'> (0x00000000b0e5bf78) 
thrown [s\src\hotspot\share\interpreter\linkResolver.cpp, line 771]
Event: 51.259 Thread 0x00000201daac7e90 Exception <a 'java/lang/NoSuchMethodError'{0x00000000b0e611e8}: 'java.lang.Object java.lang.invoke.DirectMethodHandle$Holder.newInvokeSpecial(java.lang.Object, long)'> (0x00000000b0e611e8) 
thrown [s\src\hotspot\share\interpreter\linkResolver.cpp, line 771]
Event: 51.261 Thread 0x00000201daac7e90 Exception <a 'java/lang/NoSuchMethodError'{0x00000000b0e67c88}: 'java.lang.Object java.lang.invoke.DirectMethodHandle$Holder.invokeStatic(java.lang.Object, java.lang.Object, long, java.lang.Object)'> (0x00000000b0e67c88) 
thrown [s\src\hotspot\share\interpreter\linkResolver.cpp, line 771]
Event: 51.261 Thread 0x00000201daac7e90 Exception <a 'java/lang/NoSuchMethodError'{0x00000000b0e6b6d8}: 'java.lang.Object java.lang.invoke.DirectMethodHandle$Holder.invokeStaticInit(java.lang.Object, java.lang.Object, long, java.lang.Object)'> (0x00000000b0e6b6d8) 
thrown [s\src\hotspot\share\interpreter\linkResolver.cpp, line 771]
Event: 60.851 Thread 0x00000201daac8360 Exception <a 'java/lang/reflect/InvocationTargetException'{0x00000000b0e42b38}> (0x00000000b0e42b38) 
thrown [s\src\hotspot\share\runtime\reflection.cpp, line 1127]
Event: 61.027 Thread 0x00000201daac49a0 Implicit null exception at 0x00000201c0ea6303 to 0x00000201c0ea64dc
Event: 61.027 Thread 0x00000201daac49a0 Exception <a 'sun/nio/fs/WindowsException'{0x00000000b0100fe0}> (0x00000000b0100fe0) 
thrown [s\src\hotspot\share\prims\jni.cpp, line 517]
Event: 61.649 Thread 0x00000201d10843e0 Implicit null exception at 0x00000201c0d9508f to 0x00000201c0d950dc
Event: 61.832 Thread 0x00000201d1082bd0 Exception <a 'java/lang/NoSuchMethodError'{0x00000000b221d078}: static Lorg/gradle/tooling/internal/provider/serialization/ClassLoaderDetails;.<clinit>()V> (0x00000000b221d078) 
thrown [s\src\hotspot\share\prims\jni.cpp, line 1108]
Event: 61.833 Thread 0x00000201d1082bd0 Exception <a 'java/lang/NoSuchMethodError'{0x00000000b222eab8}: static Lorg/gradle/tooling/internal/provider/serialization/WellKnownClassLoaderRegistry$KnownClassLoaderSpec;.<clinit>()V> (0x00000000b222eab8) 
thrown [s\src\hotspot\share\prims\jni.cpp, line 1108]
Event: 61.833 Thread 0x00000201d1082bd0 Exception <a 'java/lang/NoSuchMethodError'{0x00000000b2230130}: static Lorg/gradle/internal/classloader/ClassLoaderSpec;.<clinit>()V> (0x00000000b2230130) 
thrown [s\src\hotspot\share\prims\jni.cpp, line 1108]
Event: 61.835 Thread 0x00000201d1082bd0 Exception <a 'java/lang/NoSuchMethodError'{0x00000000b2241ff8}: static Lorg/gradle/internal/classloader/ClassLoaderSpec;.<clinit>()V> (0x00000000b2241ff8) 
thrown [s\src\hotspot\share\prims\jni.cpp, line 1108]
Event: 61.837 Thread 0x00000201d1082bd0 Exception <a 'java/lang/NoSuchMethodError'{0x00000000b2250060}: static Lorg/gradle/internal/classloader/VisitableURLClassLoader$Spec;.<clinit>()V> (0x00000000b2250060) 
thrown [s\src\hotspot\share\prims\jni.cpp, line 1108]
Event: 65.968 Thread 0x00000201d1083a40 Implicit null exception at 0x00000201c0efebf5 to 0x00000201c0eff338
Event: 65.969 Thread 0x00000201d1083a40 Implicit null exception at 0x00000201c0d07272 to 0x00000201c0d079a4
Event: 87.039 Thread 0x00000201d10843e0 Implicit null exception at 0x00000201c137ec05 to 0x00000201c137ed84
Event: 87.189 Thread 0x00000201d10843e0 Exception <a 'sun/nio/fs/WindowsException'{0x00000000b0588ed0}> (0x00000000b0588ed0) 
thrown [s\src\hotspot\share\prims\jni.cpp, line 517]
Event: 87.279 Thread 0x00000201d10843e0 Implicit null exception at 0x00000201c134a060 to 0x00000201c134a114

VM Operations (20 events):
Event: 86.929 Executing VM operation: Cleanup
Event: 86.930 Executing VM operation: Cleanup done
Event: 87.572 Executing VM operation: G1CollectForAllocation
Event: 87.583 Executing VM operation: G1CollectForAllocation done
Event: 88.584 Executing VM operation: Cleanup
Event: 88.585 Executing VM operation: Cleanup done
Event: 89.594 Executing VM operation: Cleanup
Event: 89.594 Executing VM operation: Cleanup done
Event: 90.102 Executing VM operation: G1CollectForAllocation
Event: 90.130 Executing VM operation: G1CollectForAllocation done
Event: 90.256 Executing VM operation: HandshakeAllThreads
Event: 90.256 Executing VM operation: HandshakeAllThreads done
Event: 91.263 Executing VM operation: Cleanup
Event: 91.265 Executing VM operation: Cleanup done
Event: 91.458 Executing VM operation: HandshakeAllThreads
Event: 91.459 Executing VM operation: HandshakeAllThreads done
Event: 91.879 Executing VM operation: G1CollectForAllocation
Event: 91.923 Executing VM operation: G1CollectForAllocation done
Event: 92.040 Executing VM operation: HandshakeAllThreads
Event: 92.040 Executing VM operation: HandshakeAllThreads done

Events (20 events):
Event: 92.067 Thread 0x00000201ce8ce7f0 flushing nmethod 0x00000201ba9f1f90
Event: 92.067 Thread 0x00000201ce8ce7f0 flushing nmethod 0x00000201ba9f8890
Event: 92.067 Thread 0x00000201ce8ce7f0 flushing nmethod 0x00000201ba9fda90
Event: 92.067 Thread 0x00000201ce8ce7f0 flushing nmethod 0x00000201ba9fff10
Event: 92.067 Thread 0x00000201ce8ce7f0 flushing nmethod 0x00000201baa19b90
Event: 92.067 Thread 0x00000201ce8ce7f0 flushing nmethod 0x00000201baa1eb90
Event: 92.067 Thread 0x00000201ce8ce7f0 flushing nmethod 0x00000201baa21d90
Event: 92.067 Thread 0x00000201ce8ce7f0 flushing nmethod 0x00000201baa24990
Event: 92.067 Thread 0x00000201ce8ce7f0 flushing nmethod 0x00000201baa24e10
Event: 92.067 Thread 0x00000201ce8ce7f0 flushing nmethod 0x00000201baa3bc90
Event: 92.067 Thread 0x00000201ce8ce7f0 flushing nmethod 0x00000201baa3da90
Event: 92.067 Thread 0x00000201ce8ce7f0 flushing nmethod 0x00000201baa3e110
Event: 92.067 Thread 0x00000201ce8ce7f0 flushing nmethod 0x00000201baa49190
Event: 92.067 Thread 0x00000201ce8ce7f0 flushing nmethod 0x00000201baa52d10
Event: 92.068 Thread 0x00000201ce8ce7f0 flushing nmethod 0x00000201baa64710
Event: 92.068 Thread 0x00000201ce8ce7f0 flushing nmethod 0x00000201baa65890
Event: 92.068 Thread 0x00000201ce8ce7f0 flushing nmethod 0x00000201baa67590
Event: 92.068 Thread 0x00000201ce8ce7f0 flushing nmethod 0x00000201baa6bb10
Event: 92.068 Thread 0x00000201ce8ce7f0 flushing nmethod 0x00000201baa77190
Event: 92.068 Thread 0x00000201ce8ce7f0 flushing nmethod 0x00000201baaae790


Dynamic libraries:
0x00007ff67dc30000 - 0x00007ff67dc3a000 	C:\Program Files\Android\Android Studio\jbr\bin\java.exe
0x00007ffb6d3f0000 - 0x00007ffb6d5e8000 	C:\Windows\SYSTEM32\ntdll.dll
0x00007ffb6cfe0000 - 0x00007ffb6d09f000 	C:\Windows\System32\KERNEL32.DLL
0x00007ffb6af40000 - 0x00007ffb6b236000 	C:\Windows\System32\KERNELBASE.dll
0x00007ffb6ab70000 - 0x00007ffb6ac70000 	C:\Windows\System32\ucrtbase.dll
0x00007ffb66090000 - 0x00007ffb660a7000 	C:\Program Files\Android\Android Studio\jbr\bin\jli.dll
0x00007ffb6b7f0000 - 0x00007ffb6b98d000 	C:\Windows\System32\USER32.dll
0x00007ffb6aec0000 - 0x00007ffb6aee2000 	C:\Windows\System32\win32u.dll
0x00007ffb6b600000 - 0x00007ffb6b62c000 	C:\Windows\System32\GDI32.dll
0x00007ffb6ada0000 - 0x00007ffb6aeb5000 	C:\Windows\System32\gdi32full.dll
0x00007ffb6aad0000 - 0x00007ffb6ab6d000 	C:\Windows\System32\msvcp_win.dll
0x00007ffb64360000 - 0x00007ffb6437b000 	C:\Program Files\Android\Android Studio\jbr\bin\VCRUNTIME140.dll
0x00007ffb4f060000 - 0x00007ffb4f2fa000 	C:\Windows\WinSxS\amd64_microsoft.windows.common-controls_6595b64144ccf1df_6.0.19041.1110_none_60b5254171f9507e\COMCTL32.dll
0x00007ffb6c6d0000 - 0x00007ffb6c76e000 	C:\Windows\System32\msvcrt.dll
0x00007ffb6c770000 - 0x00007ffb6c7a0000 	C:\Windows\System32\IMM32.DLL
0x00007ffb66110000 - 0x00007ffb6611c000 	C:\Program Files\Android\Android Studio\jbr\bin\vcruntime140_1.dll
0x00007ffb45d80000 - 0x00007ffb45e0d000 	C:\Program Files\Android\Android Studio\jbr\bin\msvcp140.dll
0x00007ffb19f30000 - 0x00007ffb1ab9d000 	C:\Program Files\Android\Android Studio\jbr\bin\server\jvm.dll
0x00007ffb6b550000 - 0x00007ffb6b5ff000 	C:\Windows\System32\ADVAPI32.dll
0x00007ffb6cc70000 - 0x00007ffb6cd0c000 	C:\Windows\System32\sechost.dll
0x00007ffb6d0a0000 - 0x00007ffb6d1c6000 	C:\Windows\System32\RPCRT4.dll
0x00007ffb4f8c0000 - 0x00007ffb4f8c9000 	C:\Windows\SYSTEM32\WSOCK32.dll
0x00007ffb6c300000 - 0x00007ffb6c36b000 	C:\Windows\System32\WS2_32.dll
0x00007ffb59dd0000 - 0x00007ffb59df7000 	C:\Windows\SYSTEM32\WINMM.dll
0x00007ffb5a9e0000 - 0x00007ffb5a9ea000 	C:\Windows\SYSTEM32\VERSION.dll
0x00007ffb689f0000 - 0x00007ffb68a02000 	C:\Windows\SYSTEM32\kernel.appcore.dll
0x00007ffb4f890000 - 0x00007ffb4f89a000 	C:\Program Files\Android\Android Studio\jbr\bin\jimage.dll
0x00007ffb68280000 - 0x00007ffb68464000 	C:\Windows\SYSTEM32\DBGHELP.DLL
0x00007ffb575a0000 - 0x00007ffb575d4000 	C:\Windows\SYSTEM32\dbgcore.DLL
0x00007ffb6ad10000 - 0x00007ffb6ad92000 	C:\Windows\System32\bcryptPrimitives.dll
0x00007ffb1ded0000 - 0x00007ffb1def5000 	C:\Program Files\Android\Android Studio\jbr\bin\java.dll
0x00007ffb35400000 - 0x00007ffb35418000 	C:\Program Files\Android\Android Studio\jbr\bin\zip.dll
0x00007ffb6ba80000 - 0x00007ffb6c1c4000 	C:\Windows\System32\SHELL32.dll
0x00007ffb68b60000 - 0x00007ffb692f4000 	C:\Windows\SYSTEM32\windows.storage.dll
0x00007ffb6c370000 - 0x00007ffb6c6c4000 	C:\Windows\System32\combase.dll
0x00007ffb6a4a0000 - 0x00007ffb6a4ce000 	C:\Windows\SYSTEM32\Wldp.dll
0x00007ffb6c250000 - 0x00007ffb6c2fd000 	C:\Windows\System32\SHCORE.dll
0x00007ffb6b790000 - 0x00007ffb6b7e5000 	C:\Windows\System32\shlwapi.dll
0x00007ffb6aa00000 - 0x00007ffb6aa25000 	C:\Windows\SYSTEM32\profapi.dll
0x00007ffb34d70000 - 0x00007ffb34d89000 	C:\Program Files\Android\Android Studio\jbr\bin\net.dll
0x00007ffb5a7d0000 - 0x00007ffb5a8da000 	C:\Windows\SYSTEM32\WINHTTP.dll
0x00007ffb6a1a0000 - 0x00007ffb6a20a000 	C:\Windows\system32\mswsock.dll
0x00007ffb2f590000 - 0x00007ffb2f5a6000 	C:\Program Files\Android\Android Studio\jbr\bin\nio.dll
0x00007ffb45d60000 - 0x00007ffb45d70000 	C:\Program Files\Android\Android Studio\jbr\bin\verify.dll
0x00007ffb61df0000 - 0x00007ffb61e17000 	C:\Users\Youssef\.gradle\native\e1d6ef7f7dcc3fd88c89a11ec53ec762bb8ba0a96d01ffa2cd45eb1d1d8dd5c5\windows-amd64\native-platform.dll
0x00007ffb50c60000 - 0x00007ffb50da4000 	C:\Users\Youssef\.gradle\native\0d407fdbe67a94daf76414ababcb853783967236a71b16ec16e742cd7a986fd3\windows-amd64\native-platform-file-events.dll
0x00007ffb4f7f0000 - 0x00007ffb4f7f9000 	C:\Program Files\Android\Android Studio\jbr\bin\management.dll
0x00007ffb4dfa0000 - 0x00007ffb4dfab000 	C:\Program Files\Android\Android Studio\jbr\bin\management_ext.dll
0x00007ffb6b450000 - 0x00007ffb6b458000 	C:\Windows\System32\PSAPI.DLL
0x00007ffb6a390000 - 0x00007ffb6a3a8000 	C:\Windows\SYSTEM32\CRYPTSP.dll
0x00007ffb69ac0000 - 0x00007ffb69af4000 	C:\Windows\system32\rsaenh.dll
0x00007ffb6ace0000 - 0x00007ffb6ad07000 	C:\Windows\System32\bcrypt.dll
0x00007ffb6a9c0000 - 0x00007ffb6a9ee000 	C:\Windows\SYSTEM32\USERENV.dll
0x00007ffb6a3b0000 - 0x00007ffb6a3bc000 	C:\Windows\SYSTEM32\CRYPTBASE.dll
0x00007ffb69e90000 - 0x00007ffb69ecc000 	C:\Windows\SYSTEM32\IPHLPAPI.DLL
0x00007ffb6ba60000 - 0x00007ffb6ba68000 	C:\Windows\System32\NSI.dll
0x00007ffb5aa90000 - 0x00007ffb5aaa7000 	C:\Windows\SYSTEM32\dhcpcsvc6.DLL
0x00007ffb5adb0000 - 0x00007ffb5adcd000 	C:\Windows\SYSTEM32\dhcpcsvc.DLL
0x00007ffb69ed0000 - 0x00007ffb69f9a000 	C:\Windows\SYSTEM32\DNSAPI.dll
0x00007ffb45c20000 - 0x00007ffb45c27000 	C:\Windows\system32\wshunix.dll

dbghelp: loaded successfully - version: 4.0.5 - missing functions: none
symbol engine: initialized successfully - sym options: 0x614 - pdb path: .;C:\Program Files\Android\Android Studio\jbr\bin;C:\Windows\SYSTEM32;C:\Windows\WinSxS\amd64_microsoft.windows.common-controls_6595b64144ccf1df_6.0.19041.1110_none_60b5254171f9507e;C:\Program Files\Android\Android Studio\jbr\bin\server;C:\Users\Youssef\.gradle\native\e1d6ef7f7dcc3fd88c89a11ec53ec762bb8ba0a96d01ffa2cd45eb1d1d8dd5c5\windows-amd64;C:\Users\Youssef\.gradle\native\0d407fdbe67a94daf76414ababcb853783967236a71b16ec16e742cd7a986fd3\windows-amd64

VM Arguments:
jvm_args: --add-opens=java.base/java.util=ALL-UNNAMED --add-opens=java.base/java.lang=ALL-UNNAMED --add-opens=java.base/java.lang.invoke=ALL-UNNAMED --add-opens=java.base/java.util=ALL-UNNAMED --add-opens=java.prefs/java.util.prefs=ALL-UNNAMED --add-opens=java.prefs/java.util.prefs=ALL-UNNAMED --add-opens=java.base/java.nio.charset=ALL-UNNAMED --add-opens=java.base/java.net=ALL-UNNAMED --add-opens=java.base/java.util.concurrent.atomic=ALL-UNNAMED -Xmx1536M -Dfile.encoding=windows-1252 -Duser.country=US -Duser.language=en -Duser.variant 
java_command: org.gradle.launcher.daemon.bootstrap.GradleDaemon 7.5
java_class_path (initial): C:\Users\Youssef\.gradle\wrapper\dists\gradle-7.5-all\6qsw290k5lz422uaf8jf6m7co\gradle-7.5\lib\gradle-launcher-7.5.jar
Launcher Type: SUN_STANDARD

[Global flags]
     intx CICompilerCount                          = 3                                         {product} {ergonomic}
     uint ConcGCThreads                            = 1                                         {product} {ergonomic}
     uint G1ConcRefinementThreads                  = 4                                         {product} {ergonomic}
   size_t G1HeapRegionSize                         = 1048576                                   {product} {ergonomic}
    uintx GCDrainStackTargetSize                   = 64                                        {product} {ergonomic}
   size_t InitialHeapSize                          = 264241152                                 {product} {ergonomic}
   size_t MarkStackSize                            = 4194304                                   {product} {ergonomic}
   size_t MaxHeapSize                              = 1610612736                                {product} {command line}
   size_t MaxNewSize                               = 965738496                                 {product} {ergonomic}
   size_t MinHeapDeltaBytes                        = 1048576                                   {product} {ergonomic}
   size_t MinHeapSize                              = 8388608                                   {product} {ergonomic}
    uintx NonNMethodCodeHeapSize                   = 5832780                                {pd product} {ergonomic}
    uintx NonProfiledCodeHeapSize                  = 122912730                              {pd product} {ergonomic}
    uintx ProfiledCodeHeapSize                     = 122912730                              {pd product} {ergonomic}
    uintx ReservedCodeCacheSize                    = 251658240                              {pd product} {ergonomic}
     bool SegmentedCodeCache                       = true                                      {product} {ergonomic}
   size_t SoftMaxHeapSize                          = 1610612736                             {manageable} {ergonomic}
     bool UseCompressedClassPointers               = true                           {product lp64_product} {ergonomic}
     bool UseCompressedOops                        = true                           {product lp64_product} {ergonomic}
     bool UseG1GC                                  = true                                      {product} {ergonomic}
     bool UseLargePagesIndividualAllocation        = false                                  {pd product} {ergonomic}

Logging:
Log output configuration:
 #0: stdout all=warning uptime,level,tags
 #1: stderr all=off uptime,level,tags

Environment Variables:
JAVA_HOME=C:\Program Files\Android\Android Studio\jbr
CLASSPATH=D:\flutter projects\jobsque-main\android\\gradle\wrapper\gradle-wrapper.jar
PATH=C:\Program Files\Common Files\Oracle\Java\javapath;C:\Program Files (x86)\Common Files\Oracle\Java\javapath;C:\Program Files (x86)\NVIDIA Corporation\PhysX\Common;C:\Windows\system32;C:\Windows;C:\Windows\System32\Wbem;C:\Windows\System32\WindowsPowerShell\v1.0\;C:\Windows\System32\OpenSSH\;C:\Program Files\dotnet\;C:\Program Files\Git\cmd;C:\Program Files\Java\jdk-19\bin;C:\gradle-8.2\bin;C:\Users\Youssef\AppData\Local\Microsoft\WindowsApps;D:\programing\flutter\bin;D:\programing\dart\bin;C:\Users\Youssef\AppData\Local\GitHubDesktop\bin;C:\Program Files\Java\jdk-19\bin;C:\gradle-8.2\bin;C:\Users\Youssef\AppData\Local\Programs\Microsoft VS Code\bin;;D:\programing\flutter\bin\mingit\cmd
USERNAME=Youssef
OS=Windows_NT
PROCESSOR_IDENTIFIER=Intel64 Family 6 Model 78 Stepping 3, GenuineIntel
TMP=C:\Users\Youssef\AppData\Local\Temp
TEMP=C:\Users\Youssef\AppData\Local\Temp



---------------  S Y S T E M  ---------------

OS:
 Windows 10 , 64 bit Build 19041 (10.0.19041.3155)
OS uptime: 2 days 21:31 hours

CPU: total 4 (initial active 4) (2 cores per cpu, 2 threads per core) family 6 model 78 stepping 3 microcode 0xcc, cx8, cmov, fxsr, ht, mmx, 3dnowpref, sse, sse2, sse3, ssse3, sse4.1, sse4.2, popcnt, lzcnt, tsc, tscinvbit, avx, avx2, aes, erms, clmul, bmi1, bmi2, rtm, adx, fma, vzeroupper, clflush, clflushopt

Memory: 4k page, system-wide physical 16065M (387M free)
TotalPageFile size 18113M (AvailPageFile size 5M)
current process WorkingSet (physical memory assigned to process): 595M, peak: 601M
current process commit charge ("private bytes"): 657M, peak: 668M

vm_info: OpenJDK 64-Bit Server VM (17.0.6+0-b2043.56-9586694) for windows-amd64 JRE (17.0.6+0-b2043.56-9586694), built on Feb  9 2023 20:06:20 by "androidbuild" with MS VC++ 16.10 / 16.11 (VS2019)

END.
