#
# There is insufficient memory for the Java Runtime Environment to continue.
# Native memory allocation (mmap) failed to map 65536 bytes for Failed to commit metaspace.
# Possible reasons:
#   The system is out of physical RAM or swap space
#   The process is running with CompressedOops enabled, and the Java Heap may be blocking the growth of the native heap
# Possible solutions:
#   Reduce memory load on the system
#   Increase physical memory or swap space
#   Check if swap backing store is full
#   Decrease Java heap size (-Xmx/-Xms)
#   Decrease number of Java threads
#   Decrease Java thread stack sizes (-Xss)
#   Set larger code cache with -XX:ReservedCodeCacheSize=
#   JVM is running with Zero Based Compressed Oops mode in which the Java heap is
#     placed in the first 32GB address space. The Java Heap base address is the
#     maximum limit for the native heap growth. Please use -XX:HeapBaseMinAddress
#     to set the Java Heap base and to place the Java Heap above 32GB virtual address.
# This output file may be truncated or incomplete.
#
#  Out of Memory Error (virtualSpaceNode.cpp:110), pid=12944, tid=2376
#
# JRE version: OpenJDK Runtime Environment (17.0.6) (build 17.0.6+0-b2043.56-9586694)
# Java VM: OpenJDK 64-Bit Server VM (17.0.6+0-b2043.56-9586694, mixed mode, tiered, compressed oops, compressed class ptrs, g1 gc, windows-amd64)
# No core dump will be written. Minidumps are not enabled by default on client versions of Windows
#

---------------  S U M M A R Y ------------

Command Line: -Dorg.gradle.appname=gradlew org.gradle.wrapper.GradleWrapperMain -q -Ptarget-platform=android-arm64 -Ptarget=D:\flutter projects\jobsque-main\lib\main.dart -Pbase-application-name=android.app.Application -Pdart-defines=Zmx1dHRlci5pbnNwZWN0b3Iuc3RydWN0dXJlZEVycm9ycz10cnVl,RkxVVFRFUl9XRUJfQVVUT19ERVRFQ1Q9dHJ1ZQ==,RkxVVFRFUl9XRUJfQ0FOVkFTS0lUX1VSTD1odHRwczovL3d3dy5nc3RhdGljLmNvbS9mbHV0dGVyLWNhbnZhc2tpdC9jZGJlZGE3ODhhMjkzZmEyOTY2NWRjM2ZhM2Q2ZTYzYmQyMjFjYjBkLw== -Pdart-obfuscation=false -Ptrack-widget-creation=true -Ptree-shake-icons=false -Pfilesystem-scheme=org-dartlang-root assembleDebug

Host: Intel(R) Core(TM) i5-6300U CPU @ 2.40GHz, 4 cores, 15G,  Windows 10 , 64 bit Build 19041 (10.0.19041.3155)
Time: Fri Jul 21 01:50:42 2023 Egypt Daylight Time elapsed time: 2.127772 seconds (0d 0h 0m 2s)

---------------  T H R E A D  ---------------

Current thread (0x00000235317acf20):  JavaThread "main" [_thread_in_vm, id=2376, stack(0x000000ef57300000,0x000000ef57400000)]

Stack: [0x000000ef57300000,0x000000ef57400000]
Native frames: (J=compiled Java code, j=interpreted, Vv=VM code, C=native code)
V  [jvm.dll+0x683b4a]
V  [jvm.dll+0x842654]
V  [jvm.dll+0x843dfe]
V  [jvm.dll+0x844463]
V  [jvm.dll+0x249b75]
V  [jvm.dll+0x83e6ab]
V  [jvm.dll+0x627fa6]
V  [jvm.dll+0x62800a]
V  [jvm.dll+0x62a81a]
V  [jvm.dll+0x628946]
V  [jvm.dll+0x3707f2]
V  [jvm.dll+0x1e565b]
V  [jvm.dll+0x547fb6]
V  [jvm.dll+0x1f46eb]
V  [jvm.dll+0x7bc67b]
V  [jvm.dll+0x7bdac2]
V  [jvm.dll+0x7be259]
V  [jvm.dll+0x1ec1a6]
V  [jvm.dll+0x1ee7cd]
V  [jvm.dll+0x1e3dcc]
V  [jvm.dll+0x547f8d]
V  [jvm.dll+0x1f46eb]
V  [jvm.dll+0x7bc67b]
V  [jvm.dll+0x7bdac2]
V  [jvm.dll+0x7be259]
V  [jvm.dll+0x1ec1a6]
V  [jvm.dll+0x1ee7cd]
V  [jvm.dll+0x1e3dcc]
V  [jvm.dll+0x547f8d]
V  [jvm.dll+0x1f46eb]
V  [jvm.dll+0x7bc67b]
V  [jvm.dll+0x7bdac2]
V  [jvm.dll+0x7be259]
V  [jvm.dll+0x1eecf4]
V  [jvm.dll+0x1e3de5]
V  [jvm.dll+0x547f8d]
V  [jvm.dll+0x1f46eb]
V  [jvm.dll+0x7bc67b]
V  [jvm.dll+0x7bdac2]
V  [jvm.dll+0x7bddf8]
V  [jvm.dll+0x24190e]
V  [jvm.dll+0x38437e]
C  0x000002353d99b704

Java frames: (J=compiled Java code, j=interpreted, Vv=VM code)
j  sun.nio.ch.SelectorProviderImpl.openUninterruptibleDatagramChannel()Ljava/nio/channels/DatagramChannel;+0 java.base@17.0.6
j  java.net.DatagramSocket.createDelegate(Ljava/net/SocketAddress;Ljava/lang/Class;)Ljava/net/DatagramSocket;+115 java.base@17.0.6
j  java.net.DatagramSocket.<init>(Ljava/net/SocketAddress;)V+4 java.base@17.0.6
j  java.net.DatagramSocket.<init>(ILjava/net/InetAddress;)V+10 java.base@17.0.6
j  org.gradle.cache.internal.locklistener.FileLockCommunicator.<init>(Lorg/gradle/internal/remote/internal/inet/InetAddressFactory;)V+19
j  org.gradle.cache.internal.locklistener.DefaultFileLockContentionHandler.getCommunicator()Lorg/gradle/cache/internal/locklistener/FileLockCommunicator;+29
j  org.gradle.cache.internal.locklistener.DefaultFileLockContentionHandler.reservePort()I+1
j  org.gradle.cache.internal.DefaultFileLockManager.lock(Ljava/io/File;Lorg/gradle/cache/LockOptions;Ljava/lang/String;Ljava/lang/String;Lorg/gradle/api/Action;)Lorg/gradle/cache/FileLock;+78
j  org.gradle.cache.internal.DefaultFileLockManager.lock(Ljava/io/File;Lorg/gradle/cache/LockOptions;Ljava/lang/String;Ljava/lang/String;)Lorg/gradle/cache/FileLock;+7
j  org.gradle.cache.internal.DefaultFileLockManager.lock(Ljava/io/File;Lorg/gradle/cache/LockOptions;Ljava/lang/String;)Lorg/gradle/cache/FileLock;+6
j  org.gradle.cache.internal.OnDemandFileAccess.readFile(Lorg/gradle/internal/Factory;)Ljava/lang/Object;+18
j  org.gradle.cache.internal.SimpleStateCache.get()Ljava/lang/Object;+12
j  org.gradle.cache.internal.FileIntegrityViolationSuppressingPersistentStateCacheDecorator.get()Ljava/lang/Object;+4
j  org.gradle.launcher.daemon.registry.PersistentDaemonRegistry.getAll()Ljava/util/List;+13
j  org.gradle.launcher.daemon.client.DefaultDaemonConnector.connect(Lorg/gradle/api/internal/specs/ExplainingSpec;)Lorg/gradle/launcher/daemon/client/DaemonClientConnection;+5
j  org.gradle.launcher.daemon.client.DaemonClient.execute(Lorg/gradle/internal/invocation/BuildAction;Lorg/gradle/launcher/exec/BuildActionParameters;Lorg/gradle/initialization/BuildRequestContext;)Lorg/gradle/launcher/exec/BuildActionResult;+62
j  org.gradle.launcher.daemon.client.DaemonClient.execute(Lorg/gradle/internal/invocation/BuildAction;Ljava/lang/Object;Ljava/lang/Object;)Lorg/gradle/launcher/exec/BuildActionResult;+10
j  org.gradle.launcher.cli.RunBuildAction.run()V+74
j  org.gradle.internal.Actions$RunnableActionAdapter.execute(Ljava/lang/Object;)V+4
j  org.gradle.launcher.cli.DefaultCommandLineActionFactory$ParseAndBuildAction.execute(Lorg/gradle/launcher/bootstrap/ExecutionListener;)V+60
j  org.gradle.launcher.cli.DefaultCommandLineActionFactory$ParseAndBuildAction.execute(Ljava/lang/Object;)V+5
j  org.gradle.launcher.cli.DebugLoggerWarningAction.execute(Lorg/gradle/launcher/bootstrap/ExecutionListener;)V+9
j  org.gradle.launcher.cli.DebugLoggerWarningAction.execute(Ljava/lang/Object;)V+5
j  org.gradle.launcher.cli.WelcomeMessageAction.execute(Lorg/gradle/launcher/bootstrap/ExecutionListener;)V+218
j  org.gradle.launcher.cli.WelcomeMessageAction.execute(Ljava/lang/Object;)V+5
j  org.gradle.launcher.cli.NativeServicesInitializingAction.execute(Lorg/gradle/launcher/bootstrap/ExecutionListener;)V+35
j  org.gradle.launcher.cli.NativeServicesInitializingAction.execute(Ljava/lang/Object;)V+5
j  org.gradle.launcher.cli.ExceptionReportingAction.execute(Lorg/gradle/launcher/bootstrap/ExecutionListener;)V+5
j  org.gradle.launcher.cli.ExceptionReportingAction.execute(Ljava/lang/Object;)V+5
j  org.gradle.launcher.cli.DefaultCommandLineActionFactory$WithLogging.execute(Lorg/gradle/launcher/bootstrap/ExecutionListener;)V+299
j  org.gradle.launcher.Main.doAction([Ljava/lang/String;Lorg/gradle/launcher/bootstrap/ExecutionListener;)V+14
j  org.gradle.launcher.bootstrap.EntryPoint.run([Ljava/lang/String;)V+12
v  ~StubRoutines::call_stub
j  jdk.internal.reflect.NativeMethodAccessorImpl.invoke0(Ljava/lang/reflect/Method;Ljava/lang/Object;[Ljava/lang/Object;)Ljava/lang/Object;+0 java.base@17.0.6
j  jdk.internal.reflect.NativeMethodAccessorImpl.invoke(Ljava/lang/Object;[Ljava/lang/Object;)Ljava/lang/Object;+133 java.base@17.0.6
j  jdk.internal.reflect.DelegatingMethodAccessorImpl.invoke(Ljava/lang/Object;[Ljava/lang/Object;)Ljava/lang/Object;+6 java.base@17.0.6
j  java.lang.reflect.Method.invoke(Ljava/lang/Object;[Ljava/lang/Object;)Ljava/lang/Object;+59 java.base@17.0.6
j  org.gradle.launcher.bootstrap.ProcessBootstrap.runNoExit(Ljava/lang/String;[Ljava/lang/String;)V+159
j  org.gradle.launcher.bootstrap.ProcessBootstrap.run(Ljava/lang/String;[Ljava/lang/String;)V+2
v  ~StubRoutines::call_stub
j  jdk.internal.reflect.NativeMethodAccessorImpl.invoke0(Ljava/lang/reflect/Method;Ljava/lang/Object;[Ljava/lang/Object;)Ljava/lang/Object;+0 java.base@17.0.6
j  jdk.internal.reflect.NativeMethodAccessorImpl.invoke(Ljava/lang/Object;[Ljava/lang/Object;)Ljava/lang/Object;+133 java.base@17.0.6
j  jdk.internal.reflect.DelegatingMethodAccessorImpl.invoke(Ljava/lang/Object;[Ljava/lang/Object;)Ljava/lang/Object;+6 java.base@17.0.6
j  java.lang.reflect.Method.invoke(Ljava/lang/Object;[Ljava/lang/Object;)Ljava/lang/Object;+59 java.base@17.0.6
j  org.gradle.launcher.GradleMain.main([Ljava/lang/String;)V+100
v  ~StubRoutines::call_stub
j  jdk.internal.reflect.NativeMethodAccessorImpl.invoke0(Ljava/lang/reflect/Method;Ljava/lang/Object;[Ljava/lang/Object;)Ljava/lang/Object;+0 java.base@17.0.6
j  jdk.internal.reflect.NativeMethodAccessorImpl.invoke(Ljava/lang/Object;[Ljava/lang/Object;)Ljava/lang/Object;+133 java.base@17.0.6
j  jdk.internal.reflect.DelegatingMethodAccessorImpl.invoke(Ljava/lang/Object;[Ljava/lang/Object;)Ljava/lang/Object;+6 java.base@17.0.6
j  java.lang.reflect.Method.invoke(Ljava/lang/Object;[Ljava/lang/Object;)Ljava/lang/Object;+59 java.base@17.0.6
j  org.gradle.wrapper.BootstrapMainStarter.start([Ljava/lang/String;Ljava/io/File;)V+82
j  org.gradle.wrapper.WrapperExecutor.execute([Ljava/lang/String;Lorg/gradle/wrapper/Install;Lorg/gradle/wrapper/BootstrapMainStarter;)V+14
j  org.gradle.wrapper.GradleWrapperMain.main([Ljava/lang/String;)V+190
v  ~StubRoutines::call_stub

---------------  P R O C E S S  ---------------

Threads class SMR info:
_java_thread_list=0x0000023553498110, length=13, elements={
0x00000235317acf20, 0x0000023552047610, 0x00000235520484d0, 0x0000023552031e10,
0x00000235520328d0, 0x0000023552074ff0, 0x00000235520758b0, 0x0000023552076550,
0x000002355207cbf0, 0x00000235520f3b60, 0x00000235521eb9e0, 0x00000235521f3f60,
0x0000023553943040
}

Java Threads: ( => current thread )
=>0x00000235317acf20 JavaThread "main" [_thread_in_vm, id=2376, stack(0x000000ef57300000,0x000000ef57400000)]
  0x0000023552047610 JavaThread "Reference Handler" daemon [_thread_blocked, id=6340, stack(0x000000ef57a00000,0x000000ef57b00000)]
  0x00000235520484d0 JavaThread "Finalizer" daemon [_thread_blocked, id=12136, stack(0x000000ef57b00000,0x000000ef57c00000)]
  0x0000023552031e10 JavaThread "Signal Dispatcher" daemon [_thread_blocked, id=120, stack(0x000000ef57c00000,0x000000ef57d00000)]
  0x00000235520328d0 JavaThread "Attach Listener" daemon [_thread_blocked, id=9372, stack(0x000000ef57d00000,0x000000ef57e00000)]
  0x0000023552074ff0 JavaThread "Service Thread" daemon [_thread_blocked, id=15200, stack(0x000000ef57e00000,0x000000ef57f00000)]
  0x00000235520758b0 JavaThread "Monitor Deflation Thread" daemon [_thread_blocked, id=8828, stack(0x000000ef57f00000,0x000000ef58000000)]
  0x0000023552076550 JavaThread "C2 CompilerThread0" daemon [_thread_blocked, id=14240, stack(0x000000ef58000000,0x000000ef58100000)]
  0x000002355207cbf0 JavaThread "C1 CompilerThread0" daemon [_thread_blocked, id=8636, stack(0x000000ef58100000,0x000000ef58200000)]
  0x00000235520f3b60 JavaThread "Sweeper thread" daemon [_thread_blocked, id=11352, stack(0x000000ef58200000,0x000000ef58300000)]
  0x00000235521eb9e0 JavaThread "Notification Thread" daemon [_thread_blocked, id=13808, stack(0x000000ef58300000,0x000000ef58400000)]
  0x00000235521f3f60 JavaThread "Common-Cleaner" daemon [_thread_blocked, id=6140, stack(0x000000ef58500000,0x000000ef58600000)]
  0x0000023553943040 JavaThread "pool-1-thread-1" [_thread_blocked, id=15264, stack(0x000000ef58a00000,0x000000ef58b00000)]

Other Threads:
  0x0000023552025650 VMThread "VM Thread" [stack: 0x000000ef57900000,0x000000ef57a00000] [id=15180]
  0x00000235521ec6d0 WatcherThread [stack: 0x000000ef58400000,0x000000ef58500000] [id=14408]
  0x00000235318181e0 GCTaskThread "GC Thread#0" [stack: 0x000000ef57400000,0x000000ef57500000] [id=10888]
  0x00000235524ddc70 GCTaskThread "GC Thread#1" [stack: 0x000000ef58700000,0x000000ef58800000] [id=16116]
  0x00000235524ddf20 GCTaskThread "GC Thread#2" [stack: 0x000000ef58800000,0x000000ef58900000] [id=5752]
  0x00000235524de1d0 GCTaskThread "GC Thread#3" [stack: 0x000000ef58900000,0x000000ef58a00000] [id=15324]
  0x0000023531828b40 ConcurrentGCThread "G1 Main Marker" [stack: 0x000000ef57500000,0x000000ef57600000] [id=3076]
  0x0000023531829460 ConcurrentGCThread "G1 Conc#0" [stack: 0x000000ef57600000,0x000000ef57700000] [id=12360]
  0x0000023531868d30 ConcurrentGCThread "G1 Refine#0" [stack: 0x000000ef57700000,0x000000ef57800000] [id=9844]
  0x0000023531869660 ConcurrentGCThread "G1 Service" [stack: 0x000000ef57800000,0x000000ef57900000] [id=14108]

Threads with active compile tasks:

VM state: not at safepoint (normal execution)

VM Mutex/Monitor currently owned by a thread:  ([mutex/lock_event])
[0x000002353171c9d0] Metaspace_lock - owner thread: 0x00000235317acf20

Heap address: 0x0000000704e00000, size: 4018 MB, Compressed Oops mode: Zero based, Oop shift amount: 3

CDS archive(s) not mapped
Compressed class space mapped at: 0x0000000800000000-0x0000000840000000, reserved size: 1073741824
Narrow klass base: 0x0000000800000000, Narrow klass shift: 0, Narrow klass range: 0x40000000

GC Precious Log:
 CPUs: 4 total, 4 available
 Memory: 16065M
 Large Page Support: Disabled
 NUMA Support: Disabled
 Compressed Oops: Enabled (Zero based)
 Heap Region Size: 2M
 Heap Min Capacity: 8M
 Heap Initial Capacity: 252M
 Heap Max Capacity: 4018M
 Pre-touch: Disabled
 Parallel Workers: 4
 Concurrent Workers: 1
 Concurrent Refinement Workers: 4
 Periodic GC: Disabled

Heap:
 garbage-first heap   total 258048K, used 16589K [0x0000000704e00000, 0x0000000800000000)
  region size 2048K, 5 young (10240K), 1 survivors (2048K)
 Metaspace       used 14560K, committed 14656K, reserved 1064960K
  class space    used 1686K, committed 1728K, reserved 1048576K

Heap Regions: E=young(eden), S=young(survivor), O=old, HS=humongous(starts), HC=humongous(continues), CS=collection set, F=free, OA=open archive, CA=closed archive, TAMS=top-at-mark-start (previous, next)
|   0|0x0000000704e00000, 0x0000000705000000, 0x0000000705000000|100%|HS|  |TAMS 0x0000000704e00000, 0x0000000704e00000| Complete 
|   1|0x0000000705000000, 0x0000000705200000, 0x0000000705200000|100%|HC|  |TAMS 0x0000000705000000, 0x0000000705000000| Complete 
|   2|0x0000000705200000, 0x0000000705400000, 0x0000000705400000|100%| O|  |TAMS 0x0000000705200000, 0x0000000705200000| Untracked 
|   3|0x0000000705400000, 0x0000000705600000, 0x0000000705600000|100%| O|  |TAMS 0x0000000705400000, 0x0000000705400000| Untracked 
|   4|0x0000000705600000, 0x0000000705633600, 0x0000000705800000| 10%| O|  |TAMS 0x0000000705600000, 0x0000000705600000| Untracked 
|   5|0x0000000705800000, 0x0000000705800000, 0x0000000705a00000|  0%| F|  |TAMS 0x0000000705800000, 0x0000000705800000| Untracked 
|   6|0x0000000705a00000, 0x0000000705a00000, 0x0000000705c00000|  0%| F|  |TAMS 0x0000000705a00000, 0x0000000705a00000| Untracked 
|   7|0x0000000705c00000, 0x0000000705c00000, 0x0000000705e00000|  0%| F|  |TAMS 0x0000000705c00000, 0x0000000705c00000| Untracked 
|   8|0x0000000705e00000, 0x0000000705e00000, 0x0000000706000000|  0%| F|  |TAMS 0x0000000705e00000, 0x0000000705e00000| Untracked 
|   9|0x0000000706000000, 0x0000000706000000, 0x0000000706200000|  0%| F|  |TAMS 0x0000000706000000, 0x0000000706000000| Untracked 
|  10|0x0000000706200000, 0x0000000706200000, 0x0000000706400000|  0%| F|  |TAMS 0x0000000706200000, 0x0000000706200000| Untracked 
|  11|0x0000000706400000, 0x0000000706400000, 0x0000000706600000|  0%| F|  |TAMS 0x0000000706400000, 0x0000000706400000| Untracked 
|  12|0x0000000706600000, 0x0000000706600000, 0x0000000706800000|  0%| F|  |TAMS 0x0000000706600000, 0x0000000706600000| Untracked 
|  13|0x0000000706800000, 0x0000000706800000, 0x0000000706a00000|  0%| F|  |TAMS 0x0000000706800000, 0x0000000706800000| Untracked 
|  14|0x0000000706a00000, 0x0000000706a00000, 0x0000000706c00000|  0%| F|  |TAMS 0x0000000706a00000, 0x0000000706a00000| Untracked 
|  15|0x0000000706c00000, 0x0000000706c00000, 0x0000000706e00000|  0%| F|  |TAMS 0x0000000706c00000, 0x0000000706c00000| Untracked 
|  16|0x0000000706e00000, 0x0000000706e00000, 0x0000000707000000|  0%| F|  |TAMS 0x0000000706e00000, 0x0000000706e00000| Untracked 
|  17|0x0000000707000000, 0x0000000707000000, 0x0000000707200000|  0%| F|  |TAMS 0x0000000707000000, 0x0000000707000000| Untracked 
|  18|0x0000000707200000, 0x0000000707200000, 0x0000000707400000|  0%| F|  |TAMS 0x0000000707200000, 0x0000000707200000| Untracked 
|  19|0x0000000707400000, 0x0000000707400000, 0x0000000707600000|  0%| F|  |TAMS 0x0000000707400000, 0x0000000707400000| Untracked 
|  20|0x0000000707600000, 0x0000000707600000, 0x0000000707800000|  0%| F|  |TAMS 0x0000000707600000, 0x0000000707600000| Untracked 
|  21|0x0000000707800000, 0x0000000707800000, 0x0000000707a00000|  0%| F|  |TAMS 0x0000000707800000, 0x0000000707800000| Untracked 
|  22|0x0000000707a00000, 0x0000000707a00000, 0x0000000707c00000|  0%| F|  |TAMS 0x0000000707a00000, 0x0000000707a00000| Untracked 
|  23|0x0000000707c00000, 0x0000000707c00000, 0x0000000707e00000|  0%| F|  |TAMS 0x0000000707c00000, 0x0000000707c00000| Untracked 
|  24|0x0000000707e00000, 0x0000000707e00000, 0x0000000708000000|  0%| F|  |TAMS 0x0000000707e00000, 0x0000000707e00000| Untracked 
|  25|0x0000000708000000, 0x0000000708000000, 0x0000000708200000|  0%| F|  |TAMS 0x0000000708000000, 0x0000000708000000| Untracked 
|  26|0x0000000708200000, 0x0000000708200000, 0x0000000708400000|  0%| F|  |TAMS 0x0000000708200000, 0x0000000708200000| Untracked 
|  27|0x0000000708400000, 0x0000000708400000, 0x0000000708600000|  0%| F|  |TAMS 0x0000000708400000, 0x0000000708400000| Untracked 
|  28|0x0000000708600000, 0x0000000708600000, 0x0000000708800000|  0%| F|  |TAMS 0x0000000708600000, 0x0000000708600000| Untracked 
|  29|0x0000000708800000, 0x0000000708800000, 0x0000000708a00000|  0%| F|  |TAMS 0x0000000708800000, 0x0000000708800000| Untracked 
|  30|0x0000000708a00000, 0x0000000708a00000, 0x0000000708c00000|  0%| F|  |TAMS 0x0000000708a00000, 0x0000000708a00000| Untracked 
|  31|0x0000000708c00000, 0x0000000708c00000, 0x0000000708e00000|  0%| F|  |TAMS 0x0000000708c00000, 0x0000000708c00000| Untracked 
|  32|0x0000000708e00000, 0x0000000708e00000, 0x0000000709000000|  0%| F|  |TAMS 0x0000000708e00000, 0x0000000708e00000| Untracked 
|  33|0x0000000709000000, 0x0000000709000000, 0x0000000709200000|  0%| F|  |TAMS 0x0000000709000000, 0x0000000709000000| Untracked 
|  34|0x0000000709200000, 0x0000000709200000, 0x0000000709400000|  0%| F|  |TAMS 0x0000000709200000, 0x0000000709200000| Untracked 
|  35|0x0000000709400000, 0x0000000709400000, 0x0000000709600000|  0%| F|  |TAMS 0x0000000709400000, 0x0000000709400000| Untracked 
|  36|0x0000000709600000, 0x0000000709600000, 0x0000000709800000|  0%| F|  |TAMS 0x0000000709600000, 0x0000000709600000| Untracked 
|  37|0x0000000709800000, 0x0000000709800000, 0x0000000709a00000|  0%| F|  |TAMS 0x0000000709800000, 0x0000000709800000| Untracked 
|  38|0x0000000709a00000, 0x0000000709a00000, 0x0000000709c00000|  0%| F|  |TAMS 0x0000000709a00000, 0x0000000709a00000| Untracked 
|  39|0x0000000709c00000, 0x0000000709c00000, 0x0000000709e00000|  0%| F|  |TAMS 0x0000000709c00000, 0x0000000709c00000| Untracked 
|  40|0x0000000709e00000, 0x0000000709e00000, 0x000000070a000000|  0%| F|  |TAMS 0x0000000709e00000, 0x0000000709e00000| Untracked 
|  41|0x000000070a000000, 0x000000070a000000, 0x000000070a200000|  0%| F|  |TAMS 0x000000070a000000, 0x000000070a000000| Untracked 
|  42|0x000000070a200000, 0x000000070a200000, 0x000000070a400000|  0%| F|  |TAMS 0x000000070a200000, 0x000000070a200000| Untracked 
|  43|0x000000070a400000, 0x000000070a400000, 0x000000070a600000|  0%| F|  |TAMS 0x000000070a400000, 0x000000070a400000| Untracked 
|  44|0x000000070a600000, 0x000000070a600000, 0x000000070a800000|  0%| F|  |TAMS 0x000000070a600000, 0x000000070a600000| Untracked 
|  45|0x000000070a800000, 0x000000070a800000, 0x000000070aa00000|  0%| F|  |TAMS 0x000000070a800000, 0x000000070a800000| Untracked 
|  46|0x000000070aa00000, 0x000000070aa00000, 0x000000070ac00000|  0%| F|  |TAMS 0x000000070aa00000, 0x000000070aa00000| Untracked 
|  47|0x000000070ac00000, 0x000000070ac00000, 0x000000070ae00000|  0%| F|  |TAMS 0x000000070ac00000, 0x000000070ac00000| Untracked 
|  48|0x000000070ae00000, 0x000000070ae00000, 0x000000070b000000|  0%| F|  |TAMS 0x000000070ae00000, 0x000000070ae00000| Untracked 
|  49|0x000000070b000000, 0x000000070b000000, 0x000000070b200000|  0%| F|  |TAMS 0x000000070b000000, 0x000000070b000000| Untracked 
|  50|0x000000070b200000, 0x000000070b200000, 0x000000070b400000|  0%| F|  |TAMS 0x000000070b200000, 0x000000070b200000| Untracked 
|  51|0x000000070b400000, 0x000000070b400000, 0x000000070b600000|  0%| F|  |TAMS 0x000000070b400000, 0x000000070b400000| Untracked 
|  52|0x000000070b600000, 0x000000070b600000, 0x000000070b800000|  0%| F|  |TAMS 0x000000070b600000, 0x000000070b600000| Untracked 
|  53|0x000000070b800000, 0x000000070b800000, 0x000000070ba00000|  0%| F|  |TAMS 0x000000070b800000, 0x000000070b800000| Untracked 
|  54|0x000000070ba00000, 0x000000070ba00000, 0x000000070bc00000|  0%| F|  |TAMS 0x000000070ba00000, 0x000000070ba00000| Untracked 
|  55|0x000000070bc00000, 0x000000070bc00000, 0x000000070be00000|  0%| F|  |TAMS 0x000000070bc00000, 0x000000070bc00000| Untracked 
|  56|0x000000070be00000, 0x000000070be00000, 0x000000070c000000|  0%| F|  |TAMS 0x000000070be00000, 0x000000070be00000| Untracked 
|  57|0x000000070c000000, 0x000000070c000000, 0x000000070c200000|  0%| F|  |TAMS 0x000000070c000000, 0x000000070c000000| Untracked 
|  58|0x000000070c200000, 0x000000070c200000, 0x000000070c400000|  0%| F|  |TAMS 0x000000070c200000, 0x000000070c200000| Untracked 
|  59|0x000000070c400000, 0x000000070c400000, 0x000000070c600000|  0%| F|  |TAMS 0x000000070c400000, 0x000000070c400000| Untracked 
|  60|0x000000070c600000, 0x000000070c600000, 0x000000070c800000|  0%| F|  |TAMS 0x000000070c600000, 0x000000070c600000| Untracked 
|  61|0x000000070c800000, 0x000000070c800000, 0x000000070ca00000|  0%| F|  |TAMS 0x000000070c800000, 0x000000070c800000| Untracked 
|  62|0x000000070ca00000, 0x000000070ca00000, 0x000000070cc00000|  0%| F|  |TAMS 0x000000070ca00000, 0x000000070ca00000| Untracked 
|  63|0x000000070cc00000, 0x000000070cc00000, 0x000000070ce00000|  0%| F|  |TAMS 0x000000070cc00000, 0x000000070cc00000| Untracked 
|  64|0x000000070ce00000, 0x000000070ce00000, 0x000000070d000000|  0%| F|  |TAMS 0x000000070ce00000, 0x000000070ce00000| Untracked 
|  65|0x000000070d000000, 0x000000070d000000, 0x000000070d200000|  0%| F|  |TAMS 0x000000070d000000, 0x000000070d000000| Untracked 
|  66|0x000000070d200000, 0x000000070d200000, 0x000000070d400000|  0%| F|  |TAMS 0x000000070d200000, 0x000000070d200000| Untracked 
|  67|0x000000070d400000, 0x000000070d400000, 0x000000070d600000|  0%| F|  |TAMS 0x000000070d400000, 0x000000070d400000| Untracked 
|  68|0x000000070d600000, 0x000000070d600000, 0x000000070d800000|  0%| F|  |TAMS 0x000000070d600000, 0x000000070d600000| Untracked 
|  69|0x000000070d800000, 0x000000070d800000, 0x000000070da00000|  0%| F|  |TAMS 0x000000070d800000, 0x000000070d800000| Untracked 
|  70|0x000000070da00000, 0x000000070da00000, 0x000000070dc00000|  0%| F|  |TAMS 0x000000070da00000, 0x000000070da00000| Untracked 
|  71|0x000000070dc00000, 0x000000070dc00000, 0x000000070de00000|  0%| F|  |TAMS 0x000000070dc00000, 0x000000070dc00000| Untracked 
|  72|0x000000070de00000, 0x000000070de00000, 0x000000070e000000|  0%| F|  |TAMS 0x000000070de00000, 0x000000070de00000| Untracked 
|  73|0x000000070e000000, 0x000000070e000000, 0x000000070e200000|  0%| F|  |TAMS 0x000000070e000000, 0x000000070e000000| Untracked 
|  74|0x000000070e200000, 0x000000070e200000, 0x000000070e400000|  0%| F|  |TAMS 0x000000070e200000, 0x000000070e200000| Untracked 
|  75|0x000000070e400000, 0x000000070e400000, 0x000000070e600000|  0%| F|  |TAMS 0x000000070e400000, 0x000000070e400000| Untracked 
|  76|0x000000070e600000, 0x000000070e600000, 0x000000070e800000|  0%| F|  |TAMS 0x000000070e600000, 0x000000070e600000| Untracked 
|  77|0x000000070e800000, 0x000000070e800000, 0x000000070ea00000|  0%| F|  |TAMS 0x000000070e800000, 0x000000070e800000| Untracked 
|  78|0x000000070ea00000, 0x000000070ea00000, 0x000000070ec00000|  0%| F|  |TAMS 0x000000070ea00000, 0x000000070ea00000| Untracked 
|  79|0x000000070ec00000, 0x000000070ec00000, 0x000000070ee00000|  0%| F|  |TAMS 0x000000070ec00000, 0x000000070ec00000| Untracked 
|  80|0x000000070ee00000, 0x000000070ee00000, 0x000000070f000000|  0%| F|  |TAMS 0x000000070ee00000, 0x000000070ee00000| Untracked 
|  81|0x000000070f000000, 0x000000070f000000, 0x000000070f200000|  0%| F|  |TAMS 0x000000070f000000, 0x000000070f000000| Untracked 
|  82|0x000000070f200000, 0x000000070f200000, 0x000000070f400000|  0%| F|  |TAMS 0x000000070f200000, 0x000000070f200000| Untracked 
|  83|0x000000070f400000, 0x000000070f400000, 0x000000070f600000|  0%| F|  |TAMS 0x000000070f400000, 0x000000070f400000| Untracked 
|  84|0x000000070f600000, 0x000000070f600000, 0x000000070f800000|  0%| F|  |TAMS 0x000000070f600000, 0x000000070f600000| Untracked 
|  85|0x000000070f800000, 0x000000070f800000, 0x000000070fa00000|  0%| F|  |TAMS 0x000000070f800000, 0x000000070f800000| Untracked 
|  86|0x000000070fa00000, 0x000000070fa00000, 0x000000070fc00000|  0%| F|  |TAMS 0x000000070fa00000, 0x000000070fa00000| Untracked 
|  87|0x000000070fc00000, 0x000000070fc00000, 0x000000070fe00000|  0%| F|  |TAMS 0x000000070fc00000, 0x000000070fc00000| Untracked 
|  88|0x000000070fe00000, 0x000000070fe00000, 0x0000000710000000|  0%| F|  |TAMS 0x000000070fe00000, 0x000000070fe00000| Untracked 
|  89|0x0000000710000000, 0x0000000710000000, 0x0000000710200000|  0%| F|  |TAMS 0x0000000710000000, 0x0000000710000000| Untracked 
|  90|0x0000000710200000, 0x0000000710200000, 0x0000000710400000|  0%| F|  |TAMS 0x0000000710200000, 0x0000000710200000| Untracked 
|  91|0x0000000710400000, 0x0000000710400000, 0x0000000710600000|  0%| F|  |TAMS 0x0000000710400000, 0x0000000710400000| Untracked 
|  92|0x0000000710600000, 0x0000000710600000, 0x0000000710800000|  0%| F|  |TAMS 0x0000000710600000, 0x0000000710600000| Untracked 
|  93|0x0000000710800000, 0x0000000710800000, 0x0000000710a00000|  0%| F|  |TAMS 0x0000000710800000, 0x0000000710800000| Untracked 
|  94|0x0000000710a00000, 0x0000000710a00000, 0x0000000710c00000|  0%| F|  |TAMS 0x0000000710a00000, 0x0000000710a00000| Untracked 
|  95|0x0000000710c00000, 0x0000000710c00000, 0x0000000710e00000|  0%| F|  |TAMS 0x0000000710c00000, 0x0000000710c00000| Untracked 
|  96|0x0000000710e00000, 0x0000000710e00000, 0x0000000711000000|  0%| F|  |TAMS 0x0000000710e00000, 0x0000000710e00000| Untracked 
|  97|0x0000000711000000, 0x0000000711000000, 0x0000000711200000|  0%| F|  |TAMS 0x0000000711000000, 0x0000000711000000| Untracked 
|  98|0x0000000711200000, 0x0000000711200000, 0x0000000711400000|  0%| F|  |TAMS 0x0000000711200000, 0x0000000711200000| Untracked 
|  99|0x0000000711400000, 0x0000000711400000, 0x0000000711600000|  0%| F|  |TAMS 0x0000000711400000, 0x0000000711400000| Untracked 
| 100|0x0000000711600000, 0x0000000711600000, 0x0000000711800000|  0%| F|  |TAMS 0x0000000711600000, 0x0000000711600000| Untracked 
| 101|0x0000000711800000, 0x0000000711800000, 0x0000000711a00000|  0%| F|  |TAMS 0x0000000711800000, 0x0000000711800000| Untracked 
| 102|0x0000000711a00000, 0x0000000711a00000, 0x0000000711c00000|  0%| F|  |TAMS 0x0000000711a00000, 0x0000000711a00000| Untracked 
| 103|0x0000000711c00000, 0x0000000711c00000, 0x0000000711e00000|  0%| F|  |TAMS 0x0000000711c00000, 0x0000000711c00000| Untracked 
| 104|0x0000000711e00000, 0x0000000711e00000, 0x0000000712000000|  0%| F|  |TAMS 0x0000000711e00000, 0x0000000711e00000| Untracked 
| 105|0x0000000712000000, 0x0000000712000000, 0x0000000712200000|  0%| F|  |TAMS 0x0000000712000000, 0x0000000712000000| Untracked 
| 106|0x0000000712200000, 0x0000000712200000, 0x0000000712400000|  0%| F|  |TAMS 0x0000000712200000, 0x0000000712200000| Untracked 
| 107|0x0000000712400000, 0x0000000712400000, 0x0000000712600000|  0%| F|  |TAMS 0x0000000712400000, 0x0000000712400000| Untracked 
| 108|0x0000000712600000, 0x0000000712600000, 0x0000000712800000|  0%| F|  |TAMS 0x0000000712600000, 0x0000000712600000| Untracked 
| 109|0x0000000712800000, 0x0000000712800000, 0x0000000712a00000|  0%| F|  |TAMS 0x0000000712800000, 0x0000000712800000| Untracked 
| 110|0x0000000712a00000, 0x0000000712a00000, 0x0000000712c00000|  0%| F|  |TAMS 0x0000000712a00000, 0x0000000712a00000| Untracked 
| 111|0x0000000712c00000, 0x0000000712c00000, 0x0000000712e00000|  0%| F|  |TAMS 0x0000000712c00000, 0x0000000712c00000| Untracked 
| 112|0x0000000712e00000, 0x0000000712e00000, 0x0000000713000000|  0%| F|  |TAMS 0x0000000712e00000, 0x0000000712e00000| Untracked 
| 113|0x0000000713000000, 0x0000000713000000, 0x0000000713200000|  0%| F|  |TAMS 0x0000000713000000, 0x0000000713000000| Untracked 
| 114|0x0000000713200000, 0x0000000713200000, 0x0000000713400000|  0%| F|  |TAMS 0x0000000713200000, 0x0000000713200000| Untracked 
| 115|0x0000000713400000, 0x0000000713400000, 0x0000000713600000|  0%| F|  |TAMS 0x0000000713400000, 0x0000000713400000| Untracked 
| 116|0x0000000713600000, 0x0000000713600000, 0x0000000713800000|  0%| F|  |TAMS 0x0000000713600000, 0x0000000713600000| Untracked 
| 117|0x0000000713800000, 0x0000000713a00000, 0x0000000713a00000|100%| S|CS|TAMS 0x0000000713800000, 0x0000000713800000| Complete 
| 118|0x0000000713a00000, 0x0000000713a00000, 0x0000000713c00000|  0%| F|  |TAMS 0x0000000713a00000, 0x0000000713a00000| Untracked 
| 119|0x0000000713c00000, 0x0000000713c00000, 0x0000000713e00000|  0%| F|  |TAMS 0x0000000713c00000, 0x0000000713c00000| Untracked 
| 120|0x0000000713e00000, 0x0000000713e00000, 0x0000000714000000|  0%| F|  |TAMS 0x0000000713e00000, 0x0000000713e00000| Untracked 
| 121|0x0000000714000000, 0x0000000714000000, 0x0000000714200000|  0%| F|  |TAMS 0x0000000714000000, 0x0000000714000000| Untracked 
| 122|0x0000000714200000, 0x00000007143ce5b8, 0x0000000714400000| 90%| E|  |TAMS 0x0000000714200000, 0x0000000714200000| Complete 
| 123|0x0000000714400000, 0x0000000714600000, 0x0000000714600000|100%| E|CS|TAMS 0x0000000714400000, 0x0000000714400000| Complete 
| 124|0x0000000714600000, 0x0000000714800000, 0x0000000714800000|100%| E|CS|TAMS 0x0000000714600000, 0x0000000714600000| Complete 
| 125|0x0000000714800000, 0x0000000714a00000, 0x0000000714a00000|100%| E|CS|TAMS 0x0000000714800000, 0x0000000714800000| Complete 

Card table byte_map: [0x0000023546260000,0x0000023546a40000] _byte_map_base: 0x0000023542a39000

Marking Bits (Prev, Next): (CMBitMap*) 0x0000023531818700, (CMBitMap*) 0x0000023531818740
 Prev Bits: [0x0000023547220000, 0x000002354b0e8000)
 Next Bits: [0x000002354b0f0000, 0x000002354efb8000)

Polling page: 0x0000023531880000

Metaspace:

Usage:
  Non-class:     12.57 MB used.
      Class:      1.65 MB used.
       Both:     14.22 MB used.

Virtual space:
  Non-class space:       16.00 MB reserved,      12.62 MB ( 79%) committed,  2 nodes.
      Class space:        1.00 GB reserved,       1.69 MB ( <1%) committed,  1 nodes.
             Both:        1.02 GB reserved,      14.31 MB (  1%) committed. 

Chunk freelists:
   Non-Class:  2.56 MB
       Class:  2.26 MB
        Both:  4.82 MB

MaxMetaspaceSize: unlimited
CompressedClassSpaceSize: 1.00 GB
Initial GC threshold: 21.00 MB
Current GC threshold: 21.00 MB
CDS: off
MetaspaceReclaimPolicy: balanced
 - commit_granule_bytes: 65536.
 - commit_granule_words: 8192.
 - virtual_space_node_default_size: 1048576.
 - enlarge_chunks_in_place: 1.
 - new_chunks_are_fully_committed: 0.
 - uncommit_free_chunks: 1.
 - use_allocation_guard: 0.
 - handle_deallocations: 1.


Internal statistics:

num_allocs_failed_limit: 0.
num_arena_births: 72.
num_arena_deaths: 0.
num_vsnodes_births: 3.
num_vsnodes_deaths: 0.
num_space_committed: 229.
num_space_uncommitted: 0.
num_chunks_returned_to_freelist: 0.
num_chunks_taken_from_freelist: 263.
num_chunk_merges: 0.
num_chunk_splits: 173.
num_chunks_enlarged: 141.
num_purges: 0.
num_inconsistent_stats: 0.

CodeHeap 'non-profiled nmethods': size=120000Kb used=448Kb max_used=448Kb free=119551Kb
 bounds [0x000002353df20000, 0x000002353e190000, 0x0000023545450000]
CodeHeap 'profiled nmethods': size=120000Kb used=2036Kb max_used=2036Kb free=117963Kb
 bounds [0x0000023536450000, 0x00000235366c0000, 0x000002353d980000]
CodeHeap 'non-nmethods': size=5760Kb used=1147Kb max_used=1168Kb free=4612Kb
 bounds [0x000002353d980000, 0x000002353dbf0000, 0x000002353df20000]
 total_blobs=1536 nmethods=1100 adapters=349
 compilation: enabled
              stopped_count=0, restarted_count=0
 full_count=0

Compilation events (20 events):
Event: 1.946 Thread 0x000002355207cbf0 1090       3       sun.nio.fs.WindowsPath$WindowsPathWithAttributes::<init> (23 bytes)
Event: 1.947 Thread 0x000002355207cbf0 nmethod 1090 0x0000023536649c90 code [0x0000023536649e80, 0x000002353664a518]
Event: 1.948 Thread 0x000002355207cbf0 1091       1       java.util.concurrent.atomic.AtomicLong::get (5 bytes)
Event: 1.948 Thread 0x000002355207cbf0 nmethod 1091 0x000002353df8dd10 code [0x000002353df8dea0, 0x000002353df8df78]
Event: 1.953 Thread 0x000002355207cbf0 1092       3       java.util.concurrent.atomic.AtomicLong::compareAndSet (13 bytes)
Event: 1.953 Thread 0x000002355207cbf0 nmethod 1092 0x000002353664a710 code [0x000002353664a8a0, 0x000002353664a9d8]
Event: 1.953 Thread 0x000002355207cbf0 1093       3       java.util.Random::nextBoolean (14 bytes)
Event: 1.953 Thread 0x000002355207cbf0 nmethod 1093 0x000002353664aa90 code [0x000002353664ac40, 0x000002353664ae68]
Event: 1.954 Thread 0x000002355207cbf0 1094       3       java.util.Random::next (47 bytes)
Event: 1.954 Thread 0x000002355207cbf0 nmethod 1094 0x000002353664af10 code [0x000002353664b0c0, 0x000002353664b348]
Event: 1.963 Thread 0x000002355207cbf0 1096       3       java.lang.invoke.InvokerBytecodeGenerator::emitPushArgument (150 bytes)
Event: 1.965 Thread 0x000002355207cbf0 nmethod 1096 0x000002353664b490 code [0x000002353664b760, 0x000002353664c668]
Event: 1.976 Thread 0x0000023552076550 nmethod 1074% 0x000002353df8e790 code [0x000002353df8e920, 0x000002353df8f478]
Event: 1.976 Thread 0x0000023552076550 1076       4       jdk.internal.misc.Unsafe::getIntUnaligned (12 bytes)
Event: 1.977 Thread 0x0000023552076550 nmethod 1076 0x000002353df8f790 code [0x000002353df8f900, 0x000002353df8f9b8]
Event: 2.011 Thread 0x000002355207cbf0 1098       1       java.util.concurrent.atomic.AtomicReference::get (5 bytes)
Event: 2.011 Thread 0x000002355207cbf0 nmethod 1098 0x000002353df8fa90 code [0x000002353df8fc20, 0x000002353df8fcf8]
Event: 2.124 Thread 0x0000023552076550 1099       4       java.lang.String::startsWith (7 bytes)
Event: 2.125 Thread 0x000002355207cbf0 1100       3       java.lang.invoke.MemberName::getName (25 bytes)
Event: 2.125 Thread 0x000002355207cbf0 nmethod 1100 0x000002353664ca90 code [0x000002353664cc60, 0x000002353664d008]

GC Heap History (4 events):
Event: 0.920 GC heap before
{Heap before GC invocations=0 (full 0):
 garbage-first heap   total 258048K, used 14336K [0x0000000704e00000, 0x0000000800000000)
  region size 2048K, 6 young (12288K), 0 survivors (0K)
 Metaspace       used 8336K, committed 8512K, reserved 1056768K
  class space    used 730K, committed 768K, reserved 1048576K
}
Event: 0.924 GC heap after
{Heap after GC invocations=1 (full 0):
 garbage-first heap   total 258048K, used 1974K [0x0000000704e00000, 0x0000000800000000)
  region size 2048K, 1 young (2048K), 1 survivors (2048K)
 Metaspace       used 8336K, committed 8512K, reserved 1056768K
  class space    used 730K, committed 768K, reserved 1048576K
}
Event: 1.502 GC heap before
{Heap before GC invocations=1 (full 0):
 garbage-first heap   total 258048K, used 18358K [0x0000000704e00000, 0x0000000800000000)
  region size 2048K, 8 young (16384K), 1 survivors (2048K)
 Metaspace       used 12042K, committed 12224K, reserved 1064960K
  class space    used 1321K, committed 1408K, reserved 1048576K
}
Event: 1.509 GC heap after
{Heap after GC invocations=2 (full 0):
 garbage-first heap   total 258048K, used 10445K [0x0000000704e00000, 0x0000000800000000)
  region size 2048K, 1 young (2048K), 1 survivors (2048K)
 Metaspace       used 12042K, committed 12224K, reserved 1064960K
  class space    used 1321K, committed 1408K, reserved 1048576K
}

Dll operation events (2 events):
Event: 0.017 Loaded shared library C:\Program Files\Android\Android Studio\jbr\bin\java.dll
Event: 0.233 Loaded shared library C:\Program Files\Android\Android Studio\jbr\bin\verify.dll

Deoptimization events (20 events):
Event: 1.625 Thread 0x00000235317acf20 DEOPT PACKING pc=0x00000235364eb4e5 sp=0x000000ef573fb220
Event: 1.625 Thread 0x00000235317acf20 DEOPT UNPACKING pc=0x000002353d9d7143 sp=0x000000ef573fa670 mode 0
Event: 1.678 Thread 0x00000235317acf20 Uncommon trap: trap_request=0xffffffc6 fr.pc=0x000002353df7e2d0 relative=0x00000000000005f0
Event: 1.678 Thread 0x00000235317acf20 Uncommon trap: reason=bimorphic_or_optimized_type_check action=maybe_recompile pc=0x000002353df7e2d0 method=java.util.concurrent.ConcurrentHashMap.get(Ljava/lang/Object;)Ljava/lang/Object; @ 149 c2
Event: 1.678 Thread 0x00000235317acf20 DEOPT PACKING pc=0x000002353df7e2d0 sp=0x000000ef573fad00
Event: 1.678 Thread 0x00000235317acf20 DEOPT UNPACKING pc=0x000002353d9d69a3 sp=0x000000ef573faca0 mode 2
Event: 1.678 Thread 0x00000235317acf20 Uncommon trap: trap_request=0xffffffc6 fr.pc=0x000002353df7e2d0 relative=0x00000000000005f0
Event: 1.678 Thread 0x00000235317acf20 Uncommon trap: reason=bimorphic_or_optimized_type_check action=maybe_recompile pc=0x000002353df7e2d0 method=java.util.concurrent.ConcurrentHashMap.get(Ljava/lang/Object;)Ljava/lang/Object; @ 149 c2
Event: 1.678 Thread 0x00000235317acf20 DEOPT PACKING pc=0x000002353df7e2d0 sp=0x000000ef573fad00
Event: 1.678 Thread 0x00000235317acf20 DEOPT UNPACKING pc=0x000002353d9d69a3 sp=0x000000ef573faca0 mode 2
Event: 1.679 Thread 0x00000235317acf20 Uncommon trap: trap_request=0xffffffc6 fr.pc=0x000002353df7e2d0 relative=0x00000000000005f0
Event: 1.679 Thread 0x00000235317acf20 Uncommon trap: reason=bimorphic_or_optimized_type_check action=maybe_recompile pc=0x000002353df7e2d0 method=java.util.concurrent.ConcurrentHashMap.get(Ljava/lang/Object;)Ljava/lang/Object; @ 149 c2
Event: 1.679 Thread 0x00000235317acf20 DEOPT PACKING pc=0x000002353df7e2d0 sp=0x000000ef573fad00
Event: 1.679 Thread 0x00000235317acf20 DEOPT UNPACKING pc=0x000002353d9d69a3 sp=0x000000ef573faca0 mode 2
Event: 1.679 Thread 0x00000235317acf20 Uncommon trap: trap_request=0xffffffc6 fr.pc=0x000002353df7e2d0 relative=0x00000000000005f0
Event: 1.679 Thread 0x00000235317acf20 Uncommon trap: reason=bimorphic_or_optimized_type_check action=maybe_recompile pc=0x000002353df7e2d0 method=java.util.concurrent.ConcurrentHashMap.get(Ljava/lang/Object;)Ljava/lang/Object; @ 149 c2
Event: 1.679 Thread 0x00000235317acf20 DEOPT PACKING pc=0x000002353df7e2d0 sp=0x000000ef573fad00
Event: 1.679 Thread 0x00000235317acf20 DEOPT UNPACKING pc=0x000002353d9d69a3 sp=0x000000ef573faca0 mode 2
Event: 1.787 Thread 0x00000235317acf20 DEOPT PACKING pc=0x00000235365709c8 sp=0x000000ef573f9f00
Event: 1.787 Thread 0x00000235317acf20 DEOPT UNPACKING pc=0x000002353d9d7143 sp=0x000000ef573f9418 mode 0

Classes unloaded (0 events):
No events

Classes redefined (0 events):
No events

Internal exceptions (16 events):
Event: 0.482 Thread 0x00000235317acf20 Exception <a 'java/lang/NoSuchMethodError'{0x0000000714716ab8}: 'int java.lang.invoke.DirectMethodHandle$Holder.invokeStaticInit(java.lang.Object, java.lang.Object)'> (0x0000000714716ab8) 
thrown [s\src\hotspot\share\interpreter\linkResolver.cpp, line 771]
Event: 1.294 Thread 0x00000235317acf20 Exception <a 'java/lang/NoSuchMethodError'{0x000000071413df38}: 'void java.lang.invoke.DirectMethodHandle$Holder.invokeStatic(java.lang.Object, java.lang.Object)'> (0x000000071413df38) 
thrown [s\src\hotspot\share\interpreter\linkResolver.cpp, line 771]
Event: 1.328 Thread 0x00000235317acf20 Exception <a 'java/lang/NoClassDefFoundError'{0x00000007141c4720}: org/slf4j/impl/StaticMarkerBinder> (0x00000007141c4720) 
thrown [s\src\hotspot\share\classfile\systemDictionary.cpp, line 245]
Event: 1.351 Thread 0x00000235317acf20 Exception <a 'java/lang/NoSuchMethodError'{0x0000000713e60948}: 'java.lang.Object java.lang.invoke.DirectMethodHandle$Holder.invokeVirtual(java.lang.Object, java.lang.Object, java.lang.Object, java.lang.Object, java.lang.Object, java.lang.Object, java.lang.Object)'> (0x0000000713e60948) 
thrown [s\src\hotspot\share\interpreter\linkResolver.cpp, line 771]
Event: 1.354 Thread 0x00000235317acf20 Exception <a 'java/lang/NoSuchMethodError'{0x0000000713e71f28}: 'java.lang.Object java.lang.invoke.Invokers$Holder.invoker(java.lang.Object, java.lang.Object, java.lang.Object)'> (0x0000000713e71f28) 
thrown [s\src\hotspot\share\interpreter\linkResolver.cpp, line 771]
Event: 1.359 Thread 0x00000235317acf20 Exception <a 'java/lang/NoSuchMethodError'{0x0000000713e7b058}: 'java.lang.Object java.lang.invoke.DirectMethodHandle$Holder.invokeStatic(java.lang.Object, java.lang.Object, int)'> (0x0000000713e7b058) 
thrown [s\src\hotspot\share\interpreter\linkResolver.cpp, line 771]
Event: 1.361 Thread 0x00000235317acf20 Exception <a 'java/lang/NoSuchMethodError'{0x0000000713e86d48}: 'void java.lang.invoke.DelegatingMethodHandle$Holder.delegate(java.lang.Object, java.lang.Object, int, java.lang.Object)'> (0x0000000713e86d48) 
thrown [s\src\hotspot\share\interpreter\linkResolver.cpp, line 771]
Event: 1.362 Thread 0x00000235317acf20 Exception <a 'java/lang/NoSuchMethodError'{0x0000000713e8ae90}: 'int java.lang.invoke.DirectMethodHandle$Holder.invokeSpecial(java.lang.Object, java.lang.Object, java.lang.Object)'> (0x0000000713e8ae90) 
thrown [s\src\hotspot\share\interpreter\linkResolver.cpp, line 771]
Event: 1.368 Thread 0x00000235317acf20 Exception <a 'java/lang/NoSuchMethodError'{0x0000000713e9e2b8}: 'java.lang.Object java.lang.invoke.Invokers$Holder.invokeExact_MT(java.lang.Object, java.lang.Object, java.lang.Object, java.lang.Object)'> (0x0000000713e9e2b8) 
thrown [s\src\hotspot\share\interpreter\linkResolver.cpp, line 771]
Event: 1.531 Thread 0x00000235317acf20 Exception <a 'java/lang/NoSuchMethodError'{0x00000007148801d0}: 'java.lang.Object java.lang.invoke.DirectMethodHandle$Holder.invokeInterface(java.lang.Object, java.lang.Object, java.lang.Object)'> (0x00000007148801d0) 
thrown [s\src\hotspot\share\interpreter\linkResolver.cpp, line 771]
Event: 1.537 Thread 0x00000235317acf20 Exception <a 'java/lang/NoSuchMethodError'{0x00000007148a1b98}: 'void java.lang.invoke.DirectMethodHandle$Holder.invokeSpecial(java.lang.Object, java.lang.Object, java.lang.Object)'> (0x00000007148a1b98) 
thrown [s\src\hotspot\share\interpreter\linkResolver.cpp, line 771]
Event: 1.559 Thread 0x00000235317acf20 Implicit null exception at 0x000002353df6cd0f to 0x000002353df6d184
Event: 1.560 Thread 0x00000235317acf20 Implicit null exception at 0x000002353df5cc94 to 0x000002353df5d0dc
Event: 1.597 Thread 0x00000235317acf20 Exception <a 'java/lang/NoSuchMethodError'{0x0000000714675488}: 'java.lang.Object java.lang.invoke.DirectMethodHandle$Holder.invokeStaticInit(java.lang.Object)'> (0x0000000714675488) 
thrown [s\src\hotspot\share\interpreter\linkResolver.cpp, line 771]
Event: 1.811 Thread 0x00000235317acf20 Exception <a 'java/lang/NoSuchMethodError'{0x000000071426d6b8}: 'java.lang.Object java.lang.invoke.DirectMethodHandle$Holder.invokeStaticInit(java.lang.Object, int, int, int, int)'> (0x000000071426d6b8) 
thrown [s\src\hotspot\share\interpreter\linkResolver.cpp, line 771]
Event: 1.963 Thread 0x00000235317acf20 Exception <a 'java/lang/NoSuchMethodError'{0x000000071437ae60}: 'java.lang.Object java.lang.invoke.DirectMethodHandle$Holder.invokeStaticInit(java.lang.Object, java.lang.Object, int, int, int, int)'> (0x000000071437ae60) 
thrown [s\src\hotspot\share\interpreter\linkResolver.cpp, line 771]

VM Operations (12 events):
Event: 0.225 Executing VM operation: HandshakeAllThreads
Event: 0.225 Executing VM operation: HandshakeAllThreads done
Event: 0.919 Executing VM operation: G1CollectForAllocation
Event: 0.924 Executing VM operation: G1CollectForAllocation done
Event: 1.358 Executing VM operation: HandshakeAllThreads
Event: 1.358 Executing VM operation: HandshakeAllThreads done
Event: 1.502 Executing VM operation: G1CollectForAllocation
Event: 1.509 Executing VM operation: G1CollectForAllocation done
Event: 1.686 Executing VM operation: HandshakeAllThreads
Event: 1.686 Executing VM operation: HandshakeAllThreads done
Event: 1.898 Executing VM operation: HandshakeAllThreads
Event: 1.898 Executing VM operation: HandshakeAllThreads done

Events (20 events):
Event: 2.118 loading class java/net/InetSocketAddress$InetSocketAddressHolder
Event: 2.118 loading class java/net/InetSocketAddress$InetSocketAddressHolder done
Event: 2.124 loading class java/lang/ProcessEnvironment$CheckedKeySet
Event: 2.124 loading class java/lang/ProcessEnvironment$CheckedKeySet done
Event: 2.124 loading class java/net/MulticastSocket
Event: 2.124 loading class java/net/MulticastSocket done
Event: 2.124 loading class sun/nio/ch/DefaultSelectorProvider
Event: 2.124 loading class sun/nio/ch/DefaultSelectorProvider done
Event: 2.124 loading class sun/nio/ch/WEPollSelectorProvider
Event: 2.125 loading class sun/nio/ch/SelectorProviderImpl
Event: 2.125 loading class java/nio/channels/spi/SelectorProvider
Event: 2.125 loading class java/nio/channels/spi/SelectorProvider done
Event: 2.125 loading class sun/nio/ch/SelectorProviderImpl done
Event: 2.125 loading class sun/nio/ch/WEPollSelectorProvider done
Event: 2.125 loading class sun/nio/ch/DatagramChannelImpl
Event: 2.126 loading class sun/nio/ch/SelChImpl
Event: 2.126 loading class sun/nio/ch/SelChImpl done
Event: 2.126 loading class java/nio/channels/DatagramChannel
Event: 2.126 loading class java/nio/channels/MulticastChannel
Event: 2.126 loading class java/nio/channels/NetworkChannel


Dynamic libraries:
0x00007ff6cc0d0000 - 0x00007ff6cc0da000 	C:\Program Files\Android\Android Studio\jbr\bin\java.exe
0x00007ff909bf0000 - 0x00007ff909de8000 	C:\Windows\SYSTEM32\ntdll.dll
0x00007ff909a80000 - 0x00007ff909b3f000 	C:\Windows\System32\KERNEL32.DLL
0x00007ff9078e0000 - 0x00007ff907bd6000 	C:\Windows\System32\KERNELBASE.dll
0x00007ff9077b0000 - 0x00007ff9078b0000 	C:\Windows\System32\ucrtbase.dll
0x00007ff900190000 - 0x00007ff9001a7000 	C:\Program Files\Android\Android Studio\jbr\bin\jli.dll
0x00007ff9092c0000 - 0x00007ff90945d000 	C:\Windows\System32\USER32.dll
0x00007ff9072d0000 - 0x00007ff9072f2000 	C:\Windows\System32\win32u.dll
0x00007ff9080c0000 - 0x00007ff9080ec000 	C:\Windows\System32\GDI32.dll
0x00007ff907440000 - 0x00007ff907555000 	C:\Windows\System32\gdi32full.dll
0x00007ff907560000 - 0x00007ff9075fd000 	C:\Windows\System32\msvcp_win.dll
0x00007ff8fe560000 - 0x00007ff8fe57b000 	C:\Program Files\Android\Android Studio\jbr\bin\VCRUNTIME140.dll
0x00007ff8ebdb0000 - 0x00007ff8ec04a000 	C:\Windows\WinSxS\amd64_microsoft.windows.common-controls_6595b64144ccf1df_6.0.19041.1110_none_60b5254171f9507e\COMCTL32.dll
0x00007ff907dc0000 - 0x00007ff907e5e000 	C:\Windows\System32\msvcrt.dll
0x00007ff909560000 - 0x00007ff909590000 	C:\Windows\System32\IMM32.DLL
0x00007ff900c80000 - 0x00007ff900c8c000 	C:\Program Files\Android\Android Studio\jbr\bin\vcruntime140_1.dll
0x00007ff8fe4d0000 - 0x00007ff8fe55d000 	C:\Program Files\Android\Android Studio\jbr\bin\msvcp140.dll
0x00007ff8b0e10000 - 0x00007ff8b1a7d000 	C:\Program Files\Android\Android Studio\jbr\bin\server\jvm.dll
0x00007ff907e60000 - 0x00007ff907f0f000 	C:\Windows\System32\ADVAPI32.dll
0x00007ff909460000 - 0x00007ff9094fc000 	C:\Windows\System32\sechost.dll
0x00007ff9095f0000 - 0x00007ff909716000 	C:\Windows\System32\RPCRT4.dll
0x00007ff8ec6e0000 - 0x00007ff8ec6e9000 	C:\Windows\SYSTEM32\WSOCK32.dll
0x00007ff909b40000 - 0x00007ff909bab000 	C:\Windows\System32\WS2_32.dll
0x00007ff8f6650000 - 0x00007ff8f6677000 	C:\Windows\SYSTEM32\WINMM.dll
0x00007ff8fb080000 - 0x00007ff8fb08a000 	C:\Windows\SYSTEM32\VERSION.dll
0x00007ff9051d0000 - 0x00007ff9051e2000 	C:\Windows\SYSTEM32\kernel.appcore.dll
0x00007ff9001b0000 - 0x00007ff9001ba000 	C:\Program Files\Android\Android Studio\jbr\bin\jimage.dll
0x00007ff904a60000 - 0x00007ff904c44000 	C:\Windows\SYSTEM32\DBGHELP.DLL
0x00007ff8f4030000 - 0x00007ff8f4064000 	C:\Windows\SYSTEM32\dbgcore.DLL
0x00007ff907300000 - 0x00007ff907382000 	C:\Windows\System32\bcryptPrimitives.dll
0x00007ff8f3b40000 - 0x00007ff8f3b65000 	C:\Program Files\Android\Android Studio\jbr\bin\java.dll
0x00007ff8f5040000 - 0x00007ff8f5058000 	C:\Program Files\Android\Android Studio\jbr\bin\zip.dll
0x00007ff908270000 - 0x00007ff9089b4000 	C:\Windows\System32\SHELL32.dll
0x00007ff905360000 - 0x00007ff905af4000 	C:\Windows\SYSTEM32\windows.storage.dll
0x00007ff909720000 - 0x00007ff909a74000 	C:\Windows\System32\combase.dll
0x00007ff906ca0000 - 0x00007ff906cce000 	C:\Windows\SYSTEM32\Wldp.dll
0x00007ff908100000 - 0x00007ff9081ad000 	C:\Windows\System32\SHCORE.dll
0x00007ff909590000 - 0x00007ff9095e5000 	C:\Windows\System32\shlwapi.dll
0x00007ff907200000 - 0x00007ff907225000 	C:\Windows\SYSTEM32\profapi.dll
0x00007ff8f3a70000 - 0x00007ff8f3a89000 	C:\Program Files\Android\Android Studio\jbr\bin\net.dll
0x00007ff8f6fe0000 - 0x00007ff8f70ea000 	C:\Windows\SYSTEM32\WINHTTP.dll
0x00007ff9069a0000 - 0x00007ff906a0a000 	C:\Windows\system32\mswsock.dll
0x00007ff8ee6a0000 - 0x00007ff8ee6b6000 	C:\Program Files\Android\Android Studio\jbr\bin\nio.dll
0x00007ff8fe580000 - 0x00007ff8fe590000 	C:\Program Files\Android\Android Studio\jbr\bin\verify.dll
0x00007ff901920000 - 0x00007ff901947000 	C:\Users\Youssef\.gradle\native\e1d6ef7f7dcc3fd88c89a11ec53ec762bb8ba0a96d01ffa2cd45eb1d1d8dd5c5\windows-amd64\native-platform.dll
0x00007ff8ff3d0000 - 0x00007ff8ff3d9000 	C:\Program Files\Android\Android Studio\jbr\bin\management.dll
0x00007ff8feae0000 - 0x00007ff8feaeb000 	C:\Program Files\Android\Android Studio\jbr\bin\management_ext.dll
0x00007ff907d00000 - 0x00007ff907d08000 	C:\Windows\System32\PSAPI.DLL
0x00007ff906b90000 - 0x00007ff906ba8000 	C:\Windows\SYSTEM32\CRYPTSP.dll
0x00007ff9062c0000 - 0x00007ff9062f4000 	C:\Windows\system32\rsaenh.dll
0x00007ff9078b0000 - 0x00007ff9078d7000 	C:\Windows\System32\bcrypt.dll
0x00007ff9071c0000 - 0x00007ff9071ee000 	C:\Windows\SYSTEM32\USERENV.dll
0x00007ff906bb0000 - 0x00007ff906bbc000 	C:\Windows\SYSTEM32\CRYPTBASE.dll
0x00007ff906690000 - 0x00007ff9066cc000 	C:\Windows\SYSTEM32\IPHLPAPI.DLL
0x00007ff9080f0000 - 0x00007ff9080f8000 	C:\Windows\System32\NSI.dll
0x00007ff8f72a0000 - 0x00007ff8f72b7000 	C:\Windows\SYSTEM32\dhcpcsvc6.DLL
0x00007ff8fb090000 - 0x00007ff8fb0ad000 	C:\Windows\SYSTEM32\dhcpcsvc.DLL
0x00007ff9066d0000 - 0x00007ff90679a000 	C:\Windows\SYSTEM32\DNSAPI.dll

dbghelp: loaded successfully - version: 4.0.5 - missing functions: none
symbol engine: initialized successfully - sym options: 0x614 - pdb path: .;C:\Program Files\Android\Android Studio\jbr\bin;C:\Windows\SYSTEM32;C:\Windows\WinSxS\amd64_microsoft.windows.common-controls_6595b64144ccf1df_6.0.19041.1110_none_60b5254171f9507e;C:\Program Files\Android\Android Studio\jbr\bin\server;C:\Users\Youssef\.gradle\native\e1d6ef7f7dcc3fd88c89a11ec53ec762bb8ba0a96d01ffa2cd45eb1d1d8dd5c5\windows-amd64

VM Arguments:
jvm_args: -Dorg.gradle.appname=gradlew 
java_command: org.gradle.wrapper.GradleWrapperMain -q -Ptarget-platform=android-arm64 -Ptarget=D:\flutter projects\jobsque-main\lib\main.dart -Pbase-application-name=android.app.Application -Pdart-defines=Zmx1dHRlci5pbnNwZWN0b3Iuc3RydWN0dXJlZEVycm9ycz10cnVl,RkxVVFRFUl9XRUJfQVVUT19ERVRFQ1Q9dHJ1ZQ==,RkxVVFRFUl9XRUJfQ0FOVkFTS0lUX1VSTD1odHRwczovL3d3dy5nc3RhdGljLmNvbS9mbHV0dGVyLWNhbnZhc2tpdC9jZGJlZGE3ODhhMjkzZmEyOTY2NWRjM2ZhM2Q2ZTYzYmQyMjFjYjBkLw== -Pdart-obfuscation=false -Ptrack-widget-creation=true -Ptree-shake-icons=false -Pfilesystem-scheme=org-dartlang-root assembleDebug
java_class_path (initial): D:\flutter projects\jobsque-main\android\\gradle\wrapper\gradle-wrapper.jar
Launcher Type: SUN_STANDARD

[Global flags]
     intx CICompilerCount                          = 3                                         {product} {ergonomic}
     uint ConcGCThreads                            = 1                                         {product} {ergonomic}
     uint G1ConcRefinementThreads                  = 4                                         {product} {ergonomic}
   size_t G1HeapRegionSize                         = 2097152                                   {product} {ergonomic}
    uintx GCDrainStackTargetSize                   = 64                                        {product} {ergonomic}
   size_t InitialHeapSize                          = 264241152                                 {product} {ergonomic}
   size_t MarkStackSize                            = 4194304                                   {product} {ergonomic}
   size_t MaxHeapSize                              = 4213178368                                {product} {ergonomic}
   size_t MaxNewSize                               = 2527068160                                {product} {ergonomic}
   size_t MinHeapDeltaBytes                        = 2097152                                   {product} {ergonomic}
   size_t MinHeapSize                              = 8388608                                   {product} {ergonomic}
    uintx NonNMethodCodeHeapSize                   = 5832780                                {pd product} {ergonomic}
    uintx NonProfiledCodeHeapSize                  = 122912730                              {pd product} {ergonomic}
    uintx ProfiledCodeHeapSize                     = 122912730                              {pd product} {ergonomic}
    uintx ReservedCodeCacheSize                    = 251658240                              {pd product} {ergonomic}
     bool SegmentedCodeCache                       = true                                      {product} {ergonomic}
   size_t SoftMaxHeapSize                          = 4213178368                             {manageable} {ergonomic}
     bool UseCompressedClassPointers               = true                           {product lp64_product} {ergonomic}
     bool UseCompressedOops                        = true                           {product lp64_product} {ergonomic}
     bool UseG1GC                                  = true                                      {product} {ergonomic}
     bool UseLargePagesIndividualAllocation        = false                                  {pd product} {ergonomic}

Logging:
Log output configuration:
 #0: stdout all=warning uptime,level,tags
 #1: stderr all=off uptime,level,tags

Environment Variables:
JAVA_HOME=C:\Program Files\Android\Android Studio\jbr
CLASSPATH=D:\flutter projects\jobsque-main\android\\gradle\wrapper\gradle-wrapper.jar
PATH=C:\Program Files\Common Files\Oracle\Java\javapath;C:\Program Files (x86)\Common Files\Oracle\Java\javapath;C:\Program Files (x86)\NVIDIA Corporation\PhysX\Common;C:\Windows\system32;C:\Windows;C:\Windows\System32\Wbem;C:\Windows\System32\WindowsPowerShell\v1.0\;C:\Windows\System32\OpenSSH\;C:\Program Files\dotnet\;C:\Program Files\Git\cmd;C:\Program Files\Java\jdk-19\bin;C:\gradle-8.2\bin;C:\Users\Youssef\AppData\Local\Microsoft\WindowsApps;D:\programing\flutter\bin;D:\programing\dart\bin;C:\Users\Youssef\AppData\Local\GitHubDesktop\bin;C:\Program Files\Java\jdk-19\bin;C:\gradle-8.2\bin;C:\Users\Youssef\AppData\Local\Programs\Microsoft VS Code\bin;;D:\programing\flutter\bin\mingit\cmd
USERNAME=Youssef
OS=Windows_NT
PROCESSOR_IDENTIFIER=Intel64 Family 6 Model 78 Stepping 3, GenuineIntel
TMP=C:\Users\Youssef\AppData\Local\Temp
TEMP=C:\Users\Youssef\AppData\Local\Temp



---------------  S Y S T E M  ---------------

OS:
 Windows 10 , 64 bit Build 19041 (10.0.19041.3155)
OS uptime: 2 days 10:28 hours

CPU: total 4 (initial active 4) (2 cores per cpu, 2 threads per core) family 6 model 78 stepping 3 microcode 0xcc, cx8, cmov, fxsr, ht, mmx, 3dnowpref, sse, sse2, sse3, ssse3, sse4.1, sse4.2, popcnt, lzcnt, tsc, tscinvbit, avx, avx2, aes, erms, clmul, bmi1, bmi2, rtm, adx, fma, vzeroupper, clflush, clflushopt

Memory: 4k page, system-wide physical 16065M (1359M free)
TotalPageFile size 18113M (AvailPageFile size 147M)
current process WorkingSet (physical memory assigned to process): 85M, peak: 85M
current process commit charge ("private bytes"): 349M, peak: 349M

vm_info: OpenJDK 64-Bit Server VM (17.0.6+0-b2043.56-9586694) for windows-amd64 JRE (17.0.6+0-b2043.56-9586694), built on Feb  9 2023 20:06:20 by "androidbuild" with MS VC++ 16.10 / 16.11 (VS2019)

END.
