#
# There is insufficient memory for the Java Runtime Environment to continue.
# Native memory allocation (mmap) failed to map 65536 bytes for Failed to commit metaspace.
# Possible reasons:
#   The system is out of physical RAM or swap space
#   The process is running with CompressedOops enabled, and the Java Heap may be blocking the growth of the native heap
# Possible solutions:
#   Reduce memory load on the system
#   Increase physical memory or swap space
#   Check if swap backing store is full
#   Decrease Java heap size (-Xmx/-Xms)
#   Decrease number of Java threads
#   Decrease Java thread stack sizes (-Xss)
#   Set larger code cache with -XX:ReservedCodeCacheSize=
#   JVM is running with Zero Based Compressed Oops mode in which the Java heap is
#     placed in the first 32GB address space. The Java Heap base address is the
#     maximum limit for the native heap growth. Please use -XX:HeapBaseMinAddress
#     to set the Java Heap base and to place the Java Heap above 32GB virtual address.
# This output file may be truncated or incomplete.
#
#  Out of Memory Error (virtualSpaceNode.cpp:110), pid=8520, tid=14656
#
# JRE version: OpenJDK Runtime Environment (17.0.6) (build 17.0.6+0-b2043.56-9586694)
# Java VM: OpenJDK 64-Bit Server VM (17.0.6+0-b2043.56-9586694, mixed mode, tiered, compressed oops, compressed class ptrs, g1 gc, windows-amd64)
# No core dump will be written. Minidumps are not enabled by default on client versions of Windows
#

---------------  S U M M A R Y ------------

Command Line: -Dorg.gradle.appname=gradlew org.gradle.wrapper.GradleWrapperMain -q -Ptarget-platform=android-arm64 -Ptarget=D:\flutter projects\jobsque-main\lib\main.dart -Pbase-application-name=android.app.Application -Pdart-defines=Zmx1dHRlci5pbnNwZWN0b3Iuc3RydWN0dXJlZEVycm9ycz10cnVl,RkxVVFRFUl9XRUJfQVVUT19ERVRFQ1Q9dHJ1ZQ==,RkxVVFRFUl9XRUJfQ0FOVkFTS0lUX1VSTD1odHRwczovL3d3dy5nc3RhdGljLmNvbS9mbHV0dGVyLWNhbnZhc2tpdC9jZGJlZGE3ODhhMjkzZmEyOTY2NWRjM2ZhM2Q2ZTYzYmQyMjFjYjBkLw== -Pdart-obfuscation=false -Ptrack-widget-creation=true -Ptree-shake-icons=false -Pfilesystem-scheme=org-dartlang-root assembleDebug

Host: Intel(R) Core(TM) i5-6300U CPU @ 2.40GHz, 4 cores, 15G,  Windows 10 , 64 bit Build 19041 (10.0.19041.3155)
Time: Fri Jul 21 01:49:38 2023 Egypt Daylight Time elapsed time: 1.552662 seconds (0d 0h 0m 1s)

---------------  T H R E A D  ---------------

Current thread (0x000001ee60c5caf0):  JavaThread "main" [_thread_in_vm, id=14656, stack(0x0000006f97c00000,0x0000006f97d00000)]

Stack: [0x0000006f97c00000,0x0000006f97d00000]
Native frames: (J=compiled Java code, j=interpreted, Vv=VM code, C=native code)
V  [jvm.dll+0x683b4a]
V  [jvm.dll+0x842654]
V  [jvm.dll+0x843dfe]
V  [jvm.dll+0x844463]
V  [jvm.dll+0x249b75]
V  [jvm.dll+0x83e6ab]
V  [jvm.dll+0x627fa6]
V  [jvm.dll+0x62800a]
V  [jvm.dll+0x62a81a]
V  [jvm.dll+0x628946]
V  [jvm.dll+0x23ef80]
V  [jvm.dll+0x1ee40d]
V  [jvm.dll+0x1e3dcc]
V  [jvm.dll+0x547f8d]
V  [jvm.dll+0x1f46eb]
V  [jvm.dll+0x7bc67b]
V  [jvm.dll+0x7bdac2]
V  [jvm.dll+0x7bddf8]
V  [jvm.dll+0x24190e]
V  [jvm.dll+0x38437e]
C  0x000001ee6b67b704

Java frames: (J=compiled Java code, j=interpreted, Vv=VM code)
j  java.util.concurrent.ThreadPoolExecutor.addWorker(Ljava/lang/Runnable;Z)Z+108 java.base@17.0.6
j  java.util.concurrent.ThreadPoolExecutor.ensurePrestart()V+22 java.base@17.0.6
j  java.util.concurrent.ScheduledThreadPoolExecutor.delayedExecute(Ljava/util/concurrent/RunnableScheduledFuture;)V+54 java.base@17.0.6
j  java.util.concurrent.ScheduledThreadPoolExecutor.scheduleAtFixedRate(Ljava/lang/Runnable;JJLjava/util/concurrent/TimeUnit;)Ljava/util/concurrent/ScheduledFuture;+83 java.base@17.0.6
j  java.util.concurrent.Executors$DelegatedScheduledExecutorService.scheduleAtFixedRate(Ljava/lang/Runnable;JJLjava/util/concurrent/TimeUnit;)Ljava/util/concurrent/ScheduledFuture;+10 java.base@17.0.6
j  org.gradle.internal.logging.console.ThrottlingOutputEventListener.scheduleUpdateNow()V+25
j  org.gradle.internal.logging.console.ThrottlingOutputEventListener.<init>(Lorg/gradle/internal/logging/events/OutputEventListener;ILjava/util/concurrent/ScheduledExecutorService;Lorg/gradle/internal/time/Clock;)V+48
j  org.gradle.internal.logging.console.ThrottlingOutputEventListener.<init>(Lorg/gradle/internal/logging/events/OutputEventListener;Lorg/gradle/internal/time/Clock;)V+16
j  org.gradle.internal.logging.sink.OutputEventRenderer.throttled(Lorg/gradle/internal/logging/events/OutputEventListener;)Lorg/gradle/internal/logging/events/OutputEventListener;+9
j  org.gradle.internal.logging.sink.OutputEventRenderer.getConsoleChainWithoutDynamicStdout(Lorg/gradle/internal/logging/events/OutputEventListener;Z)Lorg/gradle/internal/logging/events/OutputEventListener;+31
j  org.gradle.internal.logging.sink.OutputEventRenderer.addPlainConsole(Ljava/io/OutputStream;Ljava/io/OutputStream;)V+64
j  org.gradle.internal.logging.sink.ConsoleConfigureAction.configureAutoConsole(Lorg/gradle/internal/logging/sink/OutputEventRenderer;Lorg/gradle/internal/nativeintegration/console/ConsoleMetaData;Ljava/io/OutputStream;Ljava/io/OutputStream;)V+106
j  org.gradle.internal.logging.sink.ConsoleConfigureAction.execute(Lorg/gradle/internal/logging/sink/OutputEventRenderer;Lorg/gradle/api/logging/configuration/ConsoleOutput;Lorg/gradle/internal/nativeintegration/console/ConsoleMetaData;Ljava/io/OutputStream;Ljava/io/OutputStream;)V+12
j  org.gradle.internal.logging.sink.ConsoleConfigureAction.execute(Lorg/gradle/internal/logging/sink/OutputEventRenderer;Lorg/gradle/api/logging/configuration/ConsoleOutput;)V+13
j  org.gradle.internal.logging.sink.OutputEventRenderer.attachProcessConsole(Lorg/gradle/api/logging/configuration/ConsoleOutput;)V+9
j  org.gradle.internal.logging.services.DefaultLoggingManager$ProcessConsoleAttachment.run()V+8
j  org.gradle.internal.logging.services.DefaultLoggingManager$StartableLoggingRouter.addConsoleAttachement(Ljava/lang/Runnable;)V+37
j  org.gradle.internal.logging.services.DefaultLoggingManager$StartableLoggingRouter.attachProcessConsole(Lorg/gradle/api/logging/configuration/ConsoleOutput;)V+13
j  org.gradle.internal.logging.services.DefaultLoggingManager.attachProcessConsole(Lorg/gradle/api/logging/configuration/ConsoleOutput;)V+5
j  org.gradle.launcher.cli.NativeServicesInitializingAction.execute(Lorg/gradle/launcher/bootstrap/ExecutionListener;)V+25
j  org.gradle.launcher.cli.NativeServicesInitializingAction.execute(Ljava/lang/Object;)V+5
j  org.gradle.launcher.cli.ExceptionReportingAction.execute(Lorg/gradle/launcher/bootstrap/ExecutionListener;)V+5
j  org.gradle.launcher.cli.ExceptionReportingAction.execute(Ljava/lang/Object;)V+5
j  org.gradle.launcher.cli.DefaultCommandLineActionFactory$WithLogging.execute(Lorg/gradle/launcher/bootstrap/ExecutionListener;)V+299
j  org.gradle.launcher.Main.doAction([Ljava/lang/String;Lorg/gradle/launcher/bootstrap/ExecutionListener;)V+14
j  org.gradle.launcher.bootstrap.EntryPoint.run([Ljava/lang/String;)V+12
v  ~StubRoutines::call_stub
j  jdk.internal.reflect.NativeMethodAccessorImpl.invoke0(Ljava/lang/reflect/Method;Ljava/lang/Object;[Ljava/lang/Object;)Ljava/lang/Object;+0 java.base@17.0.6
j  jdk.internal.reflect.NativeMethodAccessorImpl.invoke(Ljava/lang/Object;[Ljava/lang/Object;)Ljava/lang/Object;+133 java.base@17.0.6
j  jdk.internal.reflect.DelegatingMethodAccessorImpl.invoke(Ljava/lang/Object;[Ljava/lang/Object;)Ljava/lang/Object;+6 java.base@17.0.6
j  java.lang.reflect.Method.invoke(Ljava/lang/Object;[Ljava/lang/Object;)Ljava/lang/Object;+59 java.base@17.0.6
j  org.gradle.launcher.bootstrap.ProcessBootstrap.runNoExit(Ljava/lang/String;[Ljava/lang/String;)V+159
j  org.gradle.launcher.bootstrap.ProcessBootstrap.run(Ljava/lang/String;[Ljava/lang/String;)V+2
v  ~StubRoutines::call_stub
j  jdk.internal.reflect.NativeMethodAccessorImpl.invoke0(Ljava/lang/reflect/Method;Ljava/lang/Object;[Ljava/lang/Object;)Ljava/lang/Object;+0 java.base@17.0.6
j  jdk.internal.reflect.NativeMethodAccessorImpl.invoke(Ljava/lang/Object;[Ljava/lang/Object;)Ljava/lang/Object;+133 java.base@17.0.6
j  jdk.internal.reflect.DelegatingMethodAccessorImpl.invoke(Ljava/lang/Object;[Ljava/lang/Object;)Ljava/lang/Object;+6 java.base@17.0.6
j  java.lang.reflect.Method.invoke(Ljava/lang/Object;[Ljava/lang/Object;)Ljava/lang/Object;+59 java.base@17.0.6
j  org.gradle.launcher.GradleMain.main([Ljava/lang/String;)V+100
v  ~StubRoutines::call_stub
j  jdk.internal.reflect.NativeMethodAccessorImpl.invoke0(Ljava/lang/reflect/Method;Ljava/lang/Object;[Ljava/lang/Object;)Ljava/lang/Object;+0 java.base@17.0.6
j  jdk.internal.reflect.NativeMethodAccessorImpl.invoke(Ljava/lang/Object;[Ljava/lang/Object;)Ljava/lang/Object;+133 java.base@17.0.6
j  jdk.internal.reflect.DelegatingMethodAccessorImpl.invoke(Ljava/lang/Object;[Ljava/lang/Object;)Ljava/lang/Object;+6 java.base@17.0.6
j  java.lang.reflect.Method.invoke(Ljava/lang/Object;[Ljava/lang/Object;)Ljava/lang/Object;+59 java.base@17.0.6
j  org.gradle.wrapper.BootstrapMainStarter.start([Ljava/lang/String;Ljava/io/File;)V+82
j  org.gradle.wrapper.WrapperExecutor.execute([Ljava/lang/String;Lorg/gradle/wrapper/Install;Lorg/gradle/wrapper/BootstrapMainStarter;)V+14
j  org.gradle.wrapper.GradleWrapperMain.main([Ljava/lang/String;)V+190
v  ~StubRoutines::call_stub

---------------  P R O C E S S  ---------------

Threads class SMR info:
_java_thread_list=0x000001ee01004e90, length=13, elements={
0x000001ee60c5caf0, 0x000001ee7f41fdf0, 0x000001ee7f420b70, 0x000001ee7f46f560,
0x000001ee7f471030, 0x000001ee7f473900, 0x000001ee7f4741c0, 0x000001ee7f474e60,
0x000001ee7f477270, 0x000001ee7f4e38d0, 0x000001ee7f5e4c20, 0x000001ee7f5f9550,
0x000001ee007f8080
}

Java Threads: ( => current thread )
=>0x000001ee60c5caf0 JavaThread "main" [_thread_in_vm, id=14656, stack(0x0000006f97c00000,0x0000006f97d00000)]
  0x000001ee7f41fdf0 JavaThread "Reference Handler" daemon [_thread_blocked, id=3924, stack(0x0000006f98300000,0x0000006f98400000)]
  0x000001ee7f420b70 JavaThread "Finalizer" daemon [_thread_blocked, id=13812, stack(0x0000006f98400000,0x0000006f98500000)]
  0x000001ee7f46f560 JavaThread "Signal Dispatcher" daemon [_thread_blocked, id=736, stack(0x0000006f98500000,0x0000006f98600000)]
  0x000001ee7f471030 JavaThread "Attach Listener" daemon [_thread_blocked, id=13372, stack(0x0000006f98600000,0x0000006f98700000)]
  0x000001ee7f473900 JavaThread "Service Thread" daemon [_thread_blocked, id=864, stack(0x0000006f98700000,0x0000006f98800000)]
  0x000001ee7f4741c0 JavaThread "Monitor Deflation Thread" daemon [_thread_blocked, id=11024, stack(0x0000006f98800000,0x0000006f98900000)]
  0x000001ee7f474e60 JavaThread "C2 CompilerThread0" daemon [_thread_blocked, id=11620, stack(0x0000006f98900000,0x0000006f98a00000)]
  0x000001ee7f477270 JavaThread "C1 CompilerThread0" daemon [_thread_blocked, id=652, stack(0x0000006f98a00000,0x0000006f98b00000)]
  0x000001ee7f4e38d0 JavaThread "Sweeper thread" daemon [_thread_blocked, id=15384, stack(0x0000006f98b00000,0x0000006f98c00000)]
  0x000001ee7f5e4c20 JavaThread "Notification Thread" daemon [_thread_blocked, id=3664, stack(0x0000006f98c00000,0x0000006f98d00000)]
  0x000001ee7f5f9550 JavaThread "Common-Cleaner" daemon [_thread_blocked, id=11256, stack(0x0000006f98e00000,0x0000006f98f00000)]
  0x000001ee007f8080 JavaThread "C2 CompilerThread1" daemon [_thread_blocked, id=13368, stack(0x0000006f99200000,0x0000006f99300000)]

Other Threads:
  0x000001ee7eb9eb50 VMThread "VM Thread" [stack: 0x0000006f98200000,0x0000006f98300000] [id=11448]
  0x000001ee7f5e7230 WatcherThread [stack: 0x0000006f98d00000,0x0000006f98e00000] [id=17196]
  0x000001ee60cc81b0 GCTaskThread "GC Thread#0" [stack: 0x0000006f97d00000,0x0000006f97e00000] [id=2932]
  0x000001ee00118000 GCTaskThread "GC Thread#1" [stack: 0x0000006f98f00000,0x0000006f99000000] [id=6648]
  0x000001ee001182b0 GCTaskThread "GC Thread#2" [stack: 0x0000006f99000000,0x0000006f99100000] [id=14892]
  0x000001ee000f7000 GCTaskThread "GC Thread#3" [stack: 0x0000006f99100000,0x0000006f99200000] [id=1344]
  0x000001ee60cd8b10 ConcurrentGCThread "G1 Main Marker" [stack: 0x0000006f97e00000,0x0000006f97f00000] [id=12192]
  0x000001ee60cd9430 ConcurrentGCThread "G1 Conc#0" [stack: 0x0000006f97f00000,0x0000006f98000000] [id=11280]
  0x000001ee60d18ed0 ConcurrentGCThread "G1 Refine#0" [stack: 0x0000006f98000000,0x0000006f98100000] [id=14356]
  0x000001ee60d19800 ConcurrentGCThread "G1 Service" [stack: 0x0000006f98100000,0x0000006f98200000] [id=12504]

Threads with active compile tasks:

VM state: not at safepoint (normal execution)

VM Mutex/Monitor currently owned by a thread:  ([mutex/lock_event])
[0x000001ee5ebc8830] Metaspace_lock - owner thread: 0x000001ee60c5caf0

Heap address: 0x0000000704e00000, size: 4018 MB, Compressed Oops mode: Zero based, Oop shift amount: 3

CDS archive(s) not mapped
Compressed class space mapped at: 0x0000000800000000-0x0000000840000000, reserved size: 1073741824
Narrow klass base: 0x0000000800000000, Narrow klass shift: 0, Narrow klass range: 0x40000000

GC Precious Log:
 CPUs: 4 total, 4 available
 Memory: 16065M
 Large Page Support: Disabled
 NUMA Support: Disabled
 Compressed Oops: Enabled (Zero based)
 Heap Region Size: 2M
 Heap Min Capacity: 8M
 Heap Initial Capacity: 252M
 Heap Max Capacity: 4018M
 Pre-touch: Disabled
 Parallel Workers: 4
 Concurrent Workers: 1
 Concurrent Refinement Workers: 4
 Periodic GC: Disabled

Heap:
 garbage-first heap   total 258048K, used 16301K [0x0000000704e00000, 0x0000000800000000)
  region size 2048K, 7 young (14336K), 1 survivors (2048K)
 Metaspace       used 11495K, committed 11584K, reserved 1064960K
  class space    used 1225K, committed 1280K, reserved 1048576K

Heap Regions: E=young(eden), S=young(survivor), O=old, HS=humongous(starts), HC=humongous(continues), CS=collection set, F=free, OA=open archive, CA=closed archive, TAMS=top-at-mark-start (previous, next)
|   0|0x0000000704e00000, 0x0000000705000000, 0x0000000705000000|100%|HS|  |TAMS 0x0000000704e00000, 0x0000000704e00000| Complete 
|   1|0x0000000705000000, 0x0000000705200000, 0x0000000705200000|100%|HC|  |TAMS 0x0000000705000000, 0x0000000705000000| Complete 
|   2|0x0000000705200000, 0x0000000705200000, 0x0000000705400000|  0%| F|  |TAMS 0x0000000705200000, 0x0000000705200000| Untracked 
|   3|0x0000000705400000, 0x0000000705400000, 0x0000000705600000|  0%| F|  |TAMS 0x0000000705400000, 0x0000000705400000| Untracked 
|   4|0x0000000705600000, 0x0000000705600000, 0x0000000705800000|  0%| F|  |TAMS 0x0000000705600000, 0x0000000705600000| Untracked 
|   5|0x0000000705800000, 0x0000000705800000, 0x0000000705a00000|  0%| F|  |TAMS 0x0000000705800000, 0x0000000705800000| Untracked 
|   6|0x0000000705a00000, 0x0000000705a00000, 0x0000000705c00000|  0%| F|  |TAMS 0x0000000705a00000, 0x0000000705a00000| Untracked 
|   7|0x0000000705c00000, 0x0000000705c00000, 0x0000000705e00000|  0%| F|  |TAMS 0x0000000705c00000, 0x0000000705c00000| Untracked 
|   8|0x0000000705e00000, 0x0000000705e00000, 0x0000000706000000|  0%| F|  |TAMS 0x0000000705e00000, 0x0000000705e00000| Untracked 
|   9|0x0000000706000000, 0x0000000706000000, 0x0000000706200000|  0%| F|  |TAMS 0x0000000706000000, 0x0000000706000000| Untracked 
|  10|0x0000000706200000, 0x0000000706200000, 0x0000000706400000|  0%| F|  |TAMS 0x0000000706200000, 0x0000000706200000| Untracked 
|  11|0x0000000706400000, 0x0000000706400000, 0x0000000706600000|  0%| F|  |TAMS 0x0000000706400000, 0x0000000706400000| Untracked 
|  12|0x0000000706600000, 0x0000000706600000, 0x0000000706800000|  0%| F|  |TAMS 0x0000000706600000, 0x0000000706600000| Untracked 
|  13|0x0000000706800000, 0x0000000706800000, 0x0000000706a00000|  0%| F|  |TAMS 0x0000000706800000, 0x0000000706800000| Untracked 
|  14|0x0000000706a00000, 0x0000000706a00000, 0x0000000706c00000|  0%| F|  |TAMS 0x0000000706a00000, 0x0000000706a00000| Untracked 
|  15|0x0000000706c00000, 0x0000000706c00000, 0x0000000706e00000|  0%| F|  |TAMS 0x0000000706c00000, 0x0000000706c00000| Untracked 
|  16|0x0000000706e00000, 0x0000000706e00000, 0x0000000707000000|  0%| F|  |TAMS 0x0000000706e00000, 0x0000000706e00000| Untracked 
|  17|0x0000000707000000, 0x0000000707000000, 0x0000000707200000|  0%| F|  |TAMS 0x0000000707000000, 0x0000000707000000| Untracked 
|  18|0x0000000707200000, 0x0000000707200000, 0x0000000707400000|  0%| F|  |TAMS 0x0000000707200000, 0x0000000707200000| Untracked 
|  19|0x0000000707400000, 0x0000000707400000, 0x0000000707600000|  0%| F|  |TAMS 0x0000000707400000, 0x0000000707400000| Untracked 
|  20|0x0000000707600000, 0x0000000707600000, 0x0000000707800000|  0%| F|  |TAMS 0x0000000707600000, 0x0000000707600000| Untracked 
|  21|0x0000000707800000, 0x0000000707800000, 0x0000000707a00000|  0%| F|  |TAMS 0x0000000707800000, 0x0000000707800000| Untracked 
|  22|0x0000000707a00000, 0x0000000707a00000, 0x0000000707c00000|  0%| F|  |TAMS 0x0000000707a00000, 0x0000000707a00000| Untracked 
|  23|0x0000000707c00000, 0x0000000707c00000, 0x0000000707e00000|  0%| F|  |TAMS 0x0000000707c00000, 0x0000000707c00000| Untracked 
|  24|0x0000000707e00000, 0x0000000707e00000, 0x0000000708000000|  0%| F|  |TAMS 0x0000000707e00000, 0x0000000707e00000| Untracked 
|  25|0x0000000708000000, 0x0000000708000000, 0x0000000708200000|  0%| F|  |TAMS 0x0000000708000000, 0x0000000708000000| Untracked 
|  26|0x0000000708200000, 0x0000000708200000, 0x0000000708400000|  0%| F|  |TAMS 0x0000000708200000, 0x0000000708200000| Untracked 
|  27|0x0000000708400000, 0x0000000708400000, 0x0000000708600000|  0%| F|  |TAMS 0x0000000708400000, 0x0000000708400000| Untracked 
|  28|0x0000000708600000, 0x0000000708600000, 0x0000000708800000|  0%| F|  |TAMS 0x0000000708600000, 0x0000000708600000| Untracked 
|  29|0x0000000708800000, 0x0000000708800000, 0x0000000708a00000|  0%| F|  |TAMS 0x0000000708800000, 0x0000000708800000| Untracked 
|  30|0x0000000708a00000, 0x0000000708a00000, 0x0000000708c00000|  0%| F|  |TAMS 0x0000000708a00000, 0x0000000708a00000| Untracked 
|  31|0x0000000708c00000, 0x0000000708c00000, 0x0000000708e00000|  0%| F|  |TAMS 0x0000000708c00000, 0x0000000708c00000| Untracked 
|  32|0x0000000708e00000, 0x0000000708e00000, 0x0000000709000000|  0%| F|  |TAMS 0x0000000708e00000, 0x0000000708e00000| Untracked 
|  33|0x0000000709000000, 0x0000000709000000, 0x0000000709200000|  0%| F|  |TAMS 0x0000000709000000, 0x0000000709000000| Untracked 
|  34|0x0000000709200000, 0x0000000709200000, 0x0000000709400000|  0%| F|  |TAMS 0x0000000709200000, 0x0000000709200000| Untracked 
|  35|0x0000000709400000, 0x0000000709400000, 0x0000000709600000|  0%| F|  |TAMS 0x0000000709400000, 0x0000000709400000| Untracked 
|  36|0x0000000709600000, 0x0000000709600000, 0x0000000709800000|  0%| F|  |TAMS 0x0000000709600000, 0x0000000709600000| Untracked 
|  37|0x0000000709800000, 0x0000000709800000, 0x0000000709a00000|  0%| F|  |TAMS 0x0000000709800000, 0x0000000709800000| Untracked 
|  38|0x0000000709a00000, 0x0000000709a00000, 0x0000000709c00000|  0%| F|  |TAMS 0x0000000709a00000, 0x0000000709a00000| Untracked 
|  39|0x0000000709c00000, 0x0000000709c00000, 0x0000000709e00000|  0%| F|  |TAMS 0x0000000709c00000, 0x0000000709c00000| Untracked 
|  40|0x0000000709e00000, 0x0000000709e00000, 0x000000070a000000|  0%| F|  |TAMS 0x0000000709e00000, 0x0000000709e00000| Untracked 
|  41|0x000000070a000000, 0x000000070a000000, 0x000000070a200000|  0%| F|  |TAMS 0x000000070a000000, 0x000000070a000000| Untracked 
|  42|0x000000070a200000, 0x000000070a200000, 0x000000070a400000|  0%| F|  |TAMS 0x000000070a200000, 0x000000070a200000| Untracked 
|  43|0x000000070a400000, 0x000000070a400000, 0x000000070a600000|  0%| F|  |TAMS 0x000000070a400000, 0x000000070a400000| Untracked 
|  44|0x000000070a600000, 0x000000070a600000, 0x000000070a800000|  0%| F|  |TAMS 0x000000070a600000, 0x000000070a600000| Untracked 
|  45|0x000000070a800000, 0x000000070a800000, 0x000000070aa00000|  0%| F|  |TAMS 0x000000070a800000, 0x000000070a800000| Untracked 
|  46|0x000000070aa00000, 0x000000070aa00000, 0x000000070ac00000|  0%| F|  |TAMS 0x000000070aa00000, 0x000000070aa00000| Untracked 
|  47|0x000000070ac00000, 0x000000070ac00000, 0x000000070ae00000|  0%| F|  |TAMS 0x000000070ac00000, 0x000000070ac00000| Untracked 
|  48|0x000000070ae00000, 0x000000070ae00000, 0x000000070b000000|  0%| F|  |TAMS 0x000000070ae00000, 0x000000070ae00000| Untracked 
|  49|0x000000070b000000, 0x000000070b000000, 0x000000070b200000|  0%| F|  |TAMS 0x000000070b000000, 0x000000070b000000| Untracked 
|  50|0x000000070b200000, 0x000000070b200000, 0x000000070b400000|  0%| F|  |TAMS 0x000000070b200000, 0x000000070b200000| Untracked 
|  51|0x000000070b400000, 0x000000070b400000, 0x000000070b600000|  0%| F|  |TAMS 0x000000070b400000, 0x000000070b400000| Untracked 
|  52|0x000000070b600000, 0x000000070b600000, 0x000000070b800000|  0%| F|  |TAMS 0x000000070b600000, 0x000000070b600000| Untracked 
|  53|0x000000070b800000, 0x000000070b800000, 0x000000070ba00000|  0%| F|  |TAMS 0x000000070b800000, 0x000000070b800000| Untracked 
|  54|0x000000070ba00000, 0x000000070ba00000, 0x000000070bc00000|  0%| F|  |TAMS 0x000000070ba00000, 0x000000070ba00000| Untracked 
|  55|0x000000070bc00000, 0x000000070bc00000, 0x000000070be00000|  0%| F|  |TAMS 0x000000070bc00000, 0x000000070bc00000| Untracked 
|  56|0x000000070be00000, 0x000000070be00000, 0x000000070c000000|  0%| F|  |TAMS 0x000000070be00000, 0x000000070be00000| Untracked 
|  57|0x000000070c000000, 0x000000070c000000, 0x000000070c200000|  0%| F|  |TAMS 0x000000070c000000, 0x000000070c000000| Untracked 
|  58|0x000000070c200000, 0x000000070c200000, 0x000000070c400000|  0%| F|  |TAMS 0x000000070c200000, 0x000000070c200000| Untracked 
|  59|0x000000070c400000, 0x000000070c400000, 0x000000070c600000|  0%| F|  |TAMS 0x000000070c400000, 0x000000070c400000| Untracked 
|  60|0x000000070c600000, 0x000000070c600000, 0x000000070c800000|  0%| F|  |TAMS 0x000000070c600000, 0x000000070c600000| Untracked 
|  61|0x000000070c800000, 0x000000070c800000, 0x000000070ca00000|  0%| F|  |TAMS 0x000000070c800000, 0x000000070c800000| Untracked 
|  62|0x000000070ca00000, 0x000000070ca00000, 0x000000070cc00000|  0%| F|  |TAMS 0x000000070ca00000, 0x000000070ca00000| Untracked 
|  63|0x000000070cc00000, 0x000000070cc00000, 0x000000070ce00000|  0%| F|  |TAMS 0x000000070cc00000, 0x000000070cc00000| Untracked 
|  64|0x000000070ce00000, 0x000000070ce00000, 0x000000070d000000|  0%| F|  |TAMS 0x000000070ce00000, 0x000000070ce00000| Untracked 
|  65|0x000000070d000000, 0x000000070d000000, 0x000000070d200000|  0%| F|  |TAMS 0x000000070d000000, 0x000000070d000000| Untracked 
|  66|0x000000070d200000, 0x000000070d200000, 0x000000070d400000|  0%| F|  |TAMS 0x000000070d200000, 0x000000070d200000| Untracked 
|  67|0x000000070d400000, 0x000000070d400000, 0x000000070d600000|  0%| F|  |TAMS 0x000000070d400000, 0x000000070d400000| Untracked 
|  68|0x000000070d600000, 0x000000070d600000, 0x000000070d800000|  0%| F|  |TAMS 0x000000070d600000, 0x000000070d600000| Untracked 
|  69|0x000000070d800000, 0x000000070d800000, 0x000000070da00000|  0%| F|  |TAMS 0x000000070d800000, 0x000000070d800000| Untracked 
|  70|0x000000070da00000, 0x000000070da00000, 0x000000070dc00000|  0%| F|  |TAMS 0x000000070da00000, 0x000000070da00000| Untracked 
|  71|0x000000070dc00000, 0x000000070dc00000, 0x000000070de00000|  0%| F|  |TAMS 0x000000070dc00000, 0x000000070dc00000| Untracked 
|  72|0x000000070de00000, 0x000000070de00000, 0x000000070e000000|  0%| F|  |TAMS 0x000000070de00000, 0x000000070de00000| Untracked 
|  73|0x000000070e000000, 0x000000070e000000, 0x000000070e200000|  0%| F|  |TAMS 0x000000070e000000, 0x000000070e000000| Untracked 
|  74|0x000000070e200000, 0x000000070e200000, 0x000000070e400000|  0%| F|  |TAMS 0x000000070e200000, 0x000000070e200000| Untracked 
|  75|0x000000070e400000, 0x000000070e400000, 0x000000070e600000|  0%| F|  |TAMS 0x000000070e400000, 0x000000070e400000| Untracked 
|  76|0x000000070e600000, 0x000000070e600000, 0x000000070e800000|  0%| F|  |TAMS 0x000000070e600000, 0x000000070e600000| Untracked 
|  77|0x000000070e800000, 0x000000070e800000, 0x000000070ea00000|  0%| F|  |TAMS 0x000000070e800000, 0x000000070e800000| Untracked 
|  78|0x000000070ea00000, 0x000000070ea00000, 0x000000070ec00000|  0%| F|  |TAMS 0x000000070ea00000, 0x000000070ea00000| Untracked 
|  79|0x000000070ec00000, 0x000000070ec00000, 0x000000070ee00000|  0%| F|  |TAMS 0x000000070ec00000, 0x000000070ec00000| Untracked 
|  80|0x000000070ee00000, 0x000000070ee00000, 0x000000070f000000|  0%| F|  |TAMS 0x000000070ee00000, 0x000000070ee00000| Untracked 
|  81|0x000000070f000000, 0x000000070f000000, 0x000000070f200000|  0%| F|  |TAMS 0x000000070f000000, 0x000000070f000000| Untracked 
|  82|0x000000070f200000, 0x000000070f200000, 0x000000070f400000|  0%| F|  |TAMS 0x000000070f200000, 0x000000070f200000| Untracked 
|  83|0x000000070f400000, 0x000000070f400000, 0x000000070f600000|  0%| F|  |TAMS 0x000000070f400000, 0x000000070f400000| Untracked 
|  84|0x000000070f600000, 0x000000070f600000, 0x000000070f800000|  0%| F|  |TAMS 0x000000070f600000, 0x000000070f600000| Untracked 
|  85|0x000000070f800000, 0x000000070f800000, 0x000000070fa00000|  0%| F|  |TAMS 0x000000070f800000, 0x000000070f800000| Untracked 
|  86|0x000000070fa00000, 0x000000070fa00000, 0x000000070fc00000|  0%| F|  |TAMS 0x000000070fa00000, 0x000000070fa00000| Untracked 
|  87|0x000000070fc00000, 0x000000070fc00000, 0x000000070fe00000|  0%| F|  |TAMS 0x000000070fc00000, 0x000000070fc00000| Untracked 
|  88|0x000000070fe00000, 0x000000070fe00000, 0x0000000710000000|  0%| F|  |TAMS 0x000000070fe00000, 0x000000070fe00000| Untracked 
|  89|0x0000000710000000, 0x0000000710000000, 0x0000000710200000|  0%| F|  |TAMS 0x0000000710000000, 0x0000000710000000| Untracked 
|  90|0x0000000710200000, 0x0000000710200000, 0x0000000710400000|  0%| F|  |TAMS 0x0000000710200000, 0x0000000710200000| Untracked 
|  91|0x0000000710400000, 0x0000000710400000, 0x0000000710600000|  0%| F|  |TAMS 0x0000000710400000, 0x0000000710400000| Untracked 
|  92|0x0000000710600000, 0x0000000710600000, 0x0000000710800000|  0%| F|  |TAMS 0x0000000710600000, 0x0000000710600000| Untracked 
|  93|0x0000000710800000, 0x0000000710800000, 0x0000000710a00000|  0%| F|  |TAMS 0x0000000710800000, 0x0000000710800000| Untracked 
|  94|0x0000000710a00000, 0x0000000710a00000, 0x0000000710c00000|  0%| F|  |TAMS 0x0000000710a00000, 0x0000000710a00000| Untracked 
|  95|0x0000000710c00000, 0x0000000710c00000, 0x0000000710e00000|  0%| F|  |TAMS 0x0000000710c00000, 0x0000000710c00000| Untracked 
|  96|0x0000000710e00000, 0x0000000710e00000, 0x0000000711000000|  0%| F|  |TAMS 0x0000000710e00000, 0x0000000710e00000| Untracked 
|  97|0x0000000711000000, 0x0000000711000000, 0x0000000711200000|  0%| F|  |TAMS 0x0000000711000000, 0x0000000711000000| Untracked 
|  98|0x0000000711200000, 0x0000000711200000, 0x0000000711400000|  0%| F|  |TAMS 0x0000000711200000, 0x0000000711200000| Untracked 
|  99|0x0000000711400000, 0x0000000711400000, 0x0000000711600000|  0%| F|  |TAMS 0x0000000711400000, 0x0000000711400000| Untracked 
| 100|0x0000000711600000, 0x0000000711600000, 0x0000000711800000|  0%| F|  |TAMS 0x0000000711600000, 0x0000000711600000| Untracked 
| 101|0x0000000711800000, 0x0000000711800000, 0x0000000711a00000|  0%| F|  |TAMS 0x0000000711800000, 0x0000000711800000| Untracked 
| 102|0x0000000711a00000, 0x0000000711a00000, 0x0000000711c00000|  0%| F|  |TAMS 0x0000000711a00000, 0x0000000711a00000| Untracked 
| 103|0x0000000711c00000, 0x0000000711c00000, 0x0000000711e00000|  0%| F|  |TAMS 0x0000000711c00000, 0x0000000711c00000| Untracked 
| 104|0x0000000711e00000, 0x0000000711e00000, 0x0000000712000000|  0%| F|  |TAMS 0x0000000711e00000, 0x0000000711e00000| Untracked 
| 105|0x0000000712000000, 0x0000000712000000, 0x0000000712200000|  0%| F|  |TAMS 0x0000000712000000, 0x0000000712000000| Untracked 
| 106|0x0000000712200000, 0x0000000712200000, 0x0000000712400000|  0%| F|  |TAMS 0x0000000712200000, 0x0000000712200000| Untracked 
| 107|0x0000000712400000, 0x0000000712400000, 0x0000000712600000|  0%| F|  |TAMS 0x0000000712400000, 0x0000000712400000| Untracked 
| 108|0x0000000712600000, 0x0000000712600000, 0x0000000712800000|  0%| F|  |TAMS 0x0000000712600000, 0x0000000712600000| Untracked 
| 109|0x0000000712800000, 0x0000000712800000, 0x0000000712a00000|  0%| F|  |TAMS 0x0000000712800000, 0x0000000712800000| Untracked 
| 110|0x0000000712a00000, 0x0000000712a00000, 0x0000000712c00000|  0%| F|  |TAMS 0x0000000712a00000, 0x0000000712a00000| Untracked 
| 111|0x0000000712c00000, 0x0000000712c00000, 0x0000000712e00000|  0%| F|  |TAMS 0x0000000712c00000, 0x0000000712c00000| Untracked 
| 112|0x0000000712e00000, 0x0000000712e00000, 0x0000000713000000|  0%| F|  |TAMS 0x0000000712e00000, 0x0000000712e00000| Untracked 
| 113|0x0000000713000000, 0x0000000713000000, 0x0000000713200000|  0%| F|  |TAMS 0x0000000713000000, 0x0000000713000000| Untracked 
| 114|0x0000000713200000, 0x0000000713200000, 0x0000000713400000|  0%| F|  |TAMS 0x0000000713200000, 0x0000000713200000| Untracked 
| 115|0x0000000713400000, 0x0000000713400000, 0x0000000713600000|  0%| F|  |TAMS 0x0000000713400000, 0x0000000713400000| Untracked 
| 116|0x0000000713600000, 0x0000000713600000, 0x0000000713800000|  0%| F|  |TAMS 0x0000000713600000, 0x0000000713600000| Untracked 
| 117|0x0000000713800000, 0x0000000713800000, 0x0000000713a00000|  0%| F|  |TAMS 0x0000000713800000, 0x0000000713800000| Untracked 
| 118|0x0000000713a00000, 0x0000000713a00000, 0x0000000713c00000|  0%| F|  |TAMS 0x0000000713a00000, 0x0000000713a00000| Untracked 
| 119|0x0000000713c00000, 0x0000000713deb680, 0x0000000713e00000| 95%| S|CS|TAMS 0x0000000713c00000, 0x0000000713c00000| Complete 
| 120|0x0000000713e00000, 0x0000000713ff8178, 0x0000000714000000| 98%| E|  |TAMS 0x0000000713e00000, 0x0000000713e00000| Complete 
| 121|0x0000000714000000, 0x0000000714200000, 0x0000000714200000|100%| E|CS|TAMS 0x0000000714000000, 0x0000000714000000| Complete 
| 122|0x0000000714200000, 0x0000000714400000, 0x0000000714400000|100%| E|CS|TAMS 0x0000000714200000, 0x0000000714200000| Complete 
| 123|0x0000000714400000, 0x0000000714600000, 0x0000000714600000|100%| E|CS|TAMS 0x0000000714400000, 0x0000000714400000| Complete 
| 124|0x0000000714600000, 0x0000000714800000, 0x0000000714800000|100%| E|CS|TAMS 0x0000000714600000, 0x0000000714600000| Complete 
| 125|0x0000000714800000, 0x0000000714a00000, 0x0000000714a00000|100%| E|CS|TAMS 0x0000000714800000, 0x0000000714800000| Complete 

Card table byte_map: [0x000001ee73910000,0x000001ee740f0000] _byte_map_base: 0x000001ee700e9000

Marking Bits (Prev, Next): (CMBitMap*) 0x000001ee60cc86d0, (CMBitMap*) 0x000001ee60cc8710
 Prev Bits: [0x000001ee748d0000, 0x000001ee78798000)
 Next Bits: [0x000001ee787a0000, 0x000001ee7c668000)

Polling page: 0x000001ee5eb10000

Metaspace:

Usage:
  Non-class:     10.03 MB used.
      Class:      1.20 MB used.
       Both:     11.23 MB used.

Virtual space:
  Non-class space:       16.00 MB reserved,      10.06 MB ( 63%) committed,  2 nodes.
      Class space:        1.00 GB reserved,       1.25 MB ( <1%) committed,  1 nodes.
             Both:        1.02 GB reserved,      11.31 MB (  1%) committed. 

Chunk freelists:
   Non-Class:  1.00 MB
       Class:  2.56 MB
        Both:  3.56 MB

MaxMetaspaceSize: unlimited
CompressedClassSpaceSize: 1.00 GB
Initial GC threshold: 21.00 MB
Current GC threshold: 21.00 MB
CDS: off
MetaspaceReclaimPolicy: balanced
 - commit_granule_bytes: 65536.
 - commit_granule_words: 8192.
 - virtual_space_node_default_size: 1048576.
 - enlarge_chunks_in_place: 1.
 - new_chunks_are_fully_committed: 0.
 - uncommit_free_chunks: 1.
 - use_allocation_guard: 0.
 - handle_deallocations: 1.


Internal statistics:

num_allocs_failed_limit: 0.
num_arena_births: 44.
num_arena_deaths: 0.
num_vsnodes_births: 3.
num_vsnodes_deaths: 0.
num_space_committed: 181.
num_space_uncommitted: 0.
num_chunks_returned_to_freelist: 0.
num_chunks_taken_from_freelist: 162.
num_chunk_merges: 0.
num_chunk_splits: 97.
num_chunks_enlarged: 79.
num_purges: 0.
num_inconsistent_stats: 0.

CodeHeap 'non-profiled nmethods': size=120000Kb used=330Kb max_used=330Kb free=119669Kb
 bounds [0x000001ee6bc00000, 0x000001ee6be70000, 0x000001ee73130000]
CodeHeap 'profiled nmethods': size=120000Kb used=1584Kb max_used=1584Kb free=118415Kb
 bounds [0x000001ee64130000, 0x000001ee643a0000, 0x000001ee6b660000]
CodeHeap 'non-nmethods': size=5760Kb used=1129Kb max_used=1158Kb free=4630Kb
 bounds [0x000001ee6b660000, 0x000001ee6b8d0000, 0x000001ee6bc00000]
 total_blobs=1253 nmethods=839 adapters=327
 compilation: enabled
              stopped_count=0, restarted_count=0
 full_count=0

Compilation events (20 events):
Event: 1.523 Thread 0x000001ee7f477270 nmethod 832 0x000001ee642b5c90 code [0x000001ee642b6000, 0x000001ee642b72d8]
Event: 1.523 Thread 0x000001ee7f477270  838       3       java.util.WeakHashMap::put (160 bytes)
Event: 1.523 Thread 0x000001ee7f474e60 nmethod 816 0x000001ee6bc4ce90 code [0x000001ee6bc4d040, 0x000001ee6bc4d288]
Event: 1.523 Thread 0x000001ee7f474e60  837       4       java.lang.String::startsWith (138 bytes)
Event: 1.524 Thread 0x000001ee7f477270 nmethod 838 0x000001ee642b7990 code [0x000001ee642b7c20, 0x000001ee642b8ca8]
Event: 1.524 Thread 0x000001ee7f477270  833       3       java.lang.ClassLoader::checkCerts (121 bytes)
Event: 1.525 Thread 0x000001ee7f477270 nmethod 833 0x000001ee642b9210 code [0x000001ee642b9500, 0x000001ee642ba368]
Event: 1.525 Thread 0x000001ee7f477270  834       3       java.lang.ClassLoader::defineClassSourceLocation (28 bytes)
Event: 1.526 Thread 0x000001ee7f477270 nmethod 834 0x000001ee642ba910 code [0x000001ee642baae0, 0x000001ee642bae68]
Event: 1.526 Thread 0x000001ee7f477270  835       3       java.lang.ClassLoader::postDefineClass (39 bytes)
Event: 1.526 Thread 0x000001ee7f477270 nmethod 835 0x000001ee642bb010 code [0x000001ee642bb200, 0x000001ee642bb518]
Event: 1.526 Thread 0x000001ee7f477270  836       3       java.lang.ClassLoader::getNamedPackage (73 bytes)
Event: 1.527 Thread 0x000001ee7f477270 nmethod 836 0x000001ee642bb690 code [0x000001ee642bb880, 0x000001ee642bbde8]
Event: 1.529 Thread 0x000001ee007f8080 nmethod 778 0x000001ee6bc4d590 code [0x000001ee6bc4d7e0, 0x000001ee6bc4f260]
Event: 1.530 Thread 0x000001ee007f8080  819   !   4       jdk.internal.loader.URLClassPath$JarLoader::getResource (65 bytes)
Event: 1.531 Thread 0x000001ee7f474e60 nmethod 837 0x000001ee6bc50390 code [0x000001ee6bc50520, 0x000001ee6bc50838]
Event: 1.531 Thread 0x000001ee7f474e60  828       4       java.util.HashMap::get (19 bytes)
Event: 1.542 Thread 0x000001ee7f474e60 nmethod 828 0x000001ee6bc50a10 code [0x000001ee6bc50bc0, 0x000001ee6bc51218]
Event: 1.550 Thread 0x000001ee7f477270  839       3       java.lang.invoke.MemberName::isResolved (13 bytes)
Event: 1.551 Thread 0x000001ee7f477270 nmethod 839 0x000001ee642bc010 code [0x000001ee642bc1a0, 0x000001ee642bc318]

GC Heap History (2 events):
Event: 0.982 GC heap before
{Heap before GC invocations=0 (full 0):
 garbage-first heap   total 258048K, used 14336K [0x0000000704e00000, 0x0000000800000000)
  region size 2048K, 6 young (12288K), 0 survivors (0K)
 Metaspace       used 8329K, committed 8448K, reserved 1056768K
  class space    used 730K, committed 768K, reserved 1048576K
}
Event: 0.988 GC heap after
{Heap after GC invocations=1 (full 0):
 garbage-first heap   total 258048K, used 1965K [0x0000000704e00000, 0x0000000800000000)
  region size 2048K, 1 young (2048K), 1 survivors (2048K)
 Metaspace       used 8329K, committed 8448K, reserved 1056768K
  class space    used 730K, committed 768K, reserved 1048576K
}

Dll operation events (2 events):
Event: 0.017 Loaded shared library C:\Program Files\Android\Android Studio\jbr\bin\java.dll
Event: 0.306 Loaded shared library C:\Program Files\Android\Android Studio\jbr\bin\verify.dll

Deoptimization events (20 events):
Event: 1.375 Thread 0x000001ee60c5caf0 Uncommon trap: trap_request=0xffffff45 fr.pc=0x000001ee6bc1cee0 relative=0x00000000000001c0
Event: 1.375 Thread 0x000001ee60c5caf0 Uncommon trap: reason=unstable_if action=reinterpret pc=0x000001ee6bc1cee0 method=java.util.regex.Matcher.reset()Ljava/util/regex/Matcher; @ 47 c2
Event: 1.375 Thread 0x000001ee60c5caf0 DEOPT PACKING pc=0x000001ee6bc1cee0 sp=0x0000006f97cfd080
Event: 1.375 Thread 0x000001ee60c5caf0 DEOPT UNPACKING pc=0x000001ee6b6b69a3 sp=0x0000006f97cfd008 mode 2
Event: 1.376 Thread 0x000001ee60c5caf0 Uncommon trap: trap_request=0xffffffde fr.pc=0x000001ee6bc1d9f8 relative=0x0000000000000418
Event: 1.376 Thread 0x000001ee60c5caf0 Uncommon trap: reason=class_check action=maybe_recompile pc=0x000001ee6bc1d9f8 method=java.util.regex.Matcher.match(II)Z @ 121 c2
Event: 1.376 Thread 0x000001ee60c5caf0 DEOPT PACKING pc=0x000001ee6bc1d9f8 sp=0x0000006f97cfd0d0
Event: 1.376 Thread 0x000001ee60c5caf0 DEOPT UNPACKING pc=0x000001ee6b6b69a3 sp=0x0000006f97cfd078 mode 2
Event: 1.376 Thread 0x000001ee60c5caf0 Uncommon trap: trap_request=0xffffffde fr.pc=0x000001ee6bc1d9f8 relative=0x0000000000000418
Event: 1.376 Thread 0x000001ee60c5caf0 Uncommon trap: reason=class_check action=maybe_recompile pc=0x000001ee6bc1d9f8 method=java.util.regex.Matcher.match(II)Z @ 121 c2
Event: 1.376 Thread 0x000001ee60c5caf0 DEOPT PACKING pc=0x000001ee6bc1d9f8 sp=0x0000006f97cfd0d0
Event: 1.376 Thread 0x000001ee60c5caf0 DEOPT UNPACKING pc=0x000001ee6b6b69a3 sp=0x0000006f97cfd078 mode 2
Event: 1.377 Thread 0x000001ee60c5caf0 Uncommon trap: trap_request=0xffffffde fr.pc=0x000001ee6bc1d9f8 relative=0x0000000000000418
Event: 1.377 Thread 0x000001ee60c5caf0 Uncommon trap: reason=class_check action=maybe_recompile pc=0x000001ee6bc1d9f8 method=java.util.regex.Matcher.match(II)Z @ 121 c2
Event: 1.377 Thread 0x000001ee60c5caf0 DEOPT PACKING pc=0x000001ee6bc1d9f8 sp=0x0000006f97cfcf50
Event: 1.377 Thread 0x000001ee60c5caf0 DEOPT UNPACKING pc=0x000001ee6b6b69a3 sp=0x0000006f97cfcef8 mode 2
Event: 1.377 Thread 0x000001ee60c5caf0 Uncommon trap: trap_request=0xffffffde fr.pc=0x000001ee6bc1d9f8 relative=0x0000000000000418
Event: 1.377 Thread 0x000001ee60c5caf0 Uncommon trap: reason=class_check action=maybe_recompile pc=0x000001ee6bc1d9f8 method=java.util.regex.Matcher.match(II)Z @ 121 c2
Event: 1.377 Thread 0x000001ee60c5caf0 DEOPT PACKING pc=0x000001ee6bc1d9f8 sp=0x0000006f97cfcf50
Event: 1.377 Thread 0x000001ee60c5caf0 DEOPT UNPACKING pc=0x000001ee6b6b69a3 sp=0x0000006f97cfcef8 mode 2

Classes unloaded (0 events):
No events

Classes redefined (0 events):
No events

Internal exceptions (9 events):
Event: 0.535 Thread 0x000001ee60c5caf0 Exception <a 'java/lang/NoSuchMethodError'{0x0000000714716ac0}: 'int java.lang.invoke.DirectMethodHandle$Holder.invokeStaticInit(java.lang.Object, java.lang.Object)'> (0x0000000714716ac0) 
thrown [s\src\hotspot\share\interpreter\linkResolver.cpp, line 771]
Event: 1.386 Thread 0x000001ee60c5caf0 Exception <a 'java/lang/NoSuchMethodError'{0x0000000714147b28}: 'void java.lang.invoke.DirectMethodHandle$Holder.invokeStatic(java.lang.Object, java.lang.Object)'> (0x0000000714147b28) 
thrown [s\src\hotspot\share\interpreter\linkResolver.cpp, line 771]
Event: 1.421 Thread 0x000001ee60c5caf0 Exception <a 'java/lang/NoClassDefFoundError'{0x00000007141ce2a8}: org/slf4j/impl/StaticMarkerBinder> (0x00000007141ce2a8) 
thrown [s\src\hotspot\share\classfile\systemDictionary.cpp, line 245]
Event: 1.460 Thread 0x000001ee60c5caf0 Exception <a 'java/lang/NoSuchMethodError'{0x0000000713e69ae8}: 'java.lang.Object java.lang.invoke.DirectMethodHandle$Holder.invokeVirtual(java.lang.Object, java.lang.Object, java.lang.Object, java.lang.Object, java.lang.Object, java.lang.Object, java.lang.Object)'> (0x0000000713e69ae8) 
thrown [s\src\hotspot\share\interpreter\linkResolver.cpp, line 771]
Event: 1.466 Thread 0x000001ee60c5caf0 Exception <a 'java/lang/NoSuchMethodError'{0x0000000713e7b668}: 'java.lang.Object java.lang.invoke.Invokers$Holder.invoker(java.lang.Object, java.lang.Object, java.lang.Object)'> (0x0000000713e7b668) 
thrown [s\src\hotspot\share\interpreter\linkResolver.cpp, line 771]
Event: 1.470 Thread 0x000001ee60c5caf0 Exception <a 'java/lang/NoSuchMethodError'{0x0000000713e84798}: 'java.lang.Object java.lang.invoke.DirectMethodHandle$Holder.invokeStatic(java.lang.Object, java.lang.Object, int)'> (0x0000000713e84798) 
thrown [s\src\hotspot\share\interpreter\linkResolver.cpp, line 771]
Event: 1.473 Thread 0x000001ee60c5caf0 Exception <a 'java/lang/NoSuchMethodError'{0x0000000713e90488}: 'void java.lang.invoke.DelegatingMethodHandle$Holder.delegate(java.lang.Object, java.lang.Object, int, java.lang.Object)'> (0x0000000713e90488) 
thrown [s\src\hotspot\share\interpreter\linkResolver.cpp, line 771]
Event: 1.474 Thread 0x000001ee60c5caf0 Exception <a 'java/lang/NoSuchMethodError'{0x0000000713e94860}: 'int java.lang.invoke.DirectMethodHandle$Holder.invokeSpecial(java.lang.Object, java.lang.Object, java.lang.Object)'> (0x0000000713e94860) 
thrown [s\src\hotspot\share\interpreter\linkResolver.cpp, line 771]
Event: 1.478 Thread 0x000001ee60c5caf0 Exception <a 'java/lang/NoSuchMethodError'{0x0000000713ea7a18}: 'java.lang.Object java.lang.invoke.Invokers$Holder.invokeExact_MT(java.lang.Object, java.lang.Object, java.lang.Object, java.lang.Object)'> (0x0000000713ea7a18) 
thrown [s\src\hotspot\share\interpreter\linkResolver.cpp, line 771]

VM Operations (8 events):
Event: 0.296 Executing VM operation: HandshakeAllThreads
Event: 0.296 Executing VM operation: HandshakeAllThreads done
Event: 0.982 Executing VM operation: G1CollectForAllocation
Event: 0.989 Executing VM operation: G1CollectForAllocation done
Event: 1.221 Executing VM operation: HandshakeAllThreads
Event: 1.221 Executing VM operation: HandshakeAllThreads done
Event: 1.469 Executing VM operation: HandshakeAllThreads
Event: 1.469 Executing VM operation: HandshakeAllThreads done

Events (20 events):
Event: 1.547 loading class java/util/concurrent/ScheduledFuture
Event: 1.547 loading class java/util/concurrent/Delayed
Event: 1.547 loading class java/util/concurrent/Delayed done
Event: 1.547 loading class java/util/concurrent/ScheduledFuture done
Event: 1.547 loading class java/util/concurrent/RunnableScheduledFuture done
Event: 1.547 loading class java/util/concurrent/Executors$DefaultThreadFactory
Event: 1.547 loading class java/util/concurrent/Executors$DefaultThreadFactory done
Event: 1.549 loading class java/util/concurrent/ScheduledThreadPoolExecutor$ScheduledFutureTask
Event: 1.549 loading class java/util/concurrent/FutureTask
Event: 1.549 loading class java/util/concurrent/FutureTask done
Event: 1.549 loading class java/util/concurrent/ScheduledThreadPoolExecutor$ScheduledFutureTask done
Event: 1.550 loading class java/lang/invoke/VarHandleInts$FieldInstanceReadWrite
Event: 1.550 loading class java/lang/invoke/VarHandleInts$FieldInstanceReadOnly
Event: 1.550 loading class java/lang/invoke/VarHandleInts$FieldInstanceReadOnly done
Event: 1.550 loading class java/lang/invoke/VarHandleInts$FieldInstanceReadWrite done
Event: 1.550 loading class java/util/concurrent/FutureTask$WaitNode
Event: 1.550 loading class java/util/concurrent/FutureTask$WaitNode done
Event: 1.550 loading class java/util/concurrent/Executors$RunnableAdapter
Event: 1.550 loading class java/util/concurrent/Executors$RunnableAdapter done
Event: 1.551 loading class java/util/concurrent/ThreadPoolExecutor$Worker


Dynamic libraries:
0x00007ff6cc0d0000 - 0x00007ff6cc0da000 	C:\Program Files\Android\Android Studio\jbr\bin\java.exe
0x00007ff909bf0000 - 0x00007ff909de8000 	C:\Windows\SYSTEM32\ntdll.dll
0x00007ff909a80000 - 0x00007ff909b3f000 	C:\Windows\System32\KERNEL32.DLL
0x00007ff9078e0000 - 0x00007ff907bd6000 	C:\Windows\System32\KERNELBASE.dll
0x00007ff9077b0000 - 0x00007ff9078b0000 	C:\Windows\System32\ucrtbase.dll
0x00007ff900190000 - 0x00007ff9001a7000 	C:\Program Files\Android\Android Studio\jbr\bin\jli.dll
0x00007ff9092c0000 - 0x00007ff90945d000 	C:\Windows\System32\USER32.dll
0x00007ff9072d0000 - 0x00007ff9072f2000 	C:\Windows\System32\win32u.dll
0x00007ff9080c0000 - 0x00007ff9080ec000 	C:\Windows\System32\GDI32.dll
0x00007ff907440000 - 0x00007ff907555000 	C:\Windows\System32\gdi32full.dll
0x00007ff907560000 - 0x00007ff9075fd000 	C:\Windows\System32\msvcp_win.dll
0x00007ff8fe560000 - 0x00007ff8fe57b000 	C:\Program Files\Android\Android Studio\jbr\bin\VCRUNTIME140.dll
0x00007ff8ebdb0000 - 0x00007ff8ec04a000 	C:\Windows\WinSxS\amd64_microsoft.windows.common-controls_6595b64144ccf1df_6.0.19041.1110_none_60b5254171f9507e\COMCTL32.dll
0x00007ff907dc0000 - 0x00007ff907e5e000 	C:\Windows\System32\msvcrt.dll
0x00007ff909560000 - 0x00007ff909590000 	C:\Windows\System32\IMM32.DLL
0x00007ff900c80000 - 0x00007ff900c8c000 	C:\Program Files\Android\Android Studio\jbr\bin\vcruntime140_1.dll
0x00007ff8fe4d0000 - 0x00007ff8fe55d000 	C:\Program Files\Android\Android Studio\jbr\bin\msvcp140.dll
0x00007ff8b0e10000 - 0x00007ff8b1a7d000 	C:\Program Files\Android\Android Studio\jbr\bin\server\jvm.dll
0x00007ff907e60000 - 0x00007ff907f0f000 	C:\Windows\System32\ADVAPI32.dll
0x00007ff909460000 - 0x00007ff9094fc000 	C:\Windows\System32\sechost.dll
0x00007ff9095f0000 - 0x00007ff909716000 	C:\Windows\System32\RPCRT4.dll
0x00007ff8ec6e0000 - 0x00007ff8ec6e9000 	C:\Windows\SYSTEM32\WSOCK32.dll
0x00007ff909b40000 - 0x00007ff909bab000 	C:\Windows\System32\WS2_32.dll
0x00007ff8f6650000 - 0x00007ff8f6677000 	C:\Windows\SYSTEM32\WINMM.dll
0x00007ff8fb080000 - 0x00007ff8fb08a000 	C:\Windows\SYSTEM32\VERSION.dll
0x00007ff9051d0000 - 0x00007ff9051e2000 	C:\Windows\SYSTEM32\kernel.appcore.dll
0x00007ff9001b0000 - 0x00007ff9001ba000 	C:\Program Files\Android\Android Studio\jbr\bin\jimage.dll
0x00007ff904a60000 - 0x00007ff904c44000 	C:\Windows\SYSTEM32\DBGHELP.DLL
0x00007ff8f4030000 - 0x00007ff8f4064000 	C:\Windows\SYSTEM32\dbgcore.DLL
0x00007ff907300000 - 0x00007ff907382000 	C:\Windows\System32\bcryptPrimitives.dll
0x00007ff8f3b40000 - 0x00007ff8f3b65000 	C:\Program Files\Android\Android Studio\jbr\bin\java.dll
0x00007ff8f5040000 - 0x00007ff8f5058000 	C:\Program Files\Android\Android Studio\jbr\bin\zip.dll
0x00007ff908270000 - 0x00007ff9089b4000 	C:\Windows\System32\SHELL32.dll
0x00007ff905360000 - 0x00007ff905af4000 	C:\Windows\SYSTEM32\windows.storage.dll
0x00007ff909720000 - 0x00007ff909a74000 	C:\Windows\System32\combase.dll
0x00007ff906ca0000 - 0x00007ff906cce000 	C:\Windows\SYSTEM32\Wldp.dll
0x00007ff908100000 - 0x00007ff9081ad000 	C:\Windows\System32\SHCORE.dll
0x00007ff909590000 - 0x00007ff9095e5000 	C:\Windows\System32\shlwapi.dll
0x00007ff907200000 - 0x00007ff907225000 	C:\Windows\SYSTEM32\profapi.dll
0x00007ff8f3a70000 - 0x00007ff8f3a89000 	C:\Program Files\Android\Android Studio\jbr\bin\net.dll
0x00007ff8f6fe0000 - 0x00007ff8f70ea000 	C:\Windows\SYSTEM32\WINHTTP.dll
0x00007ff9069a0000 - 0x00007ff906a0a000 	C:\Windows\system32\mswsock.dll
0x00007ff8ee6a0000 - 0x00007ff8ee6b6000 	C:\Program Files\Android\Android Studio\jbr\bin\nio.dll
0x00007ff8fe580000 - 0x00007ff8fe590000 	C:\Program Files\Android\Android Studio\jbr\bin\verify.dll
0x00007ff901920000 - 0x00007ff901947000 	C:\Users\Youssef\.gradle\native\e1d6ef7f7dcc3fd88c89a11ec53ec762bb8ba0a96d01ffa2cd45eb1d1d8dd5c5\windows-amd64\native-platform.dll

dbghelp: loaded successfully - version: 4.0.5 - missing functions: none
symbol engine: initialized successfully - sym options: 0x614 - pdb path: .;C:\Program Files\Android\Android Studio\jbr\bin;C:\Windows\SYSTEM32;C:\Windows\WinSxS\amd64_microsoft.windows.common-controls_6595b64144ccf1df_6.0.19041.1110_none_60b5254171f9507e;C:\Program Files\Android\Android Studio\jbr\bin\server;C:\Users\Youssef\.gradle\native\e1d6ef7f7dcc3fd88c89a11ec53ec762bb8ba0a96d01ffa2cd45eb1d1d8dd5c5\windows-amd64

VM Arguments:
jvm_args: -Dorg.gradle.appname=gradlew 
java_command: org.gradle.wrapper.GradleWrapperMain -q -Ptarget-platform=android-arm64 -Ptarget=D:\flutter projects\jobsque-main\lib\main.dart -Pbase-application-name=android.app.Application -Pdart-defines=Zmx1dHRlci5pbnNwZWN0b3Iuc3RydWN0dXJlZEVycm9ycz10cnVl,RkxVVFRFUl9XRUJfQVVUT19ERVRFQ1Q9dHJ1ZQ==,RkxVVFRFUl9XRUJfQ0FOVkFTS0lUX1VSTD1odHRwczovL3d3dy5nc3RhdGljLmNvbS9mbHV0dGVyLWNhbnZhc2tpdC9jZGJlZGE3ODhhMjkzZmEyOTY2NWRjM2ZhM2Q2ZTYzYmQyMjFjYjBkLw== -Pdart-obfuscation=false -Ptrack-widget-creation=true -Ptree-shake-icons=false -Pfilesystem-scheme=org-dartlang-root assembleDebug
java_class_path (initial): D:\flutter projects\jobsque-main\android\\gradle\wrapper\gradle-wrapper.jar
Launcher Type: SUN_STANDARD

[Global flags]
     intx CICompilerCount                          = 3                                         {product} {ergonomic}
     uint ConcGCThreads                            = 1                                         {product} {ergonomic}
     uint G1ConcRefinementThreads                  = 4                                         {product} {ergonomic}
   size_t G1HeapRegionSize                         = 2097152                                   {product} {ergonomic}
    uintx GCDrainStackTargetSize                   = 64                                        {product} {ergonomic}
   size_t InitialHeapSize                          = 264241152                                 {product} {ergonomic}
   size_t MarkStackSize                            = 4194304                                   {product} {ergonomic}
   size_t MaxHeapSize                              = 4213178368                                {product} {ergonomic}
   size_t MaxNewSize                               = 2527068160                                {product} {ergonomic}
   size_t MinHeapDeltaBytes                        = 2097152                                   {product} {ergonomic}
   size_t MinHeapSize                              = 8388608                                   {product} {ergonomic}
    uintx NonNMethodCodeHeapSize                   = 5832780                                {pd product} {ergonomic}
    uintx NonProfiledCodeHeapSize                  = 122912730                              {pd product} {ergonomic}
    uintx ProfiledCodeHeapSize                     = 122912730                              {pd product} {ergonomic}
    uintx ReservedCodeCacheSize                    = 251658240                              {pd product} {ergonomic}
     bool SegmentedCodeCache                       = true                                      {product} {ergonomic}
   size_t SoftMaxHeapSize                          = 4213178368                             {manageable} {ergonomic}
     bool UseCompressedClassPointers               = true                           {product lp64_product} {ergonomic}
     bool UseCompressedOops                        = true                           {product lp64_product} {ergonomic}
     bool UseG1GC                                  = true                                      {product} {ergonomic}
     bool UseLargePagesIndividualAllocation        = false                                  {pd product} {ergonomic}

Logging:
Log output configuration:
 #0: stdout all=warning uptime,level,tags
 #1: stderr all=off uptime,level,tags

Environment Variables:
JAVA_HOME=C:\Program Files\Android\Android Studio\jbr
CLASSPATH=D:\flutter projects\jobsque-main\android\\gradle\wrapper\gradle-wrapper.jar
PATH=C:\Program Files\Common Files\Oracle\Java\javapath;C:\Program Files (x86)\Common Files\Oracle\Java\javapath;C:\Program Files (x86)\NVIDIA Corporation\PhysX\Common;C:\Windows\system32;C:\Windows;C:\Windows\System32\Wbem;C:\Windows\System32\WindowsPowerShell\v1.0\;C:\Windows\System32\OpenSSH\;C:\Program Files\dotnet\;C:\Program Files\Git\cmd;C:\Program Files\Java\jdk-19\bin;C:\gradle-8.2\bin;C:\Users\Youssef\AppData\Local\Microsoft\WindowsApps;D:\programing\flutter\bin;D:\programing\dart\bin;C:\Users\Youssef\AppData\Local\GitHubDesktop\bin;C:\Program Files\Java\jdk-19\bin;C:\gradle-8.2\bin;C:\Users\Youssef\AppData\Local\Programs\Microsoft VS Code\bin;;D:\programing\flutter\bin\mingit\cmd
USERNAME=Youssef
OS=Windows_NT
PROCESSOR_IDENTIFIER=Intel64 Family 6 Model 78 Stepping 3, GenuineIntel
TMP=C:\Users\Youssef\AppData\Local\Temp
TEMP=C:\Users\Youssef\AppData\Local\Temp



---------------  S Y S T E M  ---------------

OS:
 Windows 10 , 64 bit Build 19041 (10.0.19041.3155)
OS uptime: 2 days 10:27 hours

CPU: total 4 (initial active 4) (2 cores per cpu, 2 threads per core) family 6 model 78 stepping 3 microcode 0xcc, cx8, cmov, fxsr, ht, mmx, 3dnowpref, sse, sse2, sse3, ssse3, sse4.1, sse4.2, popcnt, lzcnt, tsc, tscinvbit, avx, avx2, aes, erms, clmul, bmi1, bmi2, rtm, adx, fma, vzeroupper, clflush, clflushopt

Memory: 4k page, system-wide physical 16065M (1524M free)
TotalPageFile size 18113M (AvailPageFile size 209M)
current process WorkingSet (physical memory assigned to process): 70M, peak: 70M
current process commit charge ("private bytes"): 345M, peak: 345M

vm_info: OpenJDK 64-Bit Server VM (17.0.6+0-b2043.56-9586694) for windows-amd64 JRE (17.0.6+0-b2043.56-9586694), built on Feb  9 2023 20:06:20 by "androidbuild" with MS VC++ 16.10 / 16.11 (VS2019)

END.
